# JRE version: Java(TM) SE Runtime Environment (8.0_181-b13) (build 1.8.0_181-b13)
# Java VM: Java HotSpot(TM) 64-Bit Server VM (25.181-b13 mixed mode windows-amd64 compressed oops)
Heap:
 PSYoungGen      total 141824K, used 83599K [0x00000000da180000, 0x00000000e3680000, 0x0000000100000000)
  eden space 131072K, 63% used [0x00000000da180000,0x00000000df323d28,0x00000000e2180000)
  from space 10752K, 0% used [0x00000000e2c00000,0x00000000e2c00000,0x00000000e3680000)
  to   space 10752K, 0% used [0x00000000e2180000,0x00000000e2180000,0x00000000e2c00000)
 ParOldGen       total 112128K, used 13136K [0x000000008e400000, 0x0000000095180000, 0x00000000da180000)
  object space 112128K, 11% used [0x000000008e400000,0x000000008f0d4020,0x0000000095180000)
 Metaspace       used 27836K, capacity 28362K, committed 28416K, reserved 1075200K
  class space    used 3391K, capacity 3584K, committed 3584K, reserved 1048576K
GC Heap History (10 events):
Event: 1.167 GC heap before
{Heap before GC invocations=1 (full 0):
 PSYoungGen      total 76288K, used 65536K [0x00000000da180000, 0x00000000df680000, 0x0000000100000000)
  eden space 65536K, 100% used [0x00000000da180000,0x00000000de180000,0x00000000de180000)
  from space 10752K, 0% used [0x00000000dec00000,0x00000000dec00000,0x00000000df680000)
  to   space 10752K, 0% used [0x00000000de180000,0x00000000de180000,0x00000000dec00000)
 ParOldGen       total 175104K, used 0K [0x000000008e400000, 0x0000000098f00000, 0x00000000da180000)
  object space 175104K, 0% used [0x000000008e400000,0x000000008e400000,0x0000000098f00000)
 Metaspace       used 9943K, capacity 10086K, committed 10496K, reserved 1058816K
  class space    used 1116K, capacity 1169K, committed 1280K, reserved 1048576K
Event: 1.173 GC heap after
Heap after GC invocations=1 (full 0):
 PSYoungGen      total 76288K, used 7104K [0x00000000da180000, 0x00000000df680000, 0x0000000100000000)
  eden space 65536K, 0% used [0x00000000da180000,0x00000000da180000,0x00000000de180000)
  from space 10752K, 66% used [0x00000000de180000,0x00000000de870398,0x00000000dec00000)
  to   space 10752K, 0% used [0x00000000dec00000,0x00000000dec00000,0x00000000df680000)
 ParOldGen       total 175104K, used 16K [0x000000008e400000, 0x0000000098f00000, 0x00000000da180000)
  object space 175104K, 0% used [0x000000008e400000,0x000000008e404000,0x0000000098f00000)
 Metaspace       used 9943K, capacity 10086K, committed 10496K, reserved 1058816K
  class space    used 1116K, capacity 1169K, committed 1280K, reserved 1048576K
}
Event: 2.080 GC heap before
{Heap before GC invocations=2 (full 0):
 PSYoungGen      total 76288K, used 72640K [0x00000000da180000, 0x00000000df680000, 0x0000000100000000)
  eden space 65536K, 100% used [0x00000000da180000,0x00000000de180000,0x00000000de180000)
  from space 10752K, 66% used [0x00000000de180000,0x00000000de870398,0x00000000dec00000)
  to   space 10752K, 0% used [0x00000000dec00000,0x00000000dec00000,0x00000000df680000)
 ParOldGen       total 175104K, used 16K [0x000000008e400000, 0x0000000098f00000, 0x00000000da180000)
  object space 175104K, 0% used [0x000000008e400000,0x000000008e404000,0x0000000098f00000)
 Metaspace       used 18470K, capacity 18740K, committed 19200K, reserved 1067008K
  class space    used 2095K, capacity 2200K, committed 2304K, reserved 1048576K
Event: 2.091 GC heap after
Heap after GC invocations=2 (full 0):
 PSYoungGen      total 76288K, used 10466K [0x00000000da180000, 0x00000000df680000, 0x0000000100000000)
  eden space 65536K, 0% used [0x00000000da180000,0x00000000da180000,0x00000000de180000)
  from space 10752K, 97% used [0x00000000dec00000,0x00000000df6388d0,0x00000000df680000)
  to   space 10752K, 0% used [0x00000000de180000,0x00000000de180000,0x00000000dec00000)
 ParOldGen       total 175104K, used 24K [0x000000008e400000, 0x0000000098f00000, 0x00000000da180000)
  object space 175104K, 0% used [0x000000008e400000,0x000000008e406000,0x0000000098f00000)
 Metaspace       used 18470K, capacity 18740K, committed 19200K, reserved 1067008K
  class space    used 2095K, capacity 2200K, committed 2304K, reserved 1048576K
}
Event: 2.663 GC heap before
{Heap before GC invocations=3 (full 0):
 PSYoungGen      total 76288K, used 76002K [0x00000000da180000, 0x00000000df680000, 0x0000000100000000)
  eden space 65536K, 100% used [0x00000000da180000,0x00000000de180000,0x00000000de180000)
  from space 10752K, 97% used [0x00000000dec00000,0x00000000df6388d0,0x00000000df680000)
  to   space 10752K, 0% used [0x00000000de180000,0x00000000de180000,0x00000000dec00000)
 ParOldGen       total 175104K, used 24K [0x000000008e400000, 0x0000000098f00000, 0x00000000da180000)
  object space 175104K, 0% used [0x000000008e400000,0x000000008e406000,0x0000000098f00000)
 Metaspace       used 20291K, capacity 20574K, committed 20864K, reserved 1067008K
  class space    used 2257K, capacity 2364K, committed 2432K, reserved 1048576K
Event: 2.679 GC heap after
Heap after GC invocations=3 (full 0):
 PSYoungGen      total 76288K, used 10216K [0x00000000da180000, 0x00000000e3680000, 0x0000000100000000)
  eden space 65536K, 0% used [0x00000000da180000,0x00000000da180000,0x00000000de180000)
  from space 10752K, 95% used [0x00000000de180000,0x00000000deb7a0f0,0x00000000dec00000)
  to   space 10752K, 0% used [0x00000000e2c00000,0x00000000e2c00000,0x00000000e3680000)
 ParOldGen       total 175104K, used 32K [0x000000008e400000, 0x0000000098f00000, 0x00000000da180000)
  object space 175104K, 0% used [0x000000008e400000,0x000000008e408000,0x0000000098f00000)
 Metaspace       used 20291K, capacity 20574K, committed 20864K, reserved 1067008K
  class space    used 2257K, capacity 2364K, committed 2432K, reserved 1048576K
}
Event: 2.882 GC heap before
{Heap before GC invocations=4 (full 0):
 PSYoungGen      total 76288K, used 35033K [0x00000000da180000, 0x00000000e3680000, 0x0000000100000000)
  eden space 65536K, 37% used [0x00000000da180000,0x00000000db9bc340,0x00000000de180000)
  from space 10752K, 95% used [0x00000000de180000,0x00000000deb7a0f0,0x00000000dec00000)
  to   space 10752K, 0% used [0x00000000e2c00000,0x00000000e2c00000,0x00000000e3680000)
 ParOldGen       total 175104K, used 32K [0x000000008e400000, 0x0000000098f00000, 0x00000000da180000)
  object space 175104K, 0% used [0x000000008e400000,0x000000008e408000,0x0000000098f00000)
 Metaspace       used 20746K, capacity 20986K, committed 21248K, reserved 1069056K
  class space    used 2326K, capacity 2436K, committed 2560K, reserved 1048576K
Event: 2.900 GC heap after
Heap after GC invocations=4 (full 0):
 PSYoungGen      total 141824K, used 10749K [0x00000000da180000, 0x00000000e3680000, 0x0000000100000000)
  eden space 131072K, 0% used [0x00000000da180000,0x00000000da180000,0x00000000e2180000)
  from space 10752K, 99% used [0x00000000e2c00000,0x00000000e367f548,0x00000000e3680000)
  to   space 10752K, 0% used [0x00000000e2180000,0x00000000e2180000,0x00000000e2c00000)
 ParOldGen       total 175104K, used 2542K [0x000000008e400000, 0x0000000098f00000, 0x00000000da180000)
  object space 175104K, 1% used [0x000000008e400000,0x000000008e67b9a8,0x0000000098f00000)
 Metaspace       used 20746K, capacity 20986K, committed 21248K, reserved 1069056K
  class space    used 2326K, capacity 2436K, committed 2560K, reserved 1048576K
}
Event: 2.900 GC heap before
{Heap before GC invocations=5 (full 1):
 PSYoungGen      total 141824K, used 10749K [0x00000000da180000, 0x00000000e3680000, 0x0000000100000000)
  eden space 131072K, 0% used [0x00000000da180000,0x00000000da180000,0x00000000e2180000)
  from space 10752K, 99% used [0x00000000e2c00000,0x00000000e367f548,0x00000000e3680000)
  to   space 10752K, 0% used [0x00000000e2180000,0x00000000e2180000,0x00000000e2c00000)
 ParOldGen       total 175104K, used 2542K [0x000000008e400000, 0x0000000098f00000, 0x00000000da180000)
  object space 175104K, 1% used [0x000000008e400000,0x000000008e67b9a8,0x0000000098f00000)
 Metaspace       used 20746K, capacity 20986K, committed 21248K, reserved 1069056K
  class space    used 2326K, capacity 2436K, committed 2560K, reserved 1048576K
Event: 2.982 GC heap after
Heap after GC invocations=5 (full 1):
 PSYoungGen      total 141824K, used 0K [0x00000000da180000, 0x00000000e3680000, 0x0000000100000000)
  eden space 131072K, 0% used [0x00000000da180000,0x00000000da180000,0x00000000e2180000)
  from space 10752K, 0% used [0x00000000e2c00000,0x00000000e2c00000,0x00000000e3680000)
  to   space 10752K, 0% used [0x00000000e2180000,0x00000000e2180000,0x00000000e2c00000)
 ParOldGen       total 112128K, used 13136K [0x000000008e400000, 0x0000000095180000, 0x00000000da180000)
  object space 112128K, 11% used [0x000000008e400000,0x000000008f0d4020,0x0000000095180000)
 Metaspace       used 20746K, capacity 20986K, committed 21248K, reserved 1069056K
  class space    used 2326K, capacity 2436K, committed 2560K, reserved 1048576K
}

