<?xml version="1.0" encoding="UTF-8"?>
<testsuites name="Tests" time="1036" tests="68" failures="1" errors="0">
   <testsuite name="Tests" tests="68" failures="1" errors="0" time="1036" timestamp="2019-05-30 12:07:12" hostname="adrian.dobre - BCHOPT-NW100219.emea.corp.ipgnetwork.com" id="Test Suites/GGMP/Tests">
      <properties>
         <property name="deviceName" value=""/>
         <property name="devicePlatform" value=""/>
         <property name="logFolder" value="C:\\Users\\adrian.dobre\\Katalon Studio\\Genuine GM Parts\\Reports\\GGMP\\Tests\\20190530_120708"/>
         <property name="logFiles" value="C:\\Users\\adrian.dobre\\Katalon Studio\\Genuine GM Parts\\Reports\\GGMP\\Tests\\20190530_120708\\execution0.log"/>
         <property name="attachments" value="C:\\Users\\adrian.dobre\\Katalon Studio\\Genuine GM Parts\\Reports\\GGMP\\Tests\\20190530_120708\\1559207445056.png"/>
         <property name="hostName" value="adrian.dobre - BCHOPT-NW100219.emea.corp.ipgnetwork.com"/>
         <property name="os" value="Windows 10 64bit"/>
         <property name="katalonVersion" value="6.1.4.1"/>
         <property name="browser" value="Chrome 74.0.3729.169"/>
         <property name="hostAddress" value="10.69.196.168"/>
         <property name="sessionId" value="b96a74b10b1932a22db5f4e4b4c8d040"/>
         <property name="seleniumVersion" value="3.7.1"/>
         <property name="proxyInformation" value="ProxyInformation{proxyOption=NO_PROXY, proxyServerType=HTTP, password=, proxyServerAddress=, proxyServerPort=0}"/>
         <property name="platform" value="Windows 10"/>
      </properties>
      <testcase name="Test Cases/GGMP/GlobalNav/Collision/Cadillac Repair Network" classname="Test Cases/GGMP/GlobalNav/Collision/Cadillac Repair Network" status="PASSED">
         <system-out><![CDATA[2019-05-30 12:07:12 - [TEST_CASE][PASSED] - Test Cases/GGMP/GlobalNav/Collision/Cadillac Repair Network: Test Cases/GGMP/GlobalNav/Collision/Cadillac Repair Network

2019-05-30 12:07:13 - [TEST_STEP][PASSED] - openBrowser(""): Browser is opened with url: ''

2019-05-30 12:07:13 - [MESSAGE][INFO] - Starting 'Chrome' driver

2019-05-30 12:07:13 - [MESSAGE][INFO] - Action delay is set to 0 seconds

2019-05-30 12:07:20 - [MESSAGE][PASSED] - Browser is opened with url: ''

2019-05-30 12:07:20 - [TEST_STEP][PASSED] - maximizeWindow(): Current window maximized

2019-05-30 12:07:22 - [MESSAGE][PASSED] - Current window maximized

2019-05-30 12:07:22 - [TEST_STEP][PASSED] - navigateToUrl("https://www.genuinegmparts.com/"): Navigate to 'https://www.genuinegmparts.com/' successfully

2019-05-30 12:07:25 - [MESSAGE][PASSED] - Navigate to 'https://www.genuinegmparts.com/' successfully

2019-05-30 12:07:25 - [TEST_STEP][PASSED] - click(findTestObject("Object Repository/Global Nav/Collision/Cadillac Repair Network/li_Collision")): Object: 'Object Repository/Global Nav/Collision/Cadillac Repair Network/li_Collision' is clicked on

2019-05-30 12:07:25 - [MESSAGE][PASSED] - Object: 'Object Repository/Global Nav/Collision/Cadillac Repair Network/li_Collision' is clicked on

2019-05-30 12:07:25 - [TEST_STEP][PASSED] - click(findTestObject("Object Repository/Global Nav/Collision/Cadillac Repair Network/a_Cadillac Aluminum Repair Network")): Object: 'Object Repository/Global Nav/Collision/Cadillac Repair Network/a_Cadillac Aluminum Repair Network' is clicked on

2019-05-30 12:07:28 - [MESSAGE][PASSED] - Object: 'Object Repository/Global Nav/Collision/Cadillac Repair Network/a_Cadillac Aluminum Repair Network' is clicked on

2019-05-30 12:07:28 - [TEST_STEP][PASSED] - delay(2): Delayed 2 second(s)

2019-05-30 12:07:30 - [MESSAGE][PASSED] - Delayed 2 second(s)

2019-05-30 12:07:30 - [TEST_STEP][PASSED] - verifyElementText(findTestObject("Object Repository/Global Nav/Collision/Cadillac Repair Network/h1_Cadillac Aluminum Repair Network"), "Cadillac Aluminum Repair Network"): Actual text and expected text of test object 'Object Repository/Global Nav/Collision/Cadillac Repair Network/h1_Cadillac Aluminum Repair Network' are matched.

2019-05-30 12:07:30 - [MESSAGE][PASSED] - Actual text and expected text of test object 'Object Repository/Global Nav/Collision/Cadillac Repair Network/h1_Cadillac Aluminum Repair Network' are matched.

2019-05-30 12:07:30 - [TEST_STEP][PASSED] - closeBrowser(): Browser is closed

2019-05-30 12:07:31 - [MESSAGE][PASSED] - Browser is closed]]></system-out>
         <system-err><![CDATA[]]></system-err>
      </testcase>
      <testcase name="Test Cases/GGMP/GlobalNav/Collision/Collision Parts" classname="Test Cases/GGMP/GlobalNav/Collision/Collision Parts" status="PASSED">
         <system-out><![CDATA[2019-05-30 12:07:31 - [TEST_CASE][PASSED] - Test Cases/GGMP/GlobalNav/Collision/Collision Parts: Test Cases/GGMP/GlobalNav/Collision/Collision Parts

2019-05-30 12:07:31 - [TEST_STEP][PASSED] - openBrowser(""): Browser is opened with url: ''

2019-05-30 12:07:31 - [MESSAGE][INFO] - Starting 'Chrome' driver

2019-05-30 12:07:38 - [MESSAGE][PASSED] - Browser is opened with url: ''

2019-05-30 12:07:38 - [TEST_STEP][PASSED] - maximizeWindow(): Current window maximized

2019-05-30 12:07:39 - [MESSAGE][PASSED] - Current window maximized

2019-05-30 12:07:39 - [TEST_STEP][PASSED] - navigateToUrl("https://www.genuinegmparts.com/"): Navigate to 'https://www.genuinegmparts.com/' successfully

2019-05-30 12:07:42 - [MESSAGE][PASSED] - Navigate to 'https://www.genuinegmparts.com/' successfully

2019-05-30 12:07:42 - [TEST_STEP][PASSED] - click(findTestObject("Global Nav/Collision/Collision Parts/li_Collision")): Object: 'Object Repository/Global Nav/Collision/Collision Parts/li_Collision' is clicked on

2019-05-30 12:07:42 - [MESSAGE][PASSED] - Object: 'Object Repository/Global Nav/Collision/Collision Parts/li_Collision' is clicked on

2019-05-30 12:07:42 - [TEST_STEP][PASSED] - click(findTestObject("Global Nav/Collision/Collision Parts/span_Collision parts")): Object: 'Object Repository/Global Nav/Collision/Collision Parts/span_Collision parts' is clicked on

2019-05-30 12:07:43 - [MESSAGE][PASSED] - Object: 'Object Repository/Global Nav/Collision/Collision Parts/span_Collision parts' is clicked on

2019-05-30 12:07:43 - [TEST_STEP][PASSED] - delay(2): Delayed 2 second(s)

2019-05-30 12:07:45 - [MESSAGE][PASSED] - Delayed 2 second(s)

2019-05-30 12:07:45 - [TEST_STEP][PASSED] - verifyElementText(findTestObject("Global Nav/Collision/Collision Parts/h2_You might not know the difference but the difference is worth knowing"), "You might not know the difference, but the difference is worth knowing."): Actual text and expected text of test object 'Object Repository/Global Nav/Collision/Collision Parts/h2_You might not know the difference but the difference is worth knowing' are matched.

2019-05-30 12:07:45 - [MESSAGE][PASSED] - Actual text and expected text of test object 'Object Repository/Global Nav/Collision/Collision Parts/h2_You might not know the difference but the difference is worth knowing' are matched.

2019-05-30 12:07:45 - [TEST_STEP][PASSED] - closeBrowser(): Browser is closed

2019-05-30 12:07:46 - [MESSAGE][PASSED] - Browser is closed]]></system-out>
         <system-err><![CDATA[]]></system-err>
      </testcase>
      <testcase name="Test Cases/GGMP/GlobalNav/Collision/Collision Repair Manuals" classname="Test Cases/GGMP/GlobalNav/Collision/Collision Repair Manuals" status="PASSED">
         <system-out><![CDATA[2019-05-30 12:07:46 - [TEST_CASE][PASSED] - Test Cases/GGMP/GlobalNav/Collision/Collision Repair Manuals: Test Cases/GGMP/GlobalNav/Collision/Collision Repair Manuals

2019-05-30 12:07:46 - [TEST_STEP][PASSED] - openBrowser(""): Browser is opened with url: ''

2019-05-30 12:07:46 - [MESSAGE][INFO] - Starting 'Chrome' driver

2019-05-30 12:07:51 - [MESSAGE][PASSED] - Browser is opened with url: ''

2019-05-30 12:07:51 - [TEST_STEP][PASSED] - maximizeWindow(): Current window maximized

2019-05-30 12:07:52 - [MESSAGE][PASSED] - Current window maximized

2019-05-30 12:07:52 - [TEST_STEP][PASSED] - navigateToUrl("https://www.genuinegmparts.com/"): Navigate to 'https://www.genuinegmparts.com/' successfully

2019-05-30 12:07:56 - [MESSAGE][PASSED] - Navigate to 'https://www.genuinegmparts.com/' successfully

2019-05-30 12:07:56 - [TEST_STEP][PASSED] - click(findTestObject("Object Repository/Global Nav/Collision/Collision Repair Manuals/li_Collision")): Object: 'Object Repository/Global Nav/Collision/Collision Repair Manuals/li_Collision' is clicked on

2019-05-30 12:07:56 - [MESSAGE][PASSED] - Object: 'Object Repository/Global Nav/Collision/Collision Repair Manuals/li_Collision' is clicked on

2019-05-30 12:07:56 - [TEST_STEP][PASSED] - click(findTestObject("Object Repository/Global Nav/Collision/Collision Repair Manuals/a_Collision Repair Manuals")): Object: 'Object Repository/Global Nav/Collision/Collision Repair Manuals/a_Collision Repair Manuals' is clicked on

2019-05-30 12:07:57 - [MESSAGE][PASSED] - Object: 'Object Repository/Global Nav/Collision/Collision Repair Manuals/a_Collision Repair Manuals' is clicked on

2019-05-30 12:07:57 - [TEST_STEP][PASSED] - delay(2): Delayed 2 second(s)

2019-05-30 12:07:59 - [MESSAGE][PASSED] - Delayed 2 second(s)

2019-05-30 12:07:59 - [TEST_STEP][PASSED] - verifyElementText(findTestObject("Global Nav/Collision/Collision Repair Manuals/h1_Collision repair manuals for GM vehicles"), "Collision repair manuals for GM vehicles"): Actual text and expected text of test object 'Object Repository/Global Nav/Collision/Collision Repair Manuals/h1_Collision repair manuals for GM vehicles' are matched.

2019-05-30 12:08:00 - [MESSAGE][PASSED] - Actual text and expected text of test object 'Object Repository/Global Nav/Collision/Collision Repair Manuals/h1_Collision repair manuals for GM vehicles' are matched.

2019-05-30 12:08:00 - [TEST_STEP][PASSED] - closeBrowser(): Browser is closed

2019-05-30 12:08:01 - [MESSAGE][PASSED] - Browser is closed]]></system-out>
         <system-err><![CDATA[]]></system-err>
      </testcase>
      <testcase name="Test Cases/GGMP/GlobalNav/Collision/Collision Repair Network" classname="Test Cases/GGMP/GlobalNav/Collision/Collision Repair Network" status="PASSED">
         <system-out><![CDATA[2019-05-30 12:08:01 - [TEST_CASE][PASSED] - Test Cases/GGMP/GlobalNav/Collision/Collision Repair Network: Test Cases/GGMP/GlobalNav/Collision/Collision Repair Network

2019-05-30 12:08:01 - [TEST_STEP][PASSED] - openBrowser(""): Browser is opened with url: ''

2019-05-30 12:08:01 - [MESSAGE][INFO] - Starting 'Chrome' driver

2019-05-30 12:08:07 - [MESSAGE][PASSED] - Browser is opened with url: ''

2019-05-30 12:08:07 - [TEST_STEP][PASSED] - maximizeWindow(): Current window maximized

2019-05-30 12:08:09 - [MESSAGE][PASSED] - Current window maximized

2019-05-30 12:08:09 - [TEST_STEP][PASSED] - navigateToUrl("https://www.genuinegmparts.com/"): Navigate to 'https://www.genuinegmparts.com/' successfully

2019-05-30 12:08:18 - [MESSAGE][PASSED] - Navigate to 'https://www.genuinegmparts.com/' successfully

2019-05-30 12:08:18 - [TEST_STEP][PASSED] - click(findTestObject("Object Repository/Global Nav/Collision/Collision Repair Network/li_Collision")): Object: 'Object Repository/Global Nav/Collision/Collision Repair Network/li_Collision' is clicked on

2019-05-30 12:08:18 - [MESSAGE][PASSED] - Object: 'Object Repository/Global Nav/Collision/Collision Repair Network/li_Collision' is clicked on

2019-05-30 12:08:18 - [TEST_STEP][PASSED] - click(findTestObject("Object Repository/Global Nav/Collision/Collision Repair Network/a_Collision Repair Network")): Object: 'Object Repository/Global Nav/Collision/Collision Repair Network/a_Collision Repair Network' is clicked on

2019-05-30 12:08:21 - [MESSAGE][PASSED] - Object: 'Object Repository/Global Nav/Collision/Collision Repair Network/a_Collision Repair Network' is clicked on

2019-05-30 12:08:21 - [TEST_STEP][PASSED] - delay(2): Delayed 2 second(s)

2019-05-30 12:08:23 - [MESSAGE][PASSED] - Delayed 2 second(s)

2019-05-30 12:08:23 - [TEST_STEP][PASSED] - verifyElementText(findTestObject("Global Nav/Collision/Collision Repair Network/h2_Enroll Today"), "Enroll Today"): Actual text and expected text of test object 'Object Repository/Global Nav/Collision/Collision Repair Network/h2_Enroll Today' are matched.

2019-05-30 12:08:23 - [MESSAGE][PASSED] - Actual text and expected text of test object 'Object Repository/Global Nav/Collision/Collision Repair Network/h2_Enroll Today' are matched.

2019-05-30 12:08:23 - [TEST_STEP][PASSED] - click(findTestObject("Object Repository/Global Nav/Collision/Collision Repair Network/button_ENROLL NOW")): Object: 'Object Repository/Global Nav/Collision/Collision Repair Network/button_ENROLL NOW' is clicked on

2019-05-30 12:08:23 - [MESSAGE][PASSED] - Object: 'Object Repository/Global Nav/Collision/Collision Repair Network/button_ENROLL NOW' is clicked on

2019-05-30 12:08:23 - [TEST_STEP][PASSED] - closeBrowser(): Browser is closed

2019-05-30 12:08:25 - [MESSAGE][PASSED] - Browser is closed]]></system-out>
         <system-err><![CDATA[]]></system-err>
      </testcase>
      <testcase name="Test Cases/GGMP/GlobalNav/Collision/My GM Partner Perks" classname="Test Cases/GGMP/GlobalNav/Collision/My GM Partner Perks" status="PASSED">
         <system-out><![CDATA[2019-05-30 12:08:25 - [TEST_CASE][PASSED] - Test Cases/GGMP/GlobalNav/Collision/My GM Partner Perks: Test Cases/GGMP/GlobalNav/Collision/My GM Partner Perks

2019-05-30 12:08:25 - [TEST_STEP][PASSED] - openBrowser(""): Browser is opened with url: ''

2019-05-30 12:08:25 - [MESSAGE][INFO] - Starting 'Chrome' driver

2019-05-30 12:08:33 - [MESSAGE][PASSED] - Browser is opened with url: ''

2019-05-30 12:08:33 - [TEST_STEP][PASSED] - maximizeWindow(): Current window maximized

2019-05-30 12:08:34 - [MESSAGE][PASSED] - Current window maximized

2019-05-30 12:08:34 - [TEST_STEP][PASSED] - navigateToUrl("https://www.genuinegmparts.com/"): Navigate to 'https://www.genuinegmparts.com/' successfully

2019-05-30 12:08:42 - [MESSAGE][PASSED] - Navigate to 'https://www.genuinegmparts.com/' successfully

2019-05-30 12:08:42 - [TEST_STEP][PASSED] - click(findTestObject("Object Repository/Global Nav/Collision/My GM Partner Perks/li_Collision")): Object: 'Object Repository/Global Nav/Collision/My GM Partner Perks/li_Collision' is clicked on

2019-05-30 12:08:42 - [MESSAGE][PASSED] - Object: 'Object Repository/Global Nav/Collision/My GM Partner Perks/li_Collision' is clicked on

2019-05-30 12:08:42 - [TEST_STEP][PASSED] - click(findTestObject("Object Repository/Global Nav/Collision/My GM Partner Perks/a_My GM Partner Perks")): Object: 'Object Repository/Global Nav/Collision/My GM Partner Perks/a_My GM Partner Perks' is clicked on

2019-05-30 12:08:47 - [MESSAGE][PASSED] - Object: 'Object Repository/Global Nav/Collision/My GM Partner Perks/a_My GM Partner Perks' is clicked on

2019-05-30 12:08:47 - [TEST_STEP][PASSED] - delay(2): Delayed 2 second(s)

2019-05-30 12:08:49 - [MESSAGE][PASSED] - Delayed 2 second(s)

2019-05-30 12:08:49 - [TEST_STEP][PASSED] - verifyElementText(findTestObject("Global Nav/Collision/My GM Partner Perks/font_MY GM PARTNER PERKS"), "MY GM PARTNER PERKS"): Actual text and expected text of test object 'Object Repository/Global Nav/Collision/My GM Partner Perks/font_MY GM PARTNER PERKS' are matched.

2019-05-30 12:08:49 - [MESSAGE][PASSED] - Actual text and expected text of test object 'Object Repository/Global Nav/Collision/My GM Partner Perks/font_MY GM PARTNER PERKS' are matched.

2019-05-30 12:08:49 - [TEST_STEP][PASSED] - closeBrowser(): Browser is closed

2019-05-30 12:08:50 - [MESSAGE][PASSED] - Browser is closed]]></system-out>
         <system-err><![CDATA[]]></system-err>
      </testcase>
      <testcase name="Test Cases/GGMP/GlobalNav/Collision/Position Statement" classname="Test Cases/GGMP/GlobalNav/Collision/Position Statement" status="PASSED">
         <system-out><![CDATA[2019-05-30 12:08:50 - [TEST_CASE][PASSED] - Test Cases/GGMP/GlobalNav/Collision/Position Statement: Test Cases/GGMP/GlobalNav/Collision/Position Statement

2019-05-30 12:08:51 - [TEST_STEP][PASSED] - openBrowser(""): Browser is opened with url: ''

2019-05-30 12:08:51 - [MESSAGE][INFO] - Starting 'Chrome' driver

2019-05-30 12:08:59 - [MESSAGE][PASSED] - Browser is opened with url: ''

2019-05-30 12:08:59 - [TEST_STEP][PASSED] - maximizeWindow(): Current window maximized

2019-05-30 12:09:00 - [MESSAGE][PASSED] - Current window maximized

2019-05-30 12:09:00 - [TEST_STEP][PASSED] - navigateToUrl("https://www.genuinegmparts.com/"): Navigate to 'https://www.genuinegmparts.com/' successfully

2019-05-30 12:09:06 - [MESSAGE][PASSED] - Navigate to 'https://www.genuinegmparts.com/' successfully

2019-05-30 12:09:06 - [TEST_STEP][PASSED] - click(findTestObject("Object Repository/Global Nav/Collision/Position Statement/li_Collision")): Object: 'Object Repository/Global Nav/Collision/Position Statement/li_Collision' is clicked on

2019-05-30 12:09:07 - [MESSAGE][PASSED] - Object: 'Object Repository/Global Nav/Collision/Position Statement/li_Collision' is clicked on

2019-05-30 12:09:07 - [TEST_STEP][PASSED] - click(findTestObject("Object Repository/Global Nav/Collision/Position Statement/a_Position Statements")): Object: 'Object Repository/Global Nav/Collision/Position Statement/a_Position Statements' is clicked on

2019-05-30 12:09:09 - [MESSAGE][PASSED] - Object: 'Object Repository/Global Nav/Collision/Position Statement/a_Position Statements' is clicked on

2019-05-30 12:09:09 - [TEST_STEP][PASSED] - delay(2): Delayed 2 second(s)

2019-05-30 12:09:11 - [MESSAGE][PASSED] - Delayed 2 second(s)

2019-05-30 12:09:11 - [TEST_STEP][PASSED] - verifyElementText(findTestObject("Global Nav/Collision/Position Statement/h1_Position statements"), "Position statements"): Actual text and expected text of test object 'Object Repository/Global Nav/Collision/Position Statement/h1_Position statements' are matched.

2019-05-30 12:09:11 - [MESSAGE][PASSED] - Actual text and expected text of test object 'Object Repository/Global Nav/Collision/Position Statement/h1_Position statements' are matched.

2019-05-30 12:09:11 - [TEST_STEP][PASSED] - closeBrowser(): Browser is closed

2019-05-30 12:09:12 - [MESSAGE][PASSED] - Browser is closed]]></system-out>
         <system-err><![CDATA[]]></system-err>
      </testcase>
      <testcase name="Test Cases/GGMP/GlobalNav/Collision/Programs and Offers" classname="Test Cases/GGMP/GlobalNav/Collision/Programs and Offers" status="PASSED">
         <system-out><![CDATA[2019-05-30 12:09:12 - [TEST_CASE][PASSED] - Test Cases/GGMP/GlobalNav/Collision/Programs and Offers: Test Cases/GGMP/GlobalNav/Collision/Programs and Offers

2019-05-30 12:09:13 - [TEST_STEP][PASSED] - openBrowser(""): Browser is opened with url: ''

2019-05-30 12:09:13 - [MESSAGE][INFO] - Starting 'Chrome' driver

2019-05-30 12:09:22 - [MESSAGE][PASSED] - Browser is opened with url: ''

2019-05-30 12:09:22 - [TEST_STEP][PASSED] - maximizeWindow(): Current window maximized

2019-05-30 12:09:23 - [MESSAGE][PASSED] - Current window maximized

2019-05-30 12:09:23 - [TEST_STEP][PASSED] - navigateToUrl("https://www.genuinegmparts.com/"): Navigate to 'https://www.genuinegmparts.com/' successfully

2019-05-30 12:09:30 - [MESSAGE][PASSED] - Navigate to 'https://www.genuinegmparts.com/' successfully

2019-05-30 12:09:30 - [TEST_STEP][PASSED] - click(findTestObject("Object Repository/Global Nav/Collision/Programs and Offers/li_Collision")): Object: 'Object Repository/Global Nav/Collision/Programs and Offers/li_Collision' is clicked on

2019-05-30 12:09:30 - [MESSAGE][PASSED] - Object: 'Object Repository/Global Nav/Collision/Programs and Offers/li_Collision' is clicked on

2019-05-30 12:09:30 - [TEST_STEP][PASSED] - click(findTestObject("Object Repository/Global Nav/Collision/Programs and Offers/a_Programs  Offers")): Object: 'Object Repository/Global Nav/Collision/Programs and Offers/a_Programs  Offers' is clicked on

2019-05-30 12:09:35 - [MESSAGE][PASSED] - Object: 'Object Repository/Global Nav/Collision/Programs and Offers/a_Programs  Offers' is clicked on

2019-05-30 12:09:35 - [TEST_STEP][PASSED] - click(findTestObject("Object Repository/Global Nav/Collision/Programs and Offers/a_concat(id(  ttpopclose1  ))_ttpopclose1")): Object: 'Object Repository/Global Nav/Collision/Programs and Offers/a_concat(id(  ttpopclose1  ))_ttpopclose1' is clicked on

2019-05-30 12:09:36 - [MESSAGE][PASSED] - Object: 'Object Repository/Global Nav/Collision/Programs and Offers/a_concat(id(  ttpopclose1  ))_ttpopclose1' is clicked on

2019-05-30 12:09:36 - [TEST_STEP][PASSED] - delay(2): Delayed 2 second(s)

2019-05-30 12:09:38 - [MESSAGE][PASSED] - Delayed 2 second(s)

2019-05-30 12:09:38 - [TEST_STEP][PASSED] - verifyElementText(findTestObject("Global Nav/Collision/Programs and Offers/p_Shops that choose 100 GM Genuine Parts can earn rewards and help get the job done right the first time"), "Shops that choose 100% GM Genuine Parts can earn rewards and help get the job done right the first time."): Actual text and expected text of test object 'Object Repository/Global Nav/Collision/Programs and Offers/p_Shops that choose 100 GM Genuine Parts can earn rewards and help get the job done right the first time' are matched.

2019-05-30 12:09:38 - [MESSAGE][PASSED] - Actual text and expected text of test object 'Object Repository/Global Nav/Collision/Programs and Offers/p_Shops that choose 100 GM Genuine Parts can earn rewards and help get the job done right the first time' are matched.

2019-05-30 12:09:38 - [TEST_STEP][PASSED] - closeBrowser(): Browser is closed

2019-05-30 12:09:39 - [MESSAGE][PASSED] - Browser is closed]]></system-out>
         <system-err><![CDATA[]]></system-err>
      </testcase>
      <testcase name="Test Cases/GGMP/GlobalNav/Collision/Technical Documents" classname="Test Cases/GGMP/GlobalNav/Collision/Technical Documents" status="PASSED">
         <system-out><![CDATA[2019-05-30 12:09:39 - [TEST_CASE][PASSED] - Test Cases/GGMP/GlobalNav/Collision/Technical Documents: Test Cases/GGMP/GlobalNav/Collision/Technical Documents

2019-05-30 12:09:39 - [TEST_STEP][PASSED] - openBrowser(""): Browser is opened with url: ''

2019-05-30 12:09:39 - [MESSAGE][INFO] - Starting 'Chrome' driver

2019-05-30 12:09:47 - [MESSAGE][PASSED] - Browser is opened with url: ''

2019-05-30 12:09:47 - [TEST_STEP][PASSED] - maximizeWindow(): Current window maximized

2019-05-30 12:09:49 - [MESSAGE][PASSED] - Current window maximized

2019-05-30 12:09:49 - [TEST_STEP][PASSED] - navigateToUrl("https://www.genuinegmparts.com/"): Navigate to 'https://www.genuinegmparts.com/' successfully

2019-05-30 12:09:55 - [MESSAGE][PASSED] - Navigate to 'https://www.genuinegmparts.com/' successfully

2019-05-30 12:09:55 - [TEST_STEP][PASSED] - click(findTestObject("Object Repository/Global Nav/Collision/Technical Documents/li_Collision")): Object: 'Object Repository/Global Nav/Collision/Technical Documents/li_Collision' is clicked on

2019-05-30 12:09:55 - [MESSAGE][PASSED] - Object: 'Object Repository/Global Nav/Collision/Technical Documents/li_Collision' is clicked on

2019-05-30 12:09:55 - [TEST_STEP][PASSED] - click(findTestObject("Object Repository/Global Nav/Collision/Technical Documents/a_Technical Documents")): Object: 'Object Repository/Global Nav/Collision/Technical Documents/a_Technical Documents' is clicked on

2019-05-30 12:09:58 - [MESSAGE][PASSED] - Object: 'Object Repository/Global Nav/Collision/Technical Documents/a_Technical Documents' is clicked on

2019-05-30 12:09:58 - [TEST_STEP][PASSED] - delay(2): Delayed 2 second(s)

2019-05-30 12:10:00 - [MESSAGE][PASSED] - Delayed 2 second(s)

2019-05-30 12:10:00 - [TEST_STEP][PASSED] - verifyElementText(findTestObject("Global Nav/Collision/Technical Documents/h1_Technical documents"), "Technical documents"): Actual text and expected text of test object 'Object Repository/Global Nav/Collision/Technical Documents/h1_Technical documents' are matched.

2019-05-30 12:10:01 - [MESSAGE][PASSED] - Actual text and expected text of test object 'Object Repository/Global Nav/Collision/Technical Documents/h1_Technical documents' are matched.

2019-05-30 12:10:01 - [TEST_STEP][PASSED] - click(findTestObject("Object Repository/Global Nav/Collision/Technical Documents/button_Position Statements")): Object: 'Object Repository/Global Nav/Collision/Technical Documents/button_Position Statements' is clicked on

2019-05-30 12:10:03 - [MESSAGE][PASSED] - Object: 'Object Repository/Global Nav/Collision/Technical Documents/button_Position Statements' is clicked on

2019-05-30 12:10:03 - [TEST_STEP][PASSED] - delay(2): Delayed 2 second(s)

2019-05-30 12:10:05 - [MESSAGE][PASSED] - Delayed 2 second(s)

2019-05-30 12:10:05 - [TEST_STEP][PASSED] - verifyElementText(findTestObject("Global Nav/Collision/Technical Documents/h1_Position statements"), "Position statements"): Actual text and expected text of test object 'Object Repository/Global Nav/Collision/Technical Documents/h1_Position statements' are matched.

2019-05-30 12:10:05 - [MESSAGE][PASSED] - Actual text and expected text of test object 'Object Repository/Global Nav/Collision/Technical Documents/h1_Position statements' are matched.

2019-05-30 12:10:05 - [TEST_STEP][PASSED] - closeBrowser(): Browser is closed

2019-05-30 12:10:06 - [MESSAGE][PASSED] - Browser is closed]]></system-out>
         <system-err><![CDATA[]]></system-err>
      </testcase>
      <testcase name="Test Cases/GGMP/GlobalNav/Collision/The Genuine Difference" classname="Test Cases/GGMP/GlobalNav/Collision/The Genuine Difference" status="PASSED">
         <system-out><![CDATA[2019-05-30 12:10:06 - [TEST_CASE][PASSED] - Test Cases/GGMP/GlobalNav/Collision/The Genuine Difference: Test Cases/GGMP/GlobalNav/Collision/The Genuine Difference

2019-05-30 12:10:07 - [TEST_STEP][PASSED] - openBrowser(""): Browser is opened with url: ''

2019-05-30 12:10:07 - [MESSAGE][INFO] - Starting 'Chrome' driver

2019-05-30 12:10:12 - [MESSAGE][PASSED] - Browser is opened with url: ''

2019-05-30 12:10:12 - [TEST_STEP][PASSED] - maximizeWindow(): Current window maximized

2019-05-30 12:10:13 - [MESSAGE][PASSED] - Current window maximized

2019-05-30 12:10:13 - [TEST_STEP][PASSED] - navigateToUrl("https://www.genuinegmparts.com/"): Navigate to 'https://www.genuinegmparts.com/' successfully

2019-05-30 12:10:17 - [MESSAGE][PASSED] - Navigate to 'https://www.genuinegmparts.com/' successfully

2019-05-30 12:10:17 - [TEST_STEP][PASSED] - click(findTestObject("Object Repository/Global Nav/Collision/The Genuine Difference/li_Collision")): Object: 'Object Repository/Global Nav/Collision/The Genuine Difference/li_Collision' is clicked on

2019-05-30 12:10:17 - [MESSAGE][PASSED] - Object: 'Object Repository/Global Nav/Collision/The Genuine Difference/li_Collision' is clicked on

2019-05-30 12:10:17 - [TEST_STEP][PASSED] - click(findTestObject("Object Repository/Global Nav/Collision/The Genuine Difference/span_The Genuine Difference")): Object: 'Object Repository/Global Nav/Collision/The Genuine Difference/span_The Genuine Difference' is clicked on

2019-05-30 12:10:20 - [MESSAGE][PASSED] - Object: 'Object Repository/Global Nav/Collision/The Genuine Difference/span_The Genuine Difference' is clicked on

2019-05-30 12:10:20 - [TEST_STEP][PASSED] - delay(2): Delayed 2 second(s)

2019-05-30 12:10:22 - [MESSAGE][PASSED] - Delayed 2 second(s)

2019-05-30 12:10:22 - [TEST_STEP][PASSED] - verifyElementText(findTestObject("Global Nav/Collision/The Genuine Difference/h1_Take control of your collision repair with Genuine GM Parts"), "Take control of your collision repair with Genuine GM Parts"): Actual text and expected text of test object 'Object Repository/Global Nav/Collision/The Genuine Difference/h1_Take control of your collision repair with Genuine GM Parts' are matched.

2019-05-30 12:10:22 - [MESSAGE][PASSED] - Actual text and expected text of test object 'Object Repository/Global Nav/Collision/The Genuine Difference/h1_Take control of your collision repair with Genuine GM Parts' are matched.

2019-05-30 12:10:22 - [TEST_STEP][PASSED] - closeBrowser(): Browser is closed

2019-05-30 12:10:23 - [MESSAGE][PASSED] - Browser is closed]]></system-out>
         <system-err><![CDATA[]]></system-err>
      </testcase>
      <testcase name="Test Cases/GGMP/GlobalNav/Collision/Touch-UP Paint" classname="Test Cases/GGMP/GlobalNav/Collision/Touch-UP Paint" status="FAILED">
         <failure type="FAILED" message="Test Cases/GGMP/GlobalNav/Collision/Touch-UP Paint FAILED.
Reason:
com.kms.katalon.core.exception.StepFailedException: Unable to click on object 'Object Repository/Global Nav/Collision/Touch-Up Paint/span_2018 GM Refinish Materials - GMW-15406-2017'
	at com.kms.katalon.core.webui.keyword.internal.WebUIKeywordMain.stepFailed(WebUIKeywordMain.groovy:64)
	at com.kms.katalon.core.webui.keyword.internal.WebUIKeywordMain.runKeyword(WebUIKeywordMain.groovy:26)
	at com.kms.katalon.core.webui.keyword.builtin.ClickKeyword.click(ClickKeyword.groovy:86)
	at com.kms.katalon.core.webui.keyword.builtin.ClickKeyword.execute(ClickKeyword.groovy:67)
	at com.kms.katalon.core.keyword.internal.KeywordExecutor.executeKeywordForPlatform(KeywordExecutor.groovy:56)
	at com.kms.katalon.core.webui.keyword.WebUiBuiltInKeywords.click(WebUiBuiltInKeywords.groovy:616)
	at com.kms.katalon.core.webui.keyword.WebUiBuiltInKeywords$click$2.call(Unknown Source)
	at Touch-UP Paint.run(Touch-UP Paint:45)
	at com.kms.katalon.core.main.ScriptEngine.run(ScriptEngine.java:194)
	at com.kms.katalon.core.main.ScriptEngine.runScriptAsRawText(ScriptEngine.java:119)
	at com.kms.katalon.core.main.TestCaseExecutor.runScript(TestCaseExecutor.java:336)
	at com.kms.katalon.core.main.TestCaseExecutor.doExecute(TestCaseExecutor.java:327)
	at com.kms.katalon.core.main.TestCaseExecutor.processExecutionPhase(TestCaseExecutor.java:306)
	at com.kms.katalon.core.main.TestCaseExecutor.accessMainPhase(TestCaseExecutor.java:298)
	at com.kms.katalon.core.main.TestCaseExecutor.execute(TestCaseExecutor.java:232)
	at com.kms.katalon.core.main.TestSuiteExecutor.accessTestCaseMainPhase(TestSuiteExecutor.java:129)
	at com.kms.katalon.core.main.TestSuiteExecutor.accessTestSuiteMainPhase(TestSuiteExecutor.java:112)
	at com.kms.katalon.core.main.TestSuiteExecutor.execute(TestSuiteExecutor.java:81)
	at com.kms.katalon.core.main.TestCaseMain.startTestSuite(TestCaseMain.java:157)
	at com.kms.katalon.core.main.TestCaseMain$startTestSuite$0.call(Unknown Source)
	at TempTestSuite1559207228408.run(TempTestSuite1559207228408.groovy:35)
Caused by: org.openqa.selenium.ElementNotVisibleException: element not interactable
  (Session info: chrome=74.0.3729.169)
  (Driver info: chromedriver=74.0.3729.6 (255758eccf3d244491b8a1317aa76e1ce10d57e9-refs/branch-heads/3729@{#29}),platform=Windows NT 10.0.17763 x86_64) (WARNING: The server did not provide any stacktrace information)
Command duration or timeout: 0 milliseconds
Build info: version: '3.7.1', revision: '8a0099a', time: '2017-11-06T21:07:36.161Z'
System info: host: 'BCHOPT-NW100219', ip: '10.69.196.168', os.name: 'Windows 10', os.arch: 'amd64', os.version: '10.0', java.version: '1.8.0_181'
Driver info: com.kms.katalon.selenium.driver.CChromeDriver
Capabilities {acceptInsecureCerts: false, acceptSslCerts: false, applicationCacheEnabled: false, browserConnectionEnabled: false, browserName: chrome, chrome: {chromedriverVersion: 74.0.3729.6 (255758eccf3d24..., userDataDir: C:\Users\ADRIAN~1.DOB\AppDa...}, cssSelectorsEnabled: true, databaseEnabled: false, goog:chromeOptions: {debuggerAddress: localhost:51938}, handlesAlerts: true, hasTouchScreen: false, javascriptEnabled: true, locationContextEnabled: true, mobileEmulationEnabled: false, nativeEvents: true, networkConnectionEnabled: false, pageLoadStrategy: normal, platform: XP, platformName: XP, proxy: Proxy(direct), rotatable: false, setWindowRect: true, strictFileInteractability: false, takesHeapSnapshot: true, takesScreenshot: true, timeouts: {implicit: 0, pageLoad: 300000, script: 30000}, unexpectedAlertBehaviour: ignore, unhandledPromptBehavior: ignore, version: 74.0.3729.169, webStorageEnabled: true}
Session ID: 9df02d6364e3b8c6dbc4f0a10e7da4e0
	at org.openqa.selenium.remote.ErrorHandler.createThrowable(ErrorHandler.java:214)
	at org.openqa.selenium.remote.ErrorHandler.throwIfResponseFailed(ErrorHandler.java:166)
	at org.openqa.selenium.remote.http.JsonHttpResponseCodec.reconstructValue(JsonHttpResponseCodec.java:40)
	at org.openqa.selenium.remote.http.AbstractHttpResponseCodec.decode(AbstractHttpResponseCodec.java:80)
	at org.openqa.selenium.remote.http.AbstractHttpResponseCodec.decode(AbstractHttpResponseCodec.java:44)
	at org.openqa.selenium.remote.HttpCommandExecutor.execute(HttpCommandExecutor.java:164)
	at org.openqa.selenium.remote.service.DriverCommandExecutor.execute(DriverCommandExecutor.java:83)
	at org.openqa.selenium.remote.RemoteWebDriver.execute(RemoteWebDriver.java:600)
	at com.kms.katalon.selenium.driver.CChromeDriver.execute(CChromeDriver.java:20)
	at org.openqa.selenium.remote.RemoteWebElement.execute(RemoteWebElement.java:279)
	at org.openqa.selenium.remote.RemoteWebElement.click(RemoteWebElement.java:83)
	at com.kms.katalon.core.webui.keyword.builtin.ClickKeyword$_click_closure1.doCall(ClickKeyword.groovy:79)
	at com.kms.katalon.core.webui.keyword.builtin.ClickKeyword$_click_closure1.call(ClickKeyword.groovy)
	at com.kms.katalon.core.webui.keyword.internal.WebUIKeywordMain.runKeyword(WebUIKeywordMain.groovy:20)
	at com.kms.katalon.core.webui.keyword.builtin.ClickKeyword.click(ClickKeyword.groovy:86)
	at com.kms.katalon.core.webui.keyword.builtin.ClickKeyword.execute(ClickKeyword.groovy:67)
	at com.kms.katalon.core.keyword.internal.KeywordExecutor.executeKeywordForPlatform(KeywordExecutor.groovy:56)
	at com.kms.katalon.core.webui.keyword.WebUiBuiltInKeywords.click(WebUiBuiltInKeywords.groovy:616)
	at com.kms.katalon.core.webui.keyword.WebUiBuiltInKeywords$click$2.call(Unknown Source)
	at Script1558537420008.run(Script1558537420008.groovy:45)
	... 13 more
"/>
         <system-out><![CDATA[2019-05-30 12:10:23 - [TEST_CASE][FAILED] - Test Cases/GGMP/GlobalNav/Collision/Touch-UP Paint: Test Cases/GGMP/GlobalNav/Collision/Touch-UP Paint FAILED.
Reason:
com.kms.katalon.core.exception.StepFailedException: Unable to click on object 'Object Repository/Global Nav/Collision/Touch-Up Paint/span_2018 GM Refinish Materials - GMW-15406-2017'
	at com.kms.katalon.core.webui.keyword.internal.WebUIKeywordMain.stepFailed(WebUIKeywordMain.groovy:64)
	at com.kms.katalon.core.webui.keyword.internal.WebUIKeywordMain.runKeyword(WebUIKeywordMain.groovy:26)
	at com.kms.katalon.core.webui.keyword.builtin.ClickKeyword.click(ClickKeyword.groovy:86)
	at com.kms.katalon.core.webui.keyword.builtin.ClickKeyword.execute(ClickKeyword.groovy:67)
	at com.kms.katalon.core.keyword.internal.KeywordExecutor.executeKeywordForPlatform(KeywordExecutor.groovy:56)
	at com.kms.katalon.core.webui.keyword.WebUiBuiltInKeywords.click(WebUiBuiltInKeywords.groovy:616)
	at com.kms.katalon.core.webui.keyword.WebUiBuiltInKeywords$click$2.call(Unknown Source)
	at Touch-UP Paint.run(Touch-UP Paint:45)
	at com.kms.katalon.core.main.ScriptEngine.run(ScriptEngine.java:194)
	at com.kms.katalon.core.main.ScriptEngine.runScriptAsRawText(ScriptEngine.java:119)
	at com.kms.katalon.core.main.TestCaseExecutor.runScript(TestCaseExecutor.java:336)
	at com.kms.katalon.core.main.TestCaseExecutor.doExecute(TestCaseExecutor.java:327)
	at com.kms.katalon.core.main.TestCaseExecutor.processExecutionPhase(TestCaseExecutor.java:306)
	at com.kms.katalon.core.main.TestCaseExecutor.accessMainPhase(TestCaseExecutor.java:298)
	at com.kms.katalon.core.main.TestCaseExecutor.execute(TestCaseExecutor.java:232)
	at com.kms.katalon.core.main.TestSuiteExecutor.accessTestCaseMainPhase(TestSuiteExecutor.java:129)
	at com.kms.katalon.core.main.TestSuiteExecutor.accessTestSuiteMainPhase(TestSuiteExecutor.java:112)
	at com.kms.katalon.core.main.TestSuiteExecutor.execute(TestSuiteExecutor.java:81)
	at com.kms.katalon.core.main.TestCaseMain.startTestSuite(TestCaseMain.java:157)
	at com.kms.katalon.core.main.TestCaseMain$startTestSuite$0.call(Unknown Source)
	at TempTestSuite1559207228408.run(TempTestSuite1559207228408.groovy:35)
Caused by: org.openqa.selenium.ElementNotVisibleException: element not interactable
  (Session info: chrome=74.0.3729.169)
  (Driver info: chromedriver=74.0.3729.6 (255758eccf3d244491b8a1317aa76e1ce10d57e9-refs/branch-heads/3729@{#29}),platform=Windows NT 10.0.17763 x86_64) (WARNING: The server did not provide any stacktrace information)
Command duration or timeout: 0 milliseconds
Build info: version: '3.7.1', revision: '8a0099a', time: '2017-11-06T21:07:36.161Z'
System info: host: 'BCHOPT-NW100219', ip: '10.69.196.168', os.name: 'Windows 10', os.arch: 'amd64', os.version: '10.0', java.version: '1.8.0_181'
Driver info: com.kms.katalon.selenium.driver.CChromeDriver
Capabilities {acceptInsecureCerts: false, acceptSslCerts: false, applicationCacheEnabled: false, browserConnectionEnabled: false, browserName: chrome, chrome: {chromedriverVersion: 74.0.3729.6 (255758eccf3d24..., userDataDir: C:\Users\ADRIAN~1.DOB\AppDa...}, cssSelectorsEnabled: true, databaseEnabled: false, goog:chromeOptions: {debuggerAddress: localhost:51938}, handlesAlerts: true, hasTouchScreen: false, javascriptEnabled: true, locationContextEnabled: true, mobileEmulationEnabled: false, nativeEvents: true, networkConnectionEnabled: false, pageLoadStrategy: normal, platform: XP, platformName: XP, proxy: Proxy(direct), rotatable: false, setWindowRect: true, strictFileInteractability: false, takesHeapSnapshot: true, takesScreenshot: true, timeouts: {implicit: 0, pageLoad: 300000, script: 30000}, unexpectedAlertBehaviour: ignore, unhandledPromptBehavior: ignore, version: 74.0.3729.169, webStorageEnabled: true}
Session ID: 9df02d6364e3b8c6dbc4f0a10e7da4e0
	at org.openqa.selenium.remote.ErrorHandler.createThrowable(ErrorHandler.java:214)
	at org.openqa.selenium.remote.ErrorHandler.throwIfResponseFailed(ErrorHandler.java:166)
	at org.openqa.selenium.remote.http.JsonHttpResponseCodec.reconstructValue(JsonHttpResponseCodec.java:40)
	at org.openqa.selenium.remote.http.AbstractHttpResponseCodec.decode(AbstractHttpResponseCodec.java:80)
	at org.openqa.selenium.remote.http.AbstractHttpResponseCodec.decode(AbstractHttpResponseCodec.java:44)
	at org.openqa.selenium.remote.HttpCommandExecutor.execute(HttpCommandExecutor.java:164)
	at org.openqa.selenium.remote.service.DriverCommandExecutor.execute(DriverCommandExecutor.java:83)
	at org.openqa.selenium.remote.RemoteWebDriver.execute(RemoteWebDriver.java:600)
	at com.kms.katalon.selenium.driver.CChromeDriver.execute(CChromeDriver.java:20)
	at org.openqa.selenium.remote.RemoteWebElement.execute(RemoteWebElement.java:279)
	at org.openqa.selenium.remote.RemoteWebElement.click(RemoteWebElement.java:83)
	at com.kms.katalon.core.webui.keyword.builtin.ClickKeyword$_click_closure1.doCall(ClickKeyword.groovy:79)
	at com.kms.katalon.core.webui.keyword.builtin.ClickKeyword$_click_closure1.call(ClickKeyword.groovy)
	at com.kms.katalon.core.webui.keyword.internal.WebUIKeywordMain.runKeyword(WebUIKeywordMain.groovy:20)
	at com.kms.katalon.core.webui.keyword.builtin.ClickKeyword.click(ClickKeyword.groovy:86)
	at com.kms.katalon.core.webui.keyword.builtin.ClickKeyword.execute(ClickKeyword.groovy:67)
	at com.kms.katalon.core.keyword.internal.KeywordExecutor.executeKeywordForPlatform(KeywordExecutor.groovy:56)
	at com.kms.katalon.core.webui.keyword.WebUiBuiltInKeywords.click(WebUiBuiltInKeywords.groovy:616)
	at com.kms.katalon.core.webui.keyword.WebUiBuiltInKeywords$click$2.call(Unknown Source)
	at Script1558537420008.run(Script1558537420008.groovy:45)
	... 13 more


2019-05-30 12:10:24 - [TEST_STEP][PASSED] - openBrowser(""): Browser is opened with url: ''

2019-05-30 12:10:24 - [MESSAGE][INFO] - Starting 'Chrome' driver

2019-05-30 12:10:32 - [MESSAGE][PASSED] - Browser is opened with url: ''

2019-05-30 12:10:32 - [TEST_STEP][PASSED] - maximizeWindow(): Current window maximized

2019-05-30 12:10:34 - [MESSAGE][PASSED] - Current window maximized

2019-05-30 12:10:34 - [TEST_STEP][PASSED] - navigateToUrl("https://www.genuinegmparts.com/"): Navigate to 'https://www.genuinegmparts.com/' successfully

2019-05-30 12:10:39 - [MESSAGE][PASSED] - Navigate to 'https://www.genuinegmparts.com/' successfully

2019-05-30 12:10:39 - [TEST_STEP][PASSED] - click(findTestObject("Object Repository/Global Nav/Collision/Touch-Up Paint/li_Collision")): Object: 'Object Repository/Global Nav/Collision/Touch-Up Paint/li_Collision' is clicked on

2019-05-30 12:10:39 - [MESSAGE][PASSED] - Object: 'Object Repository/Global Nav/Collision/Touch-Up Paint/li_Collision' is clicked on

2019-05-30 12:10:39 - [TEST_STEP][PASSED] - click(findTestObject("Object Repository/Global Nav/Collision/Touch-Up Paint/span_Touch-up paint")): Object: 'Object Repository/Global Nav/Collision/Touch-Up Paint/span_Touch-up paint' is clicked on

2019-05-30 12:10:41 - [MESSAGE][PASSED] - Object: 'Object Repository/Global Nav/Collision/Touch-Up Paint/span_Touch-up paint' is clicked on

2019-05-30 12:10:41 - [TEST_STEP][PASSED] - delay(2): Delayed 2 second(s)

2019-05-30 12:10:43 - [MESSAGE][PASSED] - Delayed 2 second(s)

2019-05-30 12:10:43 - [TEST_STEP][PASSED] - verifyElementText(findTestObject("Global Nav/Collision/Touch-Up Paint/h1_Show your true colors with GM auto touch-up paint"), "Show your true colors with GM auto touch-up paint"): Actual text and expected text of test object 'Object Repository/Global Nav/Collision/Touch-Up Paint/h1_Show your true colors with GM auto touch-up paint' are matched.

2019-05-30 12:10:43 - [MESSAGE][PASSED] - Actual text and expected text of test object 'Object Repository/Global Nav/Collision/Touch-Up Paint/h1_Show your true colors with GM auto touch-up paint' are matched.

2019-05-30 12:10:43 - [TEST_STEP][PASSED] - click(findTestObject("Object Repository/Global Nav/Collision/Touch-Up Paint/a_Downloadable Guides")): Object: 'Object Repository/Global Nav/Collision/Touch-Up Paint/a_Downloadable Guides' is clicked on

2019-05-30 12:10:44 - [MESSAGE][PASSED] - Object: 'Object Repository/Global Nav/Collision/Touch-Up Paint/a_Downloadable Guides' is clicked on

2019-05-30 12:10:44 - [TEST_STEP][PASSED] - click(findTestObject("Object Repository/Global Nav/Collision/Touch-Up Paint/a_Downloadable Guides")): Object: 'Object Repository/Global Nav/Collision/Touch-Up Paint/a_Downloadable Guides' is clicked on

2019-05-30 12:10:44 - [MESSAGE][PASSED] - Object: 'Object Repository/Global Nav/Collision/Touch-Up Paint/a_Downloadable Guides' is clicked on

2019-05-30 12:10:44 - [TEST_STEP][PASSED] - click(findTestObject("Object Repository/Global Nav/Collision/Touch-Up Paint/a_GM-approved paint manufacturers")): Object: 'Object Repository/Global Nav/Collision/Touch-Up Paint/a_GM-approved paint manufacturers' is clicked on

2019-05-30 12:10:44 - [MESSAGE][PASSED] - Object: 'Object Repository/Global Nav/Collision/Touch-Up Paint/a_GM-approved paint manufacturers' is clicked on

2019-05-30 12:10:44 - [TEST_STEP][PASSED] - click(findTestObject("Object Repository/Global Nav/Collision/Touch-Up Paint/a_GM-approved paint manufacturers")): Object: 'Object Repository/Global Nav/Collision/Touch-Up Paint/a_GM-approved paint manufacturers' is clicked on

2019-05-30 12:10:44 - [MESSAGE][PASSED] - Object: 'Object Repository/Global Nav/Collision/Touch-Up Paint/a_GM-approved paint manufacturers' is clicked on

2019-05-30 12:10:44 - [TEST_STEP][PASSED] - click(findTestObject("Object Repository/Global Nav/Collision/Touch-Up Paint/a_Where do I find the paint code")): Object: 'Object Repository/Global Nav/Collision/Touch-Up Paint/a_Where do I find the paint code' is clicked on

2019-05-30 12:10:44 - [MESSAGE][PASSED] - Object: 'Object Repository/Global Nav/Collision/Touch-Up Paint/a_Where do I find the paint code' is clicked on

2019-05-30 12:10:44 - [TEST_STEP][PASSED] - click(findTestObject("Object Repository/Global Nav/Collision/Touch-Up Paint/a_Where do I find the paint code")): Object: 'Object Repository/Global Nav/Collision/Touch-Up Paint/a_Where do I find the paint code' is clicked on

2019-05-30 12:10:44 - [MESSAGE][PASSED] - Object: 'Object Repository/Global Nav/Collision/Touch-Up Paint/a_Where do I find the paint code' is clicked on

2019-05-30 12:10:44 - [TEST_STEP][PASSED] - click(findTestObject("Object Repository/Global Nav/Collision/Touch-Up Paint/a_Downloadable Guides")): Object: 'Object Repository/Global Nav/Collision/Touch-Up Paint/a_Downloadable Guides' is clicked on

2019-05-30 12:10:44 - [MESSAGE][PASSED] - Object: 'Object Repository/Global Nav/Collision/Touch-Up Paint/a_Downloadable Guides' is clicked on

2019-05-30 12:10:44 - [TEST_STEP][FAILED] - click(findTestObject("Object Repository/Global Nav/Collision/Touch-Up Paint/span_2018 GM Refinish Materials - GMW-15406-2017")): Unable to click on object 'Object Repository/Global Nav/Collision/Touch-Up Paint/span_2018 GM Refinish Materials - GMW-15406-2017' (Root cause: com.kms.katalon.core.exception.StepFailedException: Unable to click on object 'Object Repository/Global Nav/Collision/Touch-Up Paint/span_2018 GM Refinish Materials - GMW-15406-2017'
	at com.kms.katalon.core.webui.keyword.internal.WebUIKeywordMain.stepFailed(WebUIKeywordMain.groovy:64)
	at com.kms.katalon.core.webui.keyword.internal.WebUIKeywordMain.runKeyword(WebUIKeywordMain.groovy:26)
	at com.kms.katalon.core.webui.keyword.builtin.ClickKeyword.click(ClickKeyword.groovy:86)
	at com.kms.katalon.core.webui.keyword.builtin.ClickKeyword.execute(ClickKeyword.groovy:67)
	at com.kms.katalon.core.keyword.internal.KeywordExecutor.executeKeywordForPlatform(KeywordExecutor.groovy:56)
	at com.kms.katalon.core.webui.keyword.WebUiBuiltInKeywords.click(WebUiBuiltInKeywords.groovy:616)
	at com.kms.katalon.core.webui.keyword.WebUiBuiltInKeywords$click$2.call(Unknown Source)
	at Touch-UP Paint.run(Touch-UP Paint:45)
	at com.kms.katalon.core.main.ScriptEngine.run(ScriptEngine.java:194)
	at com.kms.katalon.core.main.ScriptEngine.runScriptAsRawText(ScriptEngine.java:119)
	at com.kms.katalon.core.main.TestCaseExecutor.runScript(TestCaseExecutor.java:336)
	at com.kms.katalon.core.main.TestCaseExecutor.doExecute(TestCaseExecutor.java:327)
	at com.kms.katalon.core.main.TestCaseExecutor.processExecutionPhase(TestCaseExecutor.java:306)
	at com.kms.katalon.core.main.TestCaseExecutor.accessMainPhase(TestCaseExecutor.java:298)
	at com.kms.katalon.core.main.TestCaseExecutor.execute(TestCaseExecutor.java:232)
	at com.kms.katalon.core.main.TestSuiteExecutor.accessTestCaseMainPhase(TestSuiteExecutor.java:129)
	at com.kms.katalon.core.main.TestSuiteExecutor.accessTestSuiteMainPhase(TestSuiteExecutor.java:112)
	at com.kms.katalon.core.main.TestSuiteExecutor.execute(TestSuiteExecutor.java:81)
	at com.kms.katalon.core.main.TestCaseMain.startTestSuite(TestCaseMain.java:157)
	at com.kms.katalon.core.main.TestCaseMain$startTestSuite$0.call(Unknown Source)
	at TempTestSuite1559207228408.run(TempTestSuite1559207228408.groovy:35)
Caused by: org.openqa.selenium.ElementNotVisibleException: element not interactable
  (Session info: chrome=74.0.3729.169)
  (Driver info: chromedriver=74.0.3729.6 (255758eccf3d244491b8a1317aa76e1ce10d57e9-refs/branch-heads/3729@{#29}),platform=Windows NT 10.0.17763 x86_64) (WARNING: The server did not provide any stacktrace information)
Command duration or timeout: 0 milliseconds
Build info: version: '3.7.1', revision: '8a0099a', time: '2017-11-06T21:07:36.161Z'
System info: host: 'BCHOPT-NW100219', ip: '10.69.196.168', os.name: 'Windows 10', os.arch: 'amd64', os.version: '10.0', java.version: '1.8.0_181'
Driver info: com.kms.katalon.selenium.driver.CChromeDriver
Capabilities {acceptInsecureCerts: false, acceptSslCerts: false, applicationCacheEnabled: false, browserConnectionEnabled: false, browserName: chrome, chrome: {chromedriverVersion: 74.0.3729.6 (255758eccf3d24..., userDataDir: C:\Users\ADRIAN~1.DOB\AppDa...}, cssSelectorsEnabled: true, databaseEnabled: false, goog:chromeOptions: {debuggerAddress: localhost:51938}, handlesAlerts: true, hasTouchScreen: false, javascriptEnabled: true, locationContextEnabled: true, mobileEmulationEnabled: false, nativeEvents: true, networkConnectionEnabled: false, pageLoadStrategy: normal, platform: XP, platformName: XP, proxy: Proxy(direct), rotatable: false, setWindowRect: true, strictFileInteractability: false, takesHeapSnapshot: true, takesScreenshot: true, timeouts: {implicit: 0, pageLoad: 300000, script: 30000}, unexpectedAlertBehaviour: ignore, unhandledPromptBehavior: ignore, version: 74.0.3729.169, webStorageEnabled: true}
Session ID: 9df02d6364e3b8c6dbc4f0a10e7da4e0
	at org.openqa.selenium.remote.ErrorHandler.createThrowable(ErrorHandler.java:214)
	at org.openqa.selenium.remote.ErrorHandler.throwIfResponseFailed(ErrorHandler.java:166)
	at org.openqa.selenium.remote.http.JsonHttpResponseCodec.reconstructValue(JsonHttpResponseCodec.java:40)
	at org.openqa.selenium.remote.http.AbstractHttpResponseCodec.decode(AbstractHttpResponseCodec.java:80)
	at org.openqa.selenium.remote.http.AbstractHttpResponseCodec.decode(AbstractHttpResponseCodec.java:44)
	at org.openqa.selenium.remote.HttpCommandExecutor.execute(HttpCommandExecutor.java:164)
	at org.openqa.selenium.remote.service.DriverCommandExecutor.execute(DriverCommandExecutor.java:83)
	at org.openqa.selenium.remote.RemoteWebDriver.execute(RemoteWebDriver.java:600)
	at com.kms.katalon.selenium.driver.CChromeDriver.execute(CChromeDriver.java:20)
	at org.openqa.selenium.remote.RemoteWebElement.execute(RemoteWebElement.java:279)
	at org.openqa.selenium.remote.RemoteWebElement.click(RemoteWebElement.java:83)
	at com.kms.katalon.core.webui.keyword.builtin.ClickKeyword$_click_closure1.doCall(ClickKeyword.groovy:79)
	at com.kms.katalon.core.webui.keyword.builtin.ClickKeyword$_click_closure1.call(ClickKeyword.groovy)
	at com.kms.katalon.core.webui.keyword.internal.WebUIKeywordMain.runKeyword(WebUIKeywordMain.groovy:20)
	at com.kms.katalon.core.webui.keyword.builtin.ClickKeyword.click(ClickKeyword.groovy:86)
	at com.kms.katalon.core.webui.keyword.builtin.ClickKeyword.execute(ClickKeyword.groovy:67)
	at com.kms.katalon.core.keyword.internal.KeywordExecutor.executeKeywordForPlatform(KeywordExecutor.groovy:56)
	at com.kms.katalon.core.webui.keyword.WebUiBuiltInKeywords.click(WebUiBuiltInKeywords.groovy:616)
	at com.kms.katalon.core.webui.keyword.WebUiBuiltInKeywords$click$2.call(Unknown Source)
	at Script1558537420008.run(Script1558537420008.groovy:45)
	... 13 more
)

2019-05-30 12:10:45 - [MESSAGE][FAILED] - Unable to click on object 'Object Repository/Global Nav/Collision/Touch-Up Paint/span_2018 GM Refinish Materials - GMW-15406-2017' (Root cause: com.kms.katalon.core.exception.StepFailedException: Unable to click on object 'Object Repository/Global Nav/Collision/Touch-Up Paint/span_2018 GM Refinish Materials - GMW-15406-2017'
	at com.kms.katalon.core.webui.keyword.internal.WebUIKeywordMain.stepFailed(WebUIKeywordMain.groovy:64)
	at com.kms.katalon.core.webui.keyword.internal.WebUIKeywordMain.runKeyword(WebUIKeywordMain.groovy:26)
	at com.kms.katalon.core.webui.keyword.builtin.ClickKeyword.click(ClickKeyword.groovy:86)
	at com.kms.katalon.core.webui.keyword.builtin.ClickKeyword.execute(ClickKeyword.groovy:67)
	at com.kms.katalon.core.keyword.internal.KeywordExecutor.executeKeywordForPlatform(KeywordExecutor.groovy:56)
	at com.kms.katalon.core.webui.keyword.WebUiBuiltInKeywords.click(WebUiBuiltInKeywords.groovy:616)
	at com.kms.katalon.core.webui.keyword.WebUiBuiltInKeywords$click$2.call(Unknown Source)
	at Touch-UP Paint.run(Touch-UP Paint:45)
	at com.kms.katalon.core.main.ScriptEngine.run(ScriptEngine.java:194)
	at com.kms.katalon.core.main.ScriptEngine.runScriptAsRawText(ScriptEngine.java:119)
	at com.kms.katalon.core.main.TestCaseExecutor.runScript(TestCaseExecutor.java:336)
	at com.kms.katalon.core.main.TestCaseExecutor.doExecute(TestCaseExecutor.java:327)
	at com.kms.katalon.core.main.TestCaseExecutor.processExecutionPhase(TestCaseExecutor.java:306)
	at com.kms.katalon.core.main.TestCaseExecutor.accessMainPhase(TestCaseExecutor.java:298)
	at com.kms.katalon.core.main.TestCaseExecutor.execute(TestCaseExecutor.java:232)
	at com.kms.katalon.core.main.TestSuiteExecutor.accessTestCaseMainPhase(TestSuiteExecutor.java:129)
	at com.kms.katalon.core.main.TestSuiteExecutor.accessTestSuiteMainPhase(TestSuiteExecutor.java:112)
	at com.kms.katalon.core.main.TestSuiteExecutor.execute(TestSuiteExecutor.java:81)
	at com.kms.katalon.core.main.TestCaseMain.startTestSuite(TestCaseMain.java:157)
	at com.kms.katalon.core.main.TestCaseMain$startTestSuite$0.call(Unknown Source)
	at TempTestSuite1559207228408.run(TempTestSuite1559207228408.groovy:35)
Caused by: org.openqa.selenium.ElementNotVisibleException: element not interactable
  (Session info: chrome=74.0.3729.169)
  (Driver info: chromedriver=74.0.3729.6 (255758eccf3d244491b8a1317aa76e1ce10d57e9-refs/branch-heads/3729@{#29}),platform=Windows NT 10.0.17763 x86_64) (WARNING: The server did not provide any stacktrace information)
Command duration or timeout: 0 milliseconds
Build info: version: '3.7.1', revision: '8a0099a', time: '2017-11-06T21:07:36.161Z'
System info: host: 'BCHOPT-NW100219', ip: '10.69.196.168', os.name: 'Windows 10', os.arch: 'amd64', os.version: '10.0', java.version: '1.8.0_181'
Driver info: com.kms.katalon.selenium.driver.CChromeDriver
Capabilities {acceptInsecureCerts: false, acceptSslCerts: false, applicationCacheEnabled: false, browserConnectionEnabled: false, browserName: chrome, chrome: {chromedriverVersion: 74.0.3729.6 (255758eccf3d24..., userDataDir: C:\Users\ADRIAN~1.DOB\AppDa...}, cssSelectorsEnabled: true, databaseEnabled: false, goog:chromeOptions: {debuggerAddress: localhost:51938}, handlesAlerts: true, hasTouchScreen: false, javascriptEnabled: true, locationContextEnabled: true, mobileEmulationEnabled: false, nativeEvents: true, networkConnectionEnabled: false, pageLoadStrategy: normal, platform: XP, platformName: XP, proxy: Proxy(direct), rotatable: false, setWindowRect: true, strictFileInteractability: false, takesHeapSnapshot: true, takesScreenshot: true, timeouts: {implicit: 0, pageLoad: 300000, script: 30000}, unexpectedAlertBehaviour: ignore, unhandledPromptBehavior: ignore, version: 74.0.3729.169, webStorageEnabled: true}
Session ID: 9df02d6364e3b8c6dbc4f0a10e7da4e0
	at org.openqa.selenium.remote.ErrorHandler.createThrowable(ErrorHandler.java:214)
	at org.openqa.selenium.remote.ErrorHandler.throwIfResponseFailed(ErrorHandler.java:166)
	at org.openqa.selenium.remote.http.JsonHttpResponseCodec.reconstructValue(JsonHttpResponseCodec.java:40)
	at org.openqa.selenium.remote.http.AbstractHttpResponseCodec.decode(AbstractHttpResponseCodec.java:80)
	at org.openqa.selenium.remote.http.AbstractHttpResponseCodec.decode(AbstractHttpResponseCodec.java:44)
	at org.openqa.selenium.remote.HttpCommandExecutor.execute(HttpCommandExecutor.java:164)
	at org.openqa.selenium.remote.service.DriverCommandExecutor.execute(DriverCommandExecutor.java:83)
	at org.openqa.selenium.remote.RemoteWebDriver.execute(RemoteWebDriver.java:600)
	at com.kms.katalon.selenium.driver.CChromeDriver.execute(CChromeDriver.java:20)
	at org.openqa.selenium.remote.RemoteWebElement.execute(RemoteWebElement.java:279)
	at org.openqa.selenium.remote.RemoteWebElement.click(RemoteWebElement.java:83)
	at com.kms.katalon.core.webui.keyword.builtin.ClickKeyword$_click_closure1.doCall(ClickKeyword.groovy:79)
	at com.kms.katalon.core.webui.keyword.builtin.ClickKeyword$_click_closure1.call(ClickKeyword.groovy)
	at com.kms.katalon.core.webui.keyword.internal.WebUIKeywordMain.runKeyword(WebUIKeywordMain.groovy:20)
	at com.kms.katalon.core.webui.keyword.builtin.ClickKeyword.click(ClickKeyword.groovy:86)
	at com.kms.katalon.core.webui.keyword.builtin.ClickKeyword.execute(ClickKeyword.groovy:67)
	at com.kms.katalon.core.keyword.internal.KeywordExecutor.executeKeywordForPlatform(KeywordExecutor.groovy:56)
	at com.kms.katalon.core.webui.keyword.WebUiBuiltInKeywords.click(WebUiBuiltInKeywords.groovy:616)
	at com.kms.katalon.core.webui.keyword.WebUiBuiltInKeywords$click$2.call(Unknown Source)
	at Script1558537420008.run(Script1558537420008.groovy:45)
	... 13 more
)
[[ATTACHMENT|C:\\Users\\adrian.dobre\\Katalon Studio\\Genuine GM Parts\\Reports\\GGMP\\Tests\\20190530_120708\\1559207445056.png]]]]></system-out>
         <system-err><![CDATA[2019-05-30 12:10:23 - [TEST_CASE][FAILED] - Test Cases/GGMP/GlobalNav/Collision/Touch-UP Paint: Test Cases/GGMP/GlobalNav/Collision/Touch-UP Paint FAILED.
Reason:
com.kms.katalon.core.exception.StepFailedException: Unable to click on object 'Object Repository/Global Nav/Collision/Touch-Up Paint/span_2018 GM Refinish Materials - GMW-15406-2017'
	at com.kms.katalon.core.webui.keyword.internal.WebUIKeywordMain.stepFailed(WebUIKeywordMain.groovy:64)
	at com.kms.katalon.core.webui.keyword.internal.WebUIKeywordMain.runKeyword(WebUIKeywordMain.groovy:26)
	at com.kms.katalon.core.webui.keyword.builtin.ClickKeyword.click(ClickKeyword.groovy:86)
	at com.kms.katalon.core.webui.keyword.builtin.ClickKeyword.execute(ClickKeyword.groovy:67)
	at com.kms.katalon.core.keyword.internal.KeywordExecutor.executeKeywordForPlatform(KeywordExecutor.groovy:56)
	at com.kms.katalon.core.webui.keyword.WebUiBuiltInKeywords.click(WebUiBuiltInKeywords.groovy:616)
	at com.kms.katalon.core.webui.keyword.WebUiBuiltInKeywords$click$2.call(Unknown Source)
	at Touch-UP Paint.run(Touch-UP Paint:45)
	at com.kms.katalon.core.main.ScriptEngine.run(ScriptEngine.java:194)
	at com.kms.katalon.core.main.ScriptEngine.runScriptAsRawText(ScriptEngine.java:119)
	at com.kms.katalon.core.main.TestCaseExecutor.runScript(TestCaseExecutor.java:336)
	at com.kms.katalon.core.main.TestCaseExecutor.doExecute(TestCaseExecutor.java:327)
	at com.kms.katalon.core.main.TestCaseExecutor.processExecutionPhase(TestCaseExecutor.java:306)
	at com.kms.katalon.core.main.TestCaseExecutor.accessMainPhase(TestCaseExecutor.java:298)
	at com.kms.katalon.core.main.TestCaseExecutor.execute(TestCaseExecutor.java:232)
	at com.kms.katalon.core.main.TestSuiteExecutor.accessTestCaseMainPhase(TestSuiteExecutor.java:129)
	at com.kms.katalon.core.main.TestSuiteExecutor.accessTestSuiteMainPhase(TestSuiteExecutor.java:112)
	at com.kms.katalon.core.main.TestSuiteExecutor.execute(TestSuiteExecutor.java:81)
	at com.kms.katalon.core.main.TestCaseMain.startTestSuite(TestCaseMain.java:157)
	at com.kms.katalon.core.main.TestCaseMain$startTestSuite$0.call(Unknown Source)
	at TempTestSuite1559207228408.run(TempTestSuite1559207228408.groovy:35)
Caused by: org.openqa.selenium.ElementNotVisibleException: element not interactable
  (Session info: chrome=74.0.3729.169)
  (Driver info: chromedriver=74.0.3729.6 (255758eccf3d244491b8a1317aa76e1ce10d57e9-refs/branch-heads/3729@{#29}),platform=Windows NT 10.0.17763 x86_64) (WARNING: The server did not provide any stacktrace information)
Command duration or timeout: 0 milliseconds
Build info: version: '3.7.1', revision: '8a0099a', time: '2017-11-06T21:07:36.161Z'
System info: host: 'BCHOPT-NW100219', ip: '10.69.196.168', os.name: 'Windows 10', os.arch: 'amd64', os.version: '10.0', java.version: '1.8.0_181'
Driver info: com.kms.katalon.selenium.driver.CChromeDriver
Capabilities {acceptInsecureCerts: false, acceptSslCerts: false, applicationCacheEnabled: false, browserConnectionEnabled: false, browserName: chrome, chrome: {chromedriverVersion: 74.0.3729.6 (255758eccf3d24..., userDataDir: C:\Users\ADRIAN~1.DOB\AppDa...}, cssSelectorsEnabled: true, databaseEnabled: false, goog:chromeOptions: {debuggerAddress: localhost:51938}, handlesAlerts: true, hasTouchScreen: false, javascriptEnabled: true, locationContextEnabled: true, mobileEmulationEnabled: false, nativeEvents: true, networkConnectionEnabled: false, pageLoadStrategy: normal, platform: XP, platformName: XP, proxy: Proxy(direct), rotatable: false, setWindowRect: true, strictFileInteractability: false, takesHeapSnapshot: true, takesScreenshot: true, timeouts: {implicit: 0, pageLoad: 300000, script: 30000}, unexpectedAlertBehaviour: ignore, unhandledPromptBehavior: ignore, version: 74.0.3729.169, webStorageEnabled: true}
Session ID: 9df02d6364e3b8c6dbc4f0a10e7da4e0
	at org.openqa.selenium.remote.ErrorHandler.createThrowable(ErrorHandler.java:214)
	at org.openqa.selenium.remote.ErrorHandler.throwIfResponseFailed(ErrorHandler.java:166)
	at org.openqa.selenium.remote.http.JsonHttpResponseCodec.reconstructValue(JsonHttpResponseCodec.java:40)
	at org.openqa.selenium.remote.http.AbstractHttpResponseCodec.decode(AbstractHttpResponseCodec.java:80)
	at org.openqa.selenium.remote.http.AbstractHttpResponseCodec.decode(AbstractHttpResponseCodec.java:44)
	at org.openqa.selenium.remote.HttpCommandExecutor.execute(HttpCommandExecutor.java:164)
	at org.openqa.selenium.remote.service.DriverCommandExecutor.execute(DriverCommandExecutor.java:83)
	at org.openqa.selenium.remote.RemoteWebDriver.execute(RemoteWebDriver.java:600)
	at com.kms.katalon.selenium.driver.CChromeDriver.execute(CChromeDriver.java:20)
	at org.openqa.selenium.remote.RemoteWebElement.execute(RemoteWebElement.java:279)
	at org.openqa.selenium.remote.RemoteWebElement.click(RemoteWebElement.java:83)
	at com.kms.katalon.core.webui.keyword.builtin.ClickKeyword$_click_closure1.doCall(ClickKeyword.groovy:79)
	at com.kms.katalon.core.webui.keyword.builtin.ClickKeyword$_click_closure1.call(ClickKeyword.groovy)
	at com.kms.katalon.core.webui.keyword.internal.WebUIKeywordMain.runKeyword(WebUIKeywordMain.groovy:20)
	at com.kms.katalon.core.webui.keyword.builtin.ClickKeyword.click(ClickKeyword.groovy:86)
	at com.kms.katalon.core.webui.keyword.builtin.ClickKeyword.execute(ClickKeyword.groovy:67)
	at com.kms.katalon.core.keyword.internal.KeywordExecutor.executeKeywordForPlatform(KeywordExecutor.groovy:56)
	at com.kms.katalon.core.webui.keyword.WebUiBuiltInKeywords.click(WebUiBuiltInKeywords.groovy:616)
	at com.kms.katalon.core.webui.keyword.WebUiBuiltInKeywords$click$2.call(Unknown Source)
	at Script1558537420008.run(Script1558537420008.groovy:45)
	... 13 more]]></system-err>
      </testcase>
      <testcase name="Test Cases/GGMP/GlobalNav/For Professionals/ACDelco SHop Tools" classname="Test Cases/GGMP/GlobalNav/For Professionals/ACDelco SHop Tools" status="PASSED">
         <system-out><![CDATA[2019-05-30 12:10:45 - [TEST_CASE][PASSED] - Test Cases/GGMP/GlobalNav/For Professionals/ACDelco SHop Tools: Test Cases/GGMP/GlobalNav/For Professionals/ACDelco SHop Tools

2019-05-30 12:10:46 - [TEST_STEP][PASSED] - openBrowser(""): Browser is opened with url: ''

2019-05-30 12:10:46 - [MESSAGE][WARNING] - A browser is already opened. Closing browser and opening a new one

2019-05-30 12:10:47 - [MESSAGE][INFO] - Starting 'Chrome' driver

2019-05-30 12:10:53 - [MESSAGE][PASSED] - Browser is opened with url: ''

2019-05-30 12:10:53 - [TEST_STEP][PASSED] - maximizeWindow(): Current window maximized

2019-05-30 12:10:55 - [MESSAGE][PASSED] - Current window maximized

2019-05-30 12:10:55 - [TEST_STEP][PASSED] - navigateToUrl("https://www.genuinegmparts.com"): Navigate to 'https://www.genuinegmparts.com' successfully

2019-05-30 12:10:58 - [MESSAGE][PASSED] - Navigate to 'https://www.genuinegmparts.com' successfully

2019-05-30 12:10:58 - [TEST_STEP][PASSED] - click(findTestObject("Object Repository/Global Nav/For Professionals/ACDelco Shop Tools/li_Forprofessionals")): Object: 'Object Repository/Global Nav/For Professionals/ACDelco Shop Tools/li_Forprofessionals' is clicked on

2019-05-30 12:10:58 - [MESSAGE][PASSED] - Object: 'Object Repository/Global Nav/For Professionals/ACDelco Shop Tools/li_Forprofessionals' is clicked on

2019-05-30 12:10:58 - [TEST_STEP][PASSED] - click(findTestObject("Object Repository/Global Nav/For Professionals/ACDelco Shop Tools/a_ACDelco Shop Tools")): Object: 'Object Repository/Global Nav/For Professionals/ACDelco Shop Tools/a_ACDelco Shop Tools' is clicked on

2019-05-30 12:10:58 - [MESSAGE][PASSED] - Object: 'Object Repository/Global Nav/For Professionals/ACDelco Shop Tools/a_ACDelco Shop Tools' is clicked on

2019-05-30 12:10:58 - [TEST_STEP][PASSED] - switchToWindowTitle("For Professionals: Shop Tools | ACDelco"): Switched to window with title: 'For Professionals: Shop Tools | ACDelco'

2019-05-30 12:11:04 - [MESSAGE][PASSED] - Switched to window with title: 'For Professionals: Shop Tools | ACDelco'

2019-05-30 12:11:04 - [TEST_STEP][PASSED] - closeBrowser(): Browser is closed

2019-05-30 12:11:05 - [MESSAGE][PASSED] - Browser is closed]]></system-out>
         <system-err><![CDATA[]]></system-err>
      </testcase>
      <testcase name="Test Cases/GGMP/GlobalNav/For Professionals/Cadillac Aluminum" classname="Test Cases/GGMP/GlobalNav/For Professionals/Cadillac Aluminum" status="PASSED">
         <system-out><![CDATA[2019-05-30 12:11:05 - [TEST_CASE][PASSED] - Test Cases/GGMP/GlobalNav/For Professionals/Cadillac Aluminum: Test Cases/GGMP/GlobalNav/For Professionals/Cadillac Aluminum

2019-05-30 12:11:05 - [TEST_STEP][PASSED] - openBrowser(""): Browser is opened with url: ''

2019-05-30 12:11:05 - [MESSAGE][INFO] - Starting 'Chrome' driver

2019-05-30 12:11:11 - [MESSAGE][PASSED] - Browser is opened with url: ''

2019-05-30 12:11:11 - [TEST_STEP][PASSED] - maximizeWindow(): Current window maximized

2019-05-30 12:11:13 - [MESSAGE][PASSED] - Current window maximized

2019-05-30 12:11:13 - [TEST_STEP][PASSED] - navigateToUrl("https://www.genuinegmparts.com/"): Navigate to 'https://www.genuinegmparts.com/' successfully

2019-05-30 12:11:16 - [MESSAGE][PASSED] - Navigate to 'https://www.genuinegmparts.com/' successfully

2019-05-30 12:11:16 - [TEST_STEP][PASSED] - click(findTestObject("Object Repository/Global Nav/For Professionals/Cadillac Aluminum/li_Forprofessionals")): Object: 'Object Repository/Global Nav/For Professionals/Cadillac Aluminum/li_Forprofessionals' is clicked on

2019-05-30 12:11:16 - [MESSAGE][PASSED] - Object: 'Object Repository/Global Nav/For Professionals/Cadillac Aluminum/li_Forprofessionals' is clicked on

2019-05-30 12:11:16 - [TEST_STEP][PASSED] - click(findTestObject("Object Repository/Global Nav/For Professionals/Cadillac Aluminum/a_Cadillac Aluminum Repair Network")): Object: 'Object Repository/Global Nav/For Professionals/Cadillac Aluminum/a_Cadillac Aluminum Repair Network' is clicked on

2019-05-30 12:11:16 - [MESSAGE][PASSED] - Object: 'Object Repository/Global Nav/For Professionals/Cadillac Aluminum/a_Cadillac Aluminum Repair Network' is clicked on

2019-05-30 12:11:16 - [TEST_STEP][PASSED] - delay(2): Delayed 2 second(s)

2019-05-30 12:11:18 - [MESSAGE][PASSED] - Delayed 2 second(s)

2019-05-30 12:11:18 - [TEST_STEP][PASSED] - verifyElementText(findTestObject("Global Nav/For Professionals/Cadillac Aluminum/h1_Cadillac Aluminum Repair Network"), "Cadillac Aluminum Repair Network"): Actual text and expected text of test object 'Object Repository/Global Nav/For Professionals/Cadillac Aluminum/h1_Cadillac Aluminum Repair Network' are matched.

2019-05-30 12:11:19 - [MESSAGE][PASSED] - Actual text and expected text of test object 'Object Repository/Global Nav/For Professionals/Cadillac Aluminum/h1_Cadillac Aluminum Repair Network' are matched.

2019-05-30 12:11:19 - [TEST_STEP][PASSED] - closeBrowser(): Browser is closed

2019-05-30 12:11:20 - [MESSAGE][PASSED] - Browser is closed]]></system-out>
         <system-err><![CDATA[]]></system-err>
      </testcase>
      <testcase name="Test Cases/GGMP/GlobalNav/For Professionals/Collision Repair Network" classname="Test Cases/GGMP/GlobalNav/For Professionals/Collision Repair Network" status="PASSED">
         <system-out><![CDATA[2019-05-30 12:11:20 - [TEST_CASE][PASSED] - Test Cases/GGMP/GlobalNav/For Professionals/Collision Repair Network: Test Cases/GGMP/GlobalNav/For Professionals/Collision Repair Network

2019-05-30 12:11:20 - [TEST_STEP][PASSED] - openBrowser(""): Browser is opened with url: ''

2019-05-30 12:11:20 - [MESSAGE][INFO] - Starting 'Chrome' driver

2019-05-30 12:11:25 - [MESSAGE][PASSED] - Browser is opened with url: ''

2019-05-30 12:11:25 - [TEST_STEP][PASSED] - maximizeWindow(): Current window maximized

2019-05-30 12:11:26 - [MESSAGE][PASSED] - Current window maximized

2019-05-30 12:11:26 - [TEST_STEP][PASSED] - navigateToUrl("https://www.genuinegmparts.com/"): Navigate to 'https://www.genuinegmparts.com/' successfully

2019-05-30 12:11:30 - [MESSAGE][PASSED] - Navigate to 'https://www.genuinegmparts.com/' successfully

2019-05-30 12:11:30 - [TEST_STEP][PASSED] - click(findTestObject("Object Repository/Global Nav/For Professionals/Collision Repair Network/li_Forprofessionals")): Object: 'Object Repository/Global Nav/For Professionals/Collision Repair Network/li_Forprofessionals' is clicked on

2019-05-30 12:11:30 - [MESSAGE][PASSED] - Object: 'Object Repository/Global Nav/For Professionals/Collision Repair Network/li_Forprofessionals' is clicked on

2019-05-30 12:11:30 - [TEST_STEP][PASSED] - click(findTestObject("Object Repository/Global Nav/For Professionals/Collision Repair Network/a_Collision Repair Network")): Object: 'Object Repository/Global Nav/For Professionals/Collision Repair Network/a_Collision Repair Network' is clicked on

2019-05-30 12:11:30 - [MESSAGE][PASSED] - Object: 'Object Repository/Global Nav/For Professionals/Collision Repair Network/a_Collision Repair Network' is clicked on

2019-05-30 12:11:30 - [TEST_STEP][PASSED] - delay(2): Delayed 2 second(s)

2019-05-30 12:11:32 - [MESSAGE][PASSED] - Delayed 2 second(s)

2019-05-30 12:11:32 - [TEST_STEP][PASSED] - verifyElementText(findTestObject("Global Nav/For Professionals/Collision Repair Network/h1_The General Motors Collision Repair Network"), "The General Motors Collision Repair Network"): Actual text and expected text of test object 'Object Repository/Global Nav/For Professionals/Collision Repair Network/h1_The General Motors Collision Repair Network' are matched.

2019-05-30 12:11:33 - [MESSAGE][PASSED] - Actual text and expected text of test object 'Object Repository/Global Nav/For Professionals/Collision Repair Network/h1_The General Motors Collision Repair Network' are matched.

2019-05-30 12:11:33 - [TEST_STEP][PASSED] - closeBrowser(): Browser is closed

2019-05-30 12:11:34 - [MESSAGE][PASSED] - Browser is closed]]></system-out>
         <system-err><![CDATA[]]></system-err>
      </testcase>
      <testcase name="Test Cases/GGMP/GlobalNav/For Professionals/Core Return Program" classname="Test Cases/GGMP/GlobalNav/For Professionals/Core Return Program" status="PASSED">
         <system-out><![CDATA[2019-05-30 12:11:34 - [TEST_CASE][PASSED] - Test Cases/GGMP/GlobalNav/For Professionals/Core Return Program: Test Cases/GGMP/GlobalNav/For Professionals/Core Return Program

2019-05-30 12:11:34 - [TEST_STEP][PASSED] - openBrowser(""): Browser is opened with url: ''

2019-05-30 12:11:34 - [MESSAGE][INFO] - Starting 'Chrome' driver

2019-05-30 12:11:40 - [MESSAGE][PASSED] - Browser is opened with url: ''

2019-05-30 12:11:40 - [TEST_STEP][PASSED] - maximizeWindow(): Current window maximized

2019-05-30 12:11:41 - [MESSAGE][PASSED] - Current window maximized

2019-05-30 12:11:41 - [TEST_STEP][PASSED] - navigateToUrl("https://www.genuinegmparts.com/"): Navigate to 'https://www.genuinegmparts.com/' successfully

2019-05-30 12:11:44 - [MESSAGE][PASSED] - Navigate to 'https://www.genuinegmparts.com/' successfully

2019-05-30 12:11:44 - [TEST_STEP][PASSED] - click(findTestObject("Object Repository/Global Nav/For Professionals/Core Return Program/li_Forprofessionals")): Object: 'Object Repository/Global Nav/For Professionals/Core Return Program/li_Forprofessionals' is clicked on

2019-05-30 12:11:44 - [MESSAGE][PASSED] - Object: 'Object Repository/Global Nav/For Professionals/Core Return Program/li_Forprofessionals' is clicked on

2019-05-30 12:11:44 - [TEST_STEP][PASSED] - click(findTestObject("Object Repository/Global Nav/For Professionals/Core Return Program/a_Core Return Program")): Object: 'Object Repository/Global Nav/For Professionals/Core Return Program/a_Core Return Program' is clicked on

2019-05-30 12:11:44 - [MESSAGE][PASSED] - Object: 'Object Repository/Global Nav/For Professionals/Core Return Program/a_Core Return Program' is clicked on

2019-05-30 12:11:44 - [TEST_STEP][PASSED] - delay(2): Delayed 2 second(s)

2019-05-30 12:11:46 - [MESSAGE][PASSED] - Delayed 2 second(s)

2019-05-30 12:11:46 - [TEST_STEP][PASSED] - verifyElementText(findTestObject("Global Nav/For Professionals/Core Return Program/h1_GM Core Return Program"), "GM Core Return Program"): Actual text and expected text of test object 'Object Repository/Global Nav/For Professionals/Core Return Program/h1_GM Core Return Program' are matched.

2019-05-30 12:11:46 - [MESSAGE][PASSED] - Actual text and expected text of test object 'Object Repository/Global Nav/For Professionals/Core Return Program/h1_GM Core Return Program' are matched.

2019-05-30 12:11:46 - [TEST_STEP][PASSED] - closeBrowser(): Browser is closed

2019-05-30 12:11:47 - [MESSAGE][PASSED] - Browser is closed]]></system-out>
         <system-err><![CDATA[]]></system-err>
      </testcase>
      <testcase name="Test Cases/GGMP/GlobalNav/For Professionals/My GM Partner Perks" classname="Test Cases/GGMP/GlobalNav/For Professionals/My GM Partner Perks" status="PASSED">
         <system-out><![CDATA[2019-05-30 12:11:47 - [TEST_CASE][PASSED] - Test Cases/GGMP/GlobalNav/For Professionals/My GM Partner Perks: Test Cases/GGMP/GlobalNav/For Professionals/My GM Partner Perks

2019-05-30 12:11:48 - [TEST_STEP][PASSED] - openBrowser(""): Browser is opened with url: ''

2019-05-30 12:11:48 - [MESSAGE][INFO] - Starting 'Chrome' driver

2019-05-30 12:11:53 - [MESSAGE][PASSED] - Browser is opened with url: ''

2019-05-30 12:11:53 - [TEST_STEP][PASSED] - maximizeWindow(): Current window maximized

2019-05-30 12:11:54 - [MESSAGE][PASSED] - Current window maximized

2019-05-30 12:11:54 - [TEST_STEP][PASSED] - navigateToUrl("https://www.genuinegmparts.com/"): Navigate to 'https://www.genuinegmparts.com/' successfully

2019-05-30 12:11:57 - [MESSAGE][PASSED] - Navigate to 'https://www.genuinegmparts.com/' successfully

2019-05-30 12:11:57 - [TEST_STEP][PASSED] - click(findTestObject("Object Repository/Global Nav/For Professionals/My GM Partner Perks/li_Forprofessionals")): Object: 'Object Repository/Global Nav/For Professionals/My GM Partner Perks/li_Forprofessionals' is clicked on

2019-05-30 12:11:57 - [MESSAGE][PASSED] - Object: 'Object Repository/Global Nav/For Professionals/My GM Partner Perks/li_Forprofessionals' is clicked on

2019-05-30 12:11:57 - [TEST_STEP][PASSED] - click(findTestObject("Object Repository/Global Nav/For Professionals/My GM Partner Perks/a_My GM Partner Perks")): Object: 'Object Repository/Global Nav/For Professionals/My GM Partner Perks/a_My GM Partner Perks' is clicked on

2019-05-30 12:11:57 - [MESSAGE][PASSED] - Object: 'Object Repository/Global Nav/For Professionals/My GM Partner Perks/a_My GM Partner Perks' is clicked on

2019-05-30 12:11:57 - [TEST_STEP][PASSED] - delay(2): Delayed 2 second(s)

2019-05-30 12:11:59 - [MESSAGE][PASSED] - Delayed 2 second(s)

2019-05-30 12:11:59 - [TEST_STEP][PASSED] - verifyElementText(findTestObject("Global Nav/For Professionals/My GM Partner Perks/font_MY GM PARTNER PERKS"), "MY GM PARTNER PERKS"): Actual text and expected text of test object 'Object Repository/Global Nav/For Professionals/My GM Partner Perks/font_MY GM PARTNER PERKS' are matched.

2019-05-30 12:12:00 - [MESSAGE][PASSED] - Actual text and expected text of test object 'Object Repository/Global Nav/For Professionals/My GM Partner Perks/font_MY GM PARTNER PERKS' are matched.

2019-05-30 12:12:00 - [TEST_STEP][PASSED] - click(findTestObject("Object Repository/Global Nav/For Professionals/My GM Partner Perks/button_ENROLL TODAY")): Object: 'Object Repository/Global Nav/For Professionals/My GM Partner Perks/button_ENROLL TODAY' is clicked on

2019-05-30 12:12:00 - [MESSAGE][PASSED] - Object: 'Object Repository/Global Nav/For Professionals/My GM Partner Perks/button_ENROLL TODAY' is clicked on

2019-05-30 12:12:00 - [TEST_STEP][PASSED] - closeBrowser(): Browser is closed

2019-05-30 12:12:01 - [MESSAGE][PASSED] - Browser is closed]]></system-out>
         <system-err><![CDATA[]]></system-err>
      </testcase>
      <testcase name="Test Cases/GGMP/GlobalNav/For Professionals/Position Statements" classname="Test Cases/GGMP/GlobalNav/For Professionals/Position Statements" status="PASSED">
         <system-out><![CDATA[2019-05-30 12:12:01 - [TEST_CASE][PASSED] - Test Cases/GGMP/GlobalNav/For Professionals/Position Statements: Test Cases/GGMP/GlobalNav/For Professionals/Position Statements

2019-05-30 12:12:01 - [TEST_STEP][PASSED] - openBrowser(""): Browser is opened with url: ''

2019-05-30 12:12:01 - [MESSAGE][INFO] - Starting 'Chrome' driver

2019-05-30 12:12:06 - [MESSAGE][PASSED] - Browser is opened with url: ''

2019-05-30 12:12:06 - [TEST_STEP][PASSED] - maximizeWindow(): Current window maximized

2019-05-30 12:12:07 - [MESSAGE][PASSED] - Current window maximized

2019-05-30 12:12:07 - [TEST_STEP][PASSED] - navigateToUrl("https://www.genuinegmparts.com/"): Navigate to 'https://www.genuinegmparts.com/' successfully

2019-05-30 12:12:10 - [MESSAGE][PASSED] - Navigate to 'https://www.genuinegmparts.com/' successfully

2019-05-30 12:12:10 - [TEST_STEP][PASSED] - click(findTestObject("Object Repository/Global Nav/For Professionals/Position Statements/li_Forprofessionals")): Object: 'Object Repository/Global Nav/For Professionals/Position Statements/li_Forprofessionals' is clicked on

2019-05-30 12:12:10 - [MESSAGE][PASSED] - Object: 'Object Repository/Global Nav/For Professionals/Position Statements/li_Forprofessionals' is clicked on

2019-05-30 12:12:10 - [TEST_STEP][PASSED] - click(findTestObject("Object Repository/Global Nav/For Professionals/Position Statements/a_Position Statements")): Object: 'Object Repository/Global Nav/For Professionals/Position Statements/a_Position Statements' is clicked on

2019-05-30 12:12:11 - [MESSAGE][PASSED] - Object: 'Object Repository/Global Nav/For Professionals/Position Statements/a_Position Statements' is clicked on

2019-05-30 12:12:11 - [TEST_STEP][PASSED] - delay(2): Delayed 2 second(s)

2019-05-30 12:12:13 - [MESSAGE][PASSED] - Delayed 2 second(s)

2019-05-30 12:12:13 - [TEST_STEP][PASSED] - verifyElementText(findTestObject("Global Nav/For Professionals/Position Statements/h1_Position statements"), "Position statements"): Actual text and expected text of test object 'Object Repository/Global Nav/For Professionals/Position Statements/h1_Position statements' are matched.

[...]
         <system-out><![CDATA[2019-05-30 12:23:33 - [TEST_CASE][PASSED] - Test Cases/GGMP/SiveNav/Powertrain/Engine Components: Test Cases/GGMP/SiveNav/Powertrain/Engine Components

2019-05-30 12:23:33 - [TEST_STEP][PASSED] - openBrowser(""): Browser is opened with url: ''

2019-05-30 12:23:33 - [MESSAGE][INFO] - Starting 'Chrome' driver

2019-05-30 12:23:39 - [MESSAGE][PASSED] - Browser is opened with url: ''

2019-05-30 12:23:39 - [TEST_STEP][PASSED] - maximizeWindow(): Current window maximized

2019-05-30 12:23:40 - [MESSAGE][PASSED] - Current window maximized

2019-05-30 12:23:40 - [TEST_STEP][PASSED] - navigateToUrl("https://www.genuinegmparts.com/"): Navigate to 'https://www.genuinegmparts.com/' successfully

2019-05-30 12:23:43 - [MESSAGE][PASSED] - Navigate to 'https://www.genuinegmparts.com/' successfully

2019-05-30 12:23:43 - [TEST_STEP][PASSED] - click(findTestObject("Object Repository/a_Engine Components")): Object: 'Object Repository/a_Engine Components' is clicked on

2019-05-30 12:23:43 - [MESSAGE][PASSED] - Object: 'Object Repository/a_Engine Components' is clicked on

2019-05-30 12:23:43 - [TEST_STEP][PASSED] - closeBrowser(): Browser is closed

2019-05-30 12:23:44 - [MESSAGE][PASSED] - Browser is closed]]></system-out>
         <system-err><![CDATA[]]></system-err>
      </testcase>
      <testcase name="Test Cases/GGMP/SiveNav/Powertrain/Engines" classname="Test Cases/GGMP/SiveNav/Powertrain/Engines" status="PASSED">
         <system-out><![CDATA[2019-05-30 12:23:44 - [TEST_CASE][PASSED] - Test Cases/GGMP/SiveNav/Powertrain/Engines: Test Cases/GGMP/SiveNav/Powertrain/Engines

2019-05-30 12:23:44 - [TEST_STEP][PASSED] - openBrowser(""): Browser is opened with url: ''

2019-05-30 12:23:44 - [MESSAGE][INFO] - Starting 'Chrome' driver

2019-05-30 12:23:49 - [MESSAGE][PASSED] - Browser is opened with url: ''

2019-05-30 12:23:49 - [TEST_STEP][PASSED] - maximizeWindow(): Current window maximized

2019-05-30 12:23:50 - [MESSAGE][PASSED] - Current window maximized

2019-05-30 12:23:50 - [TEST_STEP][PASSED] - navigateToUrl("https://www.genuinegmparts.com/"): Navigate to 'https://www.genuinegmparts.com/' successfully

2019-05-30 12:23:54 - [MESSAGE][PASSED] - Navigate to 'https://www.genuinegmparts.com/' successfully

2019-05-30 12:23:54 - [TEST_STEP][PASSED] - click(findTestObject("Object Repository/a_Engines")): Object: 'Object Repository/a_Engines' is clicked on

2019-05-30 12:23:54 - [MESSAGE][PASSED] - Object: 'Object Repository/a_Engines' is clicked on

2019-05-30 12:23:54 - [TEST_STEP][PASSED] - closeBrowser(): Browser is closed

2019-05-30 12:23:55 - [MESSAGE][PASSED] - Browser is closed]]></system-out>
         <system-err><![CDATA[]]></system-err>
      </testcase>
      <testcase name="Test Cases/GGMP/SiveNav/Powertrain/Transmission Components" classname="Test Cases/GGMP/SiveNav/Powertrain/Transmission Components" status="PASSED">
         <system-out><![CDATA[2019-05-30 12:23:55 - [TEST_CASE][PASSED] - Test Cases/GGMP/SiveNav/Powertrain/Transmission Components: Test Cases/GGMP/SiveNav/Powertrain/Transmission Components

2019-05-30 12:23:55 - [TEST_STEP][PASSED] - openBrowser(""): Browser is opened with url: ''

2019-05-30 12:23:55 - [MESSAGE][INFO] - Starting 'Chrome' driver

2019-05-30 12:24:00 - [MESSAGE][PASSED] - Browser is opened with url: ''

2019-05-30 12:24:00 - [TEST_STEP][PASSED] - maximizeWindow(): Current window maximized

2019-05-30 12:24:01 - [MESSAGE][PASSED] - Current window maximized

2019-05-30 12:24:01 - [TEST_STEP][PASSED] - navigateToUrl("https://www.genuinegmparts.com/"): Navigate to 'https://www.genuinegmparts.com/' successfully

2019-05-30 12:24:04 - [MESSAGE][PASSED] - Navigate to 'https://www.genuinegmparts.com/' successfully

2019-05-30 12:24:04 - [TEST_STEP][PASSED] - click(findTestObject("Object Repository/a_Transmission Components")): Object: 'Object Repository/a_Transmission Components' is clicked on

2019-05-30 12:24:04 - [MESSAGE][PASSED] - Object: 'Object Repository/a_Transmission Components' is clicked on

2019-05-30 12:24:04 - [TEST_STEP][PASSED] - closeBrowser(): Browser is closed

2019-05-30 12:24:05 - [MESSAGE][PASSED] - Browser is closed]]></system-out>
         <system-err><![CDATA[]]></system-err>
      </testcase>
      <testcase name="Test Cases/GGMP/SiveNav/Powertrain/Transmission" classname="Test Cases/GGMP/SiveNav/Powertrain/Transmission" status="PASSED">
         <system-out><![CDATA[2019-05-30 12:24:05 - [TEST_CASE][PASSED] - Test Cases/GGMP/SiveNav/Powertrain/Transmission: Test Cases/GGMP/SiveNav/Powertrain/Transmission

2019-05-30 12:24:05 - [TEST_STEP][PASSED] - openBrowser(""): Browser is opened with url: ''

2019-05-30 12:24:05 - [MESSAGE][INFO] - Starting 'Chrome' driver

2019-05-30 12:24:10 - [MESSAGE][PASSED] - Browser is opened with url: ''

2019-05-30 12:24:10 - [TEST_STEP][PASSED] - maximizeWindow(): Current window maximized

2019-05-30 12:24:11 - [MESSAGE][PASSED] - Current window maximized

2019-05-30 12:24:11 - [TEST_STEP][PASSED] - navigateToUrl("https://www.genuinegmparts.com/"): Navigate to 'https://www.genuinegmparts.com/' successfully

2019-05-30 12:24:14 - [MESSAGE][PASSED] - Navigate to 'https://www.genuinegmparts.com/' successfully

2019-05-30 12:24:14 - [TEST_STEP][PASSED] - click(findTestObject("Object Repository/a_Transmissions  Transfer Cases")): Object: 'Object Repository/a_Transmissions  Transfer Cases' is clicked on

2019-05-30 12:24:14 - [MESSAGE][PASSED] - Object: 'Object Repository/a_Transmissions  Transfer Cases' is clicked on

2019-05-30 12:24:14 - [TEST_STEP][PASSED] - closeBrowser(): Browser is closed

2019-05-30 12:24:15 - [MESSAGE][PASSED] - Browser is closed]]></system-out>
         <system-err><![CDATA[]]></system-err>
      </testcase>
      <testcase name="Test Cases/GGMP/TOOLS/Touch-Up Paint" classname="Test Cases/GGMP/TOOLS/Touch-Up Paint" status="PASSED">
         <system-out><![CDATA[2019-05-30 12:24:15 - [TEST_CASE][PASSED] - Test Cases/GGMP/TOOLS/Touch-Up Paint: Test Cases/GGMP/TOOLS/Touch-Up Paint

2019-05-30 12:24:15 - [TEST_STEP][PASSED] - openBrowser(""): Browser is opened with url: ''

2019-05-30 12:24:15 - [MESSAGE][INFO] - Starting 'Chrome' driver

2019-05-30 12:24:21 - [MESSAGE][PASSED] - Browser is opened with url: ''

2019-05-30 12:24:21 - [TEST_STEP][PASSED] - maximizeWindow(): Current window maximized

2019-05-30 12:24:22 - [MESSAGE][PASSED] - Current window maximized

2019-05-30 12:24:22 - [TEST_STEP][PASSED] - navigateToUrl("https://www.genuinegmparts.com/"): Navigate to 'https://www.genuinegmparts.com/' successfully

2019-05-30 12:24:25 - [MESSAGE][PASSED] - Navigate to 'https://www.genuinegmparts.com/' successfully

2019-05-30 12:24:25 - [TEST_STEP][PASSED] - click(findTestObject("Object Repository/HomePage/TouchUp Paint/li_Collision")): Object: 'Object Repository/HomePage/TouchUp Paint/li_Collision' is clicked on

2019-05-30 12:24:25 - [MESSAGE][PASSED] - Object: 'Object Repository/HomePage/TouchUp Paint/li_Collision' is clicked on

2019-05-30 12:24:25 - [TEST_STEP][PASSED] - click(findTestObject("Object Repository/HomePage/TouchUp Paint/span_Touch-up paint")): Object: 'Object Repository/HomePage/TouchUp Paint/span_Touch-up paint' is clicked on

2019-05-30 12:24:27 - [MESSAGE][PASSED] - Object: 'Object Repository/HomePage/TouchUp Paint/span_Touch-up paint' is clicked on

2019-05-30 12:24:27 - [TEST_STEP][PASSED] - click(findTestObject("Object Repository/HomePage/TouchUp Paint/a_Downloadable Guides")): Object: 'Object Repository/HomePage/TouchUp Paint/a_Downloadable Guides' is clicked on

2019-05-30 12:24:27 - [MESSAGE][PASSED] - Object: 'Object Repository/HomePage/TouchUp Paint/a_Downloadable Guides' is clicked on

2019-05-30 12:24:27 - [TEST_STEP][PASSED] - click(findTestObject("Object Repository/HomePage/TouchUp Paint/span_2018 GM Refinish Materials - GMW-15406-2017")): Object: 'Object Repository/HomePage/TouchUp Paint/span_2018 GM Refinish Materials - GMW-15406-2017' is clicked on

2019-05-30 12:24:27 - [MESSAGE][PASSED] - Object: 'Object Repository/HomePage/TouchUp Paint/span_2018 GM Refinish Materials - GMW-15406-2017' is clicked on

2019-05-30 12:24:27 - [TEST_STEP][PASSED] - closeBrowser(): Browser is closed

2019-05-30 12:24:28 - [MESSAGE][PASSED] - Browser is closed]]></system-out>
         <system-err><![CDATA[]]></system-err>
      </testcase>
      <system-out><![CDATA[2019-05-30 12:07:12 - [TEST_SUITE][FAILED] - Tests: Test Cases/GGMP/GlobalNav/Collision/Touch-UP Paint FAILED.
Reason:
com.kms.katalon.core.exception.StepFailedException: Unable to click on object 'Object Repository/Global Nav/Collision/Touch-Up Paint/span_2018 GM Refinish Materials - GMW-15406-2017'
	at com.kms.katalon.core.webui.keyword.internal.WebUIKeywordMain.stepFailed(WebUIKeywordMain.groovy:64)
	at com.kms.katalon.core.webui.keyword.internal.WebUIKeywordMain.runKeyword(WebUIKeywordMain.groovy:26)
	at com.kms.katalon.core.webui.keyword.builtin.ClickKeyword.click(ClickKeyword.groovy:86)
	at com.kms.katalon.core.webui.keyword.builtin.ClickKeyword.execute(ClickKeyword.groovy:67)
	at com.kms.katalon.core.keyword.internal.KeywordExecutor.executeKeywordForPlatform(KeywordExecutor.groovy:56)
	at com.kms.katalon.core.webui.keyword.WebUiBuiltInKeywords.click(WebUiBuiltInKeywords.groovy:616)
	at com.kms.katalon.core.webui.keyword.WebUiBuiltInKeywords$click$2.call(Unknown Source)
	at Touch-UP Paint.run(Touch-UP Paint:45)
	at com.kms.katalon.core.main.ScriptEngine.run(ScriptEngine.java:194)
	at com.kms.katalon.core.main.ScriptEngine.runScriptAsRawText(ScriptEngine.java:119)
	at com.kms.katalon.core.main.TestCaseExecutor.runScript(TestCaseExecutor.java:336)
	at com.kms.katalon.core.main.TestCaseExecutor.doExecute(TestCaseExecutor.java:327)
	at com.kms.katalon.core.main.TestCaseExecutor.processExecutionPhase(TestCaseExecutor.java:306)
	at com.kms.katalon.core.main.TestCaseExecutor.accessMainPhase(TestCaseExecutor.java:298)
	at com.kms.katalon.core.main.TestCaseExecutor.execute(TestCaseExecutor.java:232)
	at com.kms.katalon.core.main.TestSuiteExecutor.accessTestCaseMainPhase(TestSuiteExecutor.java:129)
	at com.kms.katalon.core.main.TestSuiteExecutor.accessTestSuiteMainPhase(TestSuiteExecutor.java:112)
	at com.kms.katalon.core.main.TestSuiteExecutor.execute(TestSuiteExecutor.java:81)
	at com.kms.katalon.core.main.TestCaseMain.startTestSuite(TestCaseMain.java:157)
	at com.kms.katalon.core.main.TestCaseMain$startTestSuite$0.call(Unknown Source)
	at TempTestSuite1559207228408.run(TempTestSuite1559207228408.groovy:35)
Caused by: org.openqa.selenium.ElementNotVisibleException: element not interactable
  (Session info: chrome=74.0.3729.169)
  (Driver info: chromedriver=74.0.3729.6 (255758eccf3d244491b8a1317aa76e1ce10d57e9-refs/branch-heads/3729@{#29}),platform=Windows NT 10.0.17763 x86_64) (WARNING: The server did not provide any stacktrace information)
Command duration or timeout: 0 milliseconds
Build info: version: '3.7.1', revision: '8a0099a', time: '2017-11-06T21:07:36.161Z'
System info: host: 'BCHOPT-NW100219', ip: '10.69.196.168', os.name: 'Windows 10', os.arch: 'amd64', os.version: '10.0', java.version: '1.8.0_181'
Driver info: com.kms.katalon.selenium.driver.CChromeDriver
Capabilities {acceptInsecureCerts: false, acceptSslCerts: false, applicationCacheEnabled: false, browserConnectionEnabled: false, browserName: chrome, chrome: {chromedriverVersion: 74.0.3729.6 (255758eccf3d24..., userDataDir: C:\Users\ADRIAN~1.DOB\AppDa...}, cssSelectorsEnabled: true, databaseEnabled: false, goog:chromeOptions: {debuggerAddress: localhost:51938}, handlesAlerts: true, hasTouchScreen: false, javascriptEnabled: true, locationContextEnabled: true, mobileEmulationEnabled: false, nativeEvents: true, networkConnectionEnabled: false, pageLoadStrategy: normal, platform: XP, platformName: XP, proxy: Proxy(direct), rotatable: false, setWindowRect: true, strictFileInteractability: false, takesHeapSnapshot: true, takesScreenshot: true, timeouts: {implicit: 0, pageLoad: 300000, script: 30000}, unexpectedAlertBehaviour: ignore, unhandledPromptBehavior: ignore, version: 74.0.3729.169, webStorageEnabled: true}
Session ID: 9df02d6364e3b8c6dbc4f0a10e7da4e0
	at org.openqa.selenium.remote.ErrorHandler.createThrowable(ErrorHandler.java:214)
	at org.openqa.selenium.remote.ErrorHandler.throwIfResponseFailed(ErrorHandler.java:166)
	at org.openqa.selenium.remote.http.JsonHttpResponseCodec.reconstructValue(JsonHttpResponseCodec.java:40)
	at org.openqa.selenium.remote.http.AbstractHttpResponseCodec.decode(AbstractHttpResponseCodec.java:80)
	at org.openqa.selenium.remote.http.AbstractHttpResponseCodec.decode(AbstractHttpResponseCodec.java:44)
	at org.openqa.selenium.remote.HttpCommandExecutor.execute(HttpCommandExecutor.java:164)
	at org.openqa.selenium.remote.service.DriverCommandExecutor.execute(DriverCommandExecutor.java:83)
	at org.openqa.selenium.remote.RemoteWebDriver.execute(RemoteWebDriver.java:600)
	at com.kms.katalon.selenium.driver.CChromeDriver.execute(CChromeDriver.java:20)
	at org.openqa.selenium.remote.RemoteWebElement.execute(RemoteWebElement.java:279)
	at org.openqa.selenium.remote.RemoteWebElement.click(RemoteWebElement.java:83)
	at com.kms.katalon.core.webui.keyword.builtin.ClickKeyword$_click_closure1.doCall(ClickKeyword.groovy:79)
	at com.kms.katalon.core.webui.keyword.builtin.ClickKeyword$_click_closure1.call(ClickKeyword.groovy)
	at com.kms.katalon.core.webui.keyword.internal.WebUIKeywordMain.runKeyword(WebUIKeywordMain.groovy:20)
	at com.kms.katalon.core.webui.keyword.builtin.ClickKeyword.click(ClickKeyword.groovy:86)
	at com.kms.katalon.core.webui.keyword.builtin.ClickKeyword.execute(ClickKeyword.groovy:67)
	at com.kms.katalon.core.keyword.internal.KeywordExecutor.executeKeywordForPlatform(KeywordExecutor.groovy:56)
	at com.kms.katalon.core.webui.keyword.WebUiBuiltInKeywords.click(WebUiBuiltInKeywords.groovy:616)
	at com.kms.katalon.core.webui.keyword.WebUiBuiltInKeywords$click$2.call(Unknown Source)
	at Script1558537420008.run(Script1558537420008.groovy:45)
	... 13 more]]></system-out>
      <system-err><![CDATA[2019-05-30 12:07:12 - [TEST_SUITE][FAILED] - Tests: Test Cases/GGMP/GlobalNav/Collision/Touch-UP Paint FAILED.
Reason:
com.kms.katalon.core.exception.StepFailedException: Unable to click on object 'Object Repository/Global Nav/Collision/Touch-Up Paint/span_2018 GM Refinish Materials - GMW-15406-2017'
	at com.kms.katalon.core.webui.keyword.internal.WebUIKeywordMain.stepFailed(WebUIKeywordMain.groovy:64)
	at com.kms.katalon.core.webui.keyword.internal.WebUIKeywordMain.runKeyword(WebUIKeywordMain.groovy:26)
	at com.kms.katalon.core.webui.keyword.builtin.ClickKeyword.click(ClickKeyword.groovy:86)
	at com.kms.katalon.core.webui.keyword.builtin.ClickKeyword.execute(ClickKeyword.groovy:67)
	at com.kms.katalon.core.keyword.internal.KeywordExecutor.executeKeywordForPlatform(KeywordExecutor.groovy:56)
	at com.kms.katalon.core.webui.keyword.WebUiBuiltInKeywords.click(WebUiBuiltInKeywords.groovy:616)
	at com.kms.katalon.core.webui.keyword.WebUiBuiltInKeywords$click$2.call(Unknown Source)
	at Touch-UP Paint.run(Touch-UP Paint:45)
	at com.kms.katalon.core.main.ScriptEngine.run(ScriptEngine.java:194)
	at com.kms.katalon.core.main.ScriptEngine.runScriptAsRawText(ScriptEngine.java:119)
	at com.kms.katalon.core.main.TestCaseExecutor.runScript(TestCaseExecutor.java:336)
	at com.kms.katalon.core.main.TestCaseExecutor.doExecute(TestCaseExecutor.java:327)
	at com.kms.katalon.core.main.TestCaseExecutor.processExecutionPhase(TestCaseExecutor.java:306)
	at com.kms.katalon.core.main.TestCaseExecutor.accessMainPhase(TestCaseExecutor.java:298)
	at com.kms.katalon.core.main.TestCaseExecutor.execute(TestCaseExecutor.java:232)
	at com.kms.katalon.core.main.TestSuiteExecutor.accessTestCaseMainPhase(TestSuiteExecutor.java:129)
	at com.kms.katalon.core.main.TestSuiteExecutor.accessTestSuiteMainPhase(TestSuiteExecutor.java:112)
	at com.kms.katalon.core.main.TestSuiteExecutor.execute(TestSuiteExecutor.java:81)
	at com.kms.katalon.core.main.TestCaseMain.startTestSuite(TestCaseMain.java:157)
	at com.kms.katalon.core.main.TestCaseMain$startTestSuite$0.call(Unknown Source)
	at TempTestSuite1559207228408.run(TempTestSuite1559207228408.groovy:35)
Caused by: org.openqa.selenium.ElementNotVisibleException: element not interactable
  (Session info: chrome=74.0.3729.169)
  (Driver info: chromedriver=74.0.3729.6 (255758eccf3d244491b8a1317aa76e1ce10d57e9-refs/branch-heads/3729@{#29}),platform=Windows NT 10.0.17763 x86_64) (WARNING: The server did not provide any stacktrace information)
Command duration or timeout: 0 milliseconds
Build info: version: '3.7.1', revision: '8a0099a', time: '2017-11-06T21:07:36.161Z'
System info: host: 'BCHOPT-NW100219', ip: '10.69.196.168', os.name: 'Windows 10', os.arch: 'amd64', os.version: '10.0', java.version: '1.8.0_181'
Driver info: com.kms.katalon.selenium.driver.CChromeDriver
Capabilities {acceptInsecureCerts: false, acceptSslCerts: false, applicationCacheEnabled: false, browserConnectionEnabled: false, browserName: chrome, chrome: {chromedriverVersion: 74.0.3729.6 (255758eccf3d24..., userDataDir: C:\Users\ADRIAN~1.DOB\AppDa...}, cssSelectorsEnabled: true, databaseEnabled: false, goog:chromeOptions: {debuggerAddress: localhost:51938}, handlesAlerts: true, hasTouchScreen: false, javascriptEnabled: true, locationContextEnabled: true, mobileEmulationEnabled: false, nativeEvents: true, networkConnectionEnabled: false, pageLoadStrategy: normal, platform: XP, platformName: XP, proxy: Proxy(direct), rotatable: false, setWindowRect: true, strictFileInteractability: false, takesHeapSnapshot: true, takesScreenshot: true, timeouts: {implicit: 0, pageLoad: 300000, script: 30000}, unexpectedAlertBehaviour: ignore, unhandledPromptBehavior: ignore, version: 74.0.3729.169, webStorageEnabled: true}
Session ID: 9df02d6364e3b8c6dbc4f0a10e7da4e0
	at org.openqa.selenium.remote.ErrorHandler.createThrowable(ErrorHandler.java:214)
	at org.openqa.selenium.remote.ErrorHandler.throwIfResponseFailed(ErrorHandler.java:166)
	at org.openqa.selenium.remote.http.JsonHttpResponseCodec.reconstructValue(JsonHttpResponseCodec.java:40)
	at org.openqa.selenium.remote.http.AbstractHttpResponseCodec.decode(AbstractHttpResponseCodec.java:80)
	at org.openqa.selenium.remote.http.AbstractHttpResponseCodec.decode(AbstractHttpResponseCodec.java:44)
	at org.openqa.selenium.remote.HttpCommandExecutor.execute(HttpCommandExecutor.java:164)
	at org.openqa.selenium.remote.service.DriverCommandExecutor.execute(DriverCommandExecutor.java:83)
	at org.openqa.selenium.remote.RemoteWebDriver.execute(RemoteWebDriver.java:600)
	at com.kms.katalon.selenium.driver.CChromeDriver.execute(CChromeDriver.java:20)
	at org.openqa.selenium.remote.RemoteWebElement.execute(RemoteWebElement.java:279)
	at org.openqa.selenium.remote.RemoteWebElement.click(RemoteWebElement.java:83)
	at com.kms.katalon.core.webui.keyword.builtin.ClickKeyword$_click_closure1.doCall(ClickKeyword.groovy:79)
	at com.kms.katalon.core.webui.keyword.builtin.ClickKeyword$_click_closure1.call(ClickKeyword.groovy)
	at com.kms.katalon.core.webui.keyword.internal.WebUIKeywordMain.runKeyword(WebUIKeywordMain.groovy:20)
	at com.kms.katalon.core.webui.keyword.builtin.ClickKeyword.click(ClickKeyword.groovy:86)
	at com.kms.katalon.core.webui.keyword.builtin.ClickKeyword.execute(ClickKeyword.groovy:67)
	at com.kms.katalon.core.keyword.internal.KeywordExecutor.executeKeywordForPlatform(KeywordExecutor.groovy:56)
	at com.kms.katalon.core.webui.keyword.WebUiBuiltInKeywords.click(WebUiBuiltInKeywords.groovy:616)
	at com.kms.katalon.core.webui.keyword.WebUiBuiltInKeywords$click$2.call(Unknown Source)
	at Script1558537420008.run(Script1558537420008.groovy:45)
	... 13 more]]></system-err>
   </testsuite>
</testsuites>
