<?xml version="1.0" encoding="UTF-8"?>
<testsuites name="Tests" time="1132" tests="68" failures="3" errors="0">
   <testsuite name="Tests" tests="68" failures="3" errors="0" time="1132" timestamp="2019-05-29 19:47:52" hostname="adrian.dobre - BCHOPT-NW100219.emea.corp.ipgnetwork.com" id="Test Suites/GGMP/Tests">
      <properties>
         <property name="deviceName" value=""/>
         <property name="devicePlatform" value=""/>
         <property name="logFolder" value="C:\\Users\\adrian.dobre\\Katalon Studio\\Genuine GM Parts\\Reports\\GGMP\\Tests\\20190529_194748"/>
         <property name="logFiles" value="C:\\Users\\adrian.dobre\\Katalon Studio\\Genuine GM Parts\\Reports\\GGMP\\Tests\\20190529_194748\\execution0.log"/>
         <property name="attachments" value="C:\\Users\\adrian.dobre\\Katalon Studio\\Genuine GM Parts\\Reports\\GGMP\\Tests\\20190529_194748\\1559148503961.png, C:\\Users\\adrian.dobre\\Katalon Studio\\Genuine GM Parts\\Reports\\GGMP\\Tests\\20190529_194748\\1559148643696.png, C:\\Users\\adrian.dobre\\Katalon Studio\\Genuine GM Parts\\Reports\\GGMP\\Tests\\20190529_194748\\1559149586216.png"/>
         <property name="hostName" value="adrian.dobre - BCHOPT-NW100219.emea.corp.ipgnetwork.com"/>
         <property name="os" value="Windows 10 64bit"/>
         <property name="katalonVersion" value="6.1.4.1"/>
         <property name="browser" value="Chrome 74.0.3729.169"/>
         <property name="hostAddress" value="10.69.196.168"/>
         <property name="sessionId" value="fcf8762eaa580120fb6f97b63e4c58fb"/>
         <property name="seleniumVersion" value="3.7.1"/>
         <property name="proxyInformation" value="ProxyInformation{proxyOption=NO_PROXY, proxyServerType=HTTP, password=, proxyServerAddress=, proxyServerPort=0}"/>
         <property name="platform" value="Windows 10"/>
      </properties>
      <testcase name="Test Cases/GGMP/GlobalNav/Collision/Cadillac Repair Network" classname="Test Cases/GGMP/GlobalNav/Collision/Cadillac Repair Network" status="PASSED">
         <system-out><![CDATA[2019-05-29 19:47:52 - [TEST_CASE][PASSED] - Test Cases/GGMP/GlobalNav/Collision/Cadillac Repair Network: Test Cases/GGMP/GlobalNav/Collision/Cadillac Repair Network

2019-05-29 19:47:53 - [TEST_STEP][PASSED] - openBrowser(""): Browser is opened with url: ''

2019-05-29 19:47:54 - [MESSAGE][INFO] - Starting 'Chrome' driver

2019-05-29 19:47:54 - [MESSAGE][INFO] - Action delay is set to 0 seconds

2019-05-29 19:48:01 - [MESSAGE][PASSED] - Browser is opened with url: ''

2019-05-29 19:48:01 - [TEST_STEP][PASSED] - maximizeWindow(): Current window maximized

2019-05-29 19:48:02 - [MESSAGE][PASSED] - Current window maximized

2019-05-29 19:48:02 - [TEST_STEP][PASSED] - navigateToUrl("https://www.genuinegmparts.com/"): Navigate to 'https://www.genuinegmparts.com/' successfully

2019-05-29 19:48:06 - [MESSAGE][PASSED] - Navigate to 'https://www.genuinegmparts.com/' successfully

2019-05-29 19:48:06 - [TEST_STEP][PASSED] - click(findTestObject("Object Repository/Global Nav/Collision/Cadillac Repair Network/li_Collision")): Object: 'Object Repository/Global Nav/Collision/Cadillac Repair Network/li_Collision' is clicked on

2019-05-29 19:48:07 - [MESSAGE][PASSED] - Object: 'Object Repository/Global Nav/Collision/Cadillac Repair Network/li_Collision' is clicked on

2019-05-29 19:48:07 - [TEST_STEP][PASSED] - click(findTestObject("Object Repository/Global Nav/Collision/Cadillac Repair Network/a_Cadillac Aluminum Repair Network")): Object: 'Object Repository/Global Nav/Collision/Cadillac Repair Network/a_Cadillac Aluminum Repair Network' is clicked on

2019-05-29 19:48:10 - [MESSAGE][PASSED] - Object: 'Object Repository/Global Nav/Collision/Cadillac Repair Network/a_Cadillac Aluminum Repair Network' is clicked on

2019-05-29 19:48:10 - [TEST_STEP][PASSED] - delay(2): Delayed 2 second(s)

2019-05-29 19:48:12 - [MESSAGE][PASSED] - Delayed 2 second(s)

2019-05-29 19:48:12 - [TEST_STEP][PASSED] - verifyElementText(findTestObject("Object Repository/Global Nav/Collision/Cadillac Repair Network/h1_Cadillac Aluminum Repair Network"), "Cadillac Aluminum Repair Network"): Actual text and expected text of test object 'Object Repository/Global Nav/Collision/Cadillac Repair Network/h1_Cadillac Aluminum Repair Network' are matched.

2019-05-29 19:48:12 - [MESSAGE][PASSED] - Actual text and expected text of test object 'Object Repository/Global Nav/Collision/Cadillac Repair Network/h1_Cadillac Aluminum Repair Network' are matched.

2019-05-29 19:48:12 - [TEST_STEP][PASSED] - closeBrowser(): Browser is closed

2019-05-29 19:48:13 - [MESSAGE][PASSED] - Browser is closed]]></system-out>
         <system-err><![CDATA[]]></system-err>
      </testcase>
      <testcase name="Test Cases/GGMP/GlobalNav/Collision/Collision Parts" classname="Test Cases/GGMP/GlobalNav/Collision/Collision Parts" status="FAILED">
         <failure type="FAILED" message="Test Cases/GGMP/GlobalNav/Collision/Collision Parts FAILED.
Reason:
com.kms.katalon.core.exception.StepFailedException: Unable to click on object
	at com.kms.katalon.core.webui.keyword.internal.WebUIKeywordMain.stepFailed(WebUIKeywordMain.groovy:64)
	at com.kms.katalon.core.webui.keyword.internal.WebUIKeywordMain.runKeyword(WebUIKeywordMain.groovy:26)
	at com.kms.katalon.core.webui.keyword.builtin.ClickKeyword.click(ClickKeyword.groovy:86)
	at com.kms.katalon.core.webui.keyword.builtin.ClickKeyword.execute(ClickKeyword.groovy:67)
	at com.kms.katalon.core.keyword.internal.KeywordExecutor.executeKeywordForPlatform(KeywordExecutor.groovy:56)
	at com.kms.katalon.core.webui.keyword.WebUiBuiltInKeywords.click(WebUiBuiltInKeywords.groovy:616)
	at com.kms.katalon.core.webui.keyword.WebUiBuiltInKeywords$click$2.call(Unknown Source)
	at Collision Parts.run(Collision Parts:22)
	at com.kms.katalon.core.main.ScriptEngine.run(ScriptEngine.java:194)
	at com.kms.katalon.core.main.ScriptEngine.runScriptAsRawText(ScriptEngine.java:119)
	at com.kms.katalon.core.main.TestCaseExecutor.runScript(TestCaseExecutor.java:336)
	at com.kms.katalon.core.main.TestCaseExecutor.doExecute(TestCaseExecutor.java:327)
	at com.kms.katalon.core.main.TestCaseExecutor.processExecutionPhase(TestCaseExecutor.java:306)
	at com.kms.katalon.core.main.TestCaseExecutor.accessMainPhase(TestCaseExecutor.java:298)
	at com.kms.katalon.core.main.TestCaseExecutor.execute(TestCaseExecutor.java:232)
	at com.kms.katalon.core.main.TestSuiteExecutor.accessTestCaseMainPhase(TestSuiteExecutor.java:129)
	at com.kms.katalon.core.main.TestSuiteExecutor.accessTestSuiteMainPhase(TestSuiteExecutor.java:112)
	at com.kms.katalon.core.main.TestSuiteExecutor.execute(TestSuiteExecutor.java:81)
	at com.kms.katalon.core.main.TestCaseMain.startTestSuite(TestCaseMain.java:157)
	at com.kms.katalon.core.main.TestCaseMain$startTestSuite$0.call(Unknown Source)
	at TempTestSuite1559148468563.run(TempTestSuite1559148468563.groovy:35)
Caused by: java.lang.IllegalArgumentException: Object is null
	at com.kms.katalon.core.helper.KeywordHelper.checkTestObjectParameter(KeywordHelper.java:33)
	at com.kms.katalon.core.webui.keyword.builtin.ClickKeyword$_click_closure1.doCall(ClickKeyword.groovy:75)
	at com.kms.katalon.core.webui.keyword.builtin.ClickKeyword$_click_closure1.call(ClickKeyword.groovy)
	at com.kms.katalon.core.webui.keyword.internal.WebUIKeywordMain.runKeyword(WebUIKeywordMain.groovy:20)
	at com.kms.katalon.core.webui.keyword.builtin.ClickKeyword.click(ClickKeyword.groovy:86)
	at com.kms.katalon.core.webui.keyword.builtin.ClickKeyword.execute(ClickKeyword.groovy:67)
	at com.kms.katalon.core.keyword.internal.KeywordExecutor.executeKeywordForPlatform(KeywordExecutor.groovy:56)
	at com.kms.katalon.core.webui.keyword.WebUiBuiltInKeywords.click(WebUiBuiltInKeywords.groovy:616)
	at com.kms.katalon.core.webui.keyword.WebUiBuiltInKeywords$click$2.call(Unknown Source)
	at Script1558537550753.run(Script1558537550753.groovy:22)
	... 13 more
"/>
         <system-out><![CDATA[2019-05-29 19:48:13 - [TEST_CASE][FAILED] - Test Cases/GGMP/GlobalNav/Collision/Collision Parts: Test Cases/GGMP/GlobalNav/Collision/Collision Parts FAILED.
Reason:
com.kms.katalon.core.exception.StepFailedException: Unable to click on object
	at com.kms.katalon.core.webui.keyword.internal.WebUIKeywordMain.stepFailed(WebUIKeywordMain.groovy:64)
	at com.kms.katalon.core.webui.keyword.internal.WebUIKeywordMain.runKeyword(WebUIKeywordMain.groovy:26)
	at com.kms.katalon.core.webui.keyword.builtin.ClickKeyword.click(ClickKeyword.groovy:86)
	at com.kms.katalon.core.webui.keyword.builtin.ClickKeyword.execute(ClickKeyword.groovy:67)
	at com.kms.katalon.core.keyword.internal.KeywordExecutor.executeKeywordForPlatform(KeywordExecutor.groovy:56)
	at com.kms.katalon.core.webui.keyword.WebUiBuiltInKeywords.click(WebUiBuiltInKeywords.groovy:616)
	at com.kms.katalon.core.webui.keyword.WebUiBuiltInKeywords$click$2.call(Unknown Source)
	at Collision Parts.run(Collision Parts:22)
	at com.kms.katalon.core.main.ScriptEngine.run(ScriptEngine.java:194)
	at com.kms.katalon.core.main.ScriptEngine.runScriptAsRawText(ScriptEngine.java:119)
	at com.kms.katalon.core.main.TestCaseExecutor.runScript(TestCaseExecutor.java:336)
	at com.kms.katalon.core.main.TestCaseExecutor.doExecute(TestCaseExecutor.java:327)
	at com.kms.katalon.core.main.TestCaseExecutor.processExecutionPhase(TestCaseExecutor.java:306)
	at com.kms.katalon.core.main.TestCaseExecutor.accessMainPhase(TestCaseExecutor.java:298)
	at com.kms.katalon.core.main.TestCaseExecutor.execute(TestCaseExecutor.java:232)
	at com.kms.katalon.core.main.TestSuiteExecutor.accessTestCaseMainPhase(TestSuiteExecutor.java:129)
	at com.kms.katalon.core.main.TestSuiteExecutor.accessTestSuiteMainPhase(TestSuiteExecutor.java:112)
	at com.kms.katalon.core.main.TestSuiteExecutor.execute(TestSuiteExecutor.java:81)
	at com.kms.katalon.core.main.TestCaseMain.startTestSuite(TestCaseMain.java:157)
	at com.kms.katalon.core.main.TestCaseMain$startTestSuite$0.call(Unknown Source)
	at TempTestSuite1559148468563.run(TempTestSuite1559148468563.groovy:35)
Caused by: java.lang.IllegalArgumentException: Object is null
	at com.kms.katalon.core.helper.KeywordHelper.checkTestObjectParameter(KeywordHelper.java:33)
	at com.kms.katalon.core.webui.keyword.builtin.ClickKeyword$_click_closure1.doCall(ClickKeyword.groovy:75)
	at com.kms.katalon.core.webui.keyword.builtin.ClickKeyword$_click_closure1.call(ClickKeyword.groovy)
	at com.kms.katalon.core.webui.keyword.internal.WebUIKeywordMain.runKeyword(WebUIKeywordMain.groovy:20)
	at com.kms.katalon.core.webui.keyword.builtin.ClickKeyword.click(ClickKeyword.groovy:86)
	at com.kms.katalon.core.webui.keyword.builtin.ClickKeyword.execute(ClickKeyword.groovy:67)
	at com.kms.katalon.core.keyword.internal.KeywordExecutor.executeKeywordForPlatform(KeywordExecutor.groovy:56)
	at com.kms.katalon.core.webui.keyword.WebUiBuiltInKeywords.click(WebUiBuiltInKeywords.groovy:616)
	at com.kms.katalon.core.webui.keyword.WebUiBuiltInKeywords$click$2.call(Unknown Source)
	at Script1558537550753.run(Script1558537550753.groovy:22)
	... 13 more


2019-05-29 19:48:13 - [TEST_STEP][PASSED] - openBrowser(""): Browser is opened with url: ''

2019-05-29 19:48:13 - [MESSAGE][INFO] - Starting 'Chrome' driver

2019-05-29 19:48:18 - [MESSAGE][PASSED] - Browser is opened with url: ''

2019-05-29 19:48:18 - [TEST_STEP][PASSED] - maximizeWindow(): Current window maximized

2019-05-29 19:48:19 - [MESSAGE][PASSED] - Current window maximized

2019-05-29 19:48:19 - [TEST_STEP][PASSED] - navigateToUrl("https://www.genuinegmparts.com/"): Navigate to 'https://www.genuinegmparts.com/' successfully

2019-05-29 19:48:23 - [MESSAGE][PASSED] - Navigate to 'https://www.genuinegmparts.com/' successfully

2019-05-29 19:48:23 - [TEST_STEP][FAILED] - click(findTestObject("Object Repository/Globsl Nsv/Global Nav/Collision/Collision Parts/li_Collision")): Unable to click on object (Root cause: com.kms.katalon.core.exception.StepFailedException: Unable to click on object
	at com.kms.katalon.core.webui.keyword.internal.WebUIKeywordMain.stepFailed(WebUIKeywordMain.groovy:64)
	at com.kms.katalon.core.webui.keyword.internal.WebUIKeywordMain.runKeyword(WebUIKeywordMain.groovy:26)
	at com.kms.katalon.core.webui.keyword.builtin.ClickKeyword.click(ClickKeyword.groovy:86)
	at com.kms.katalon.core.webui.keyword.builtin.ClickKeyword.execute(ClickKeyword.groovy:67)
	at com.kms.katalon.core.keyword.internal.KeywordExecutor.executeKeywordForPlatform(KeywordExecutor.groovy:56)
	at com.kms.katalon.core.webui.keyword.WebUiBuiltInKeywords.click(WebUiBuiltInKeywords.groovy:616)
	at com.kms.katalon.core.webui.keyword.WebUiBuiltInKeywords$click$2.call(Unknown Source)
	at Collision Parts.run(Collision Parts:22)
	at com.kms.katalon.core.main.ScriptEngine.run(ScriptEngine.java:194)
	at com.kms.katalon.core.main.ScriptEngine.runScriptAsRawText(ScriptEngine.java:119)
	at com.kms.katalon.core.main.TestCaseExecutor.runScript(TestCaseExecutor.java:336)
	at com.kms.katalon.core.main.TestCaseExecutor.doExecute(TestCaseExecutor.java:327)
	at com.kms.katalon.core.main.TestCaseExecutor.processExecutionPhase(TestCaseExecutor.java:306)
	at com.kms.katalon.core.main.TestCaseExecutor.accessMainPhase(TestCaseExecutor.java:298)
	at com.kms.katalon.core.main.TestCaseExecutor.execute(TestCaseExecutor.java:232)
	at com.kms.katalon.core.main.TestSuiteExecutor.accessTestCaseMainPhase(TestSuiteExecutor.java:129)
	at com.kms.katalon.core.main.TestSuiteExecutor.accessTestSuiteMainPhase(TestSuiteExecutor.java:112)
	at com.kms.katalon.core.main.TestSuiteExecutor.execute(TestSuiteExecutor.java:81)
	at com.kms.katalon.core.main.TestCaseMain.startTestSuite(TestCaseMain.java:157)
	at com.kms.katalon.core.main.TestCaseMain$startTestSuite$0.call(Unknown Source)
	at TempTestSuite1559148468563.run(TempTestSuite1559148468563.groovy:35)
Caused by: java.lang.IllegalArgumentException: Object is null
	at com.kms.katalon.core.helper.KeywordHelper.checkTestObjectParameter(KeywordHelper.java:33)
	at com.kms.katalon.core.webui.keyword.builtin.ClickKeyword$_click_closure1.doCall(ClickKeyword.groovy:75)
	at com.kms.katalon.core.webui.keyword.builtin.ClickKeyword$_click_closure1.call(ClickKeyword.groovy)
	at com.kms.katalon.core.webui.keyword.internal.WebUIKeywordMain.runKeyword(WebUIKeywordMain.groovy:20)
	at com.kms.katalon.core.webui.keyword.builtin.ClickKeyword.click(ClickKeyword.groovy:86)
	at com.kms.katalon.core.webui.keyword.builtin.ClickKeyword.execute(ClickKeyword.groovy:67)
	at com.kms.katalon.core.keyword.internal.KeywordExecutor.executeKeywordForPlatform(KeywordExecutor.groovy:56)
	at com.kms.katalon.core.webui.keyword.WebUiBuiltInKeywords.click(WebUiBuiltInKeywords.groovy:616)
	at com.kms.katalon.core.webui.keyword.WebUiBuiltInKeywords$click$2.call(Unknown Source)
	at Script1558537550753.run(Script1558537550753.groovy:22)
	... 13 more
)

2019-05-29 19:48:23 - [MESSAGE][WARNING] - Test object with id 'Object Repository/Globsl Nsv/Global Nav/Collision/Collision Parts/li_Collision' does not exist

2019-05-29 19:48:23 - [MESSAGE][WARNING] - Test object with id 'Object Repository/' does not exist

2019-05-29 19:48:24 - [MESSAGE][FAILED] - Unable to click on object (Root cause: com.kms.katalon.core.exception.StepFailedException: Unable to click on object
	at com.kms.katalon.core.webui.keyword.internal.WebUIKeywordMain.stepFailed(WebUIKeywordMain.groovy:64)
	at com.kms.katalon.core.webui.keyword.internal.WebUIKeywordMain.runKeyword(WebUIKeywordMain.groovy:26)
	at com.kms.katalon.core.webui.keyword.builtin.ClickKeyword.click(ClickKeyword.groovy:86)
	at com.kms.katalon.core.webui.keyword.builtin.ClickKeyword.execute(ClickKeyword.groovy:67)
	at com.kms.katalon.core.keyword.internal.KeywordExecutor.executeKeywordForPlatform(KeywordExecutor.groovy:56)
	at com.kms.katalon.core.webui.keyword.WebUiBuiltInKeywords.click(WebUiBuiltInKeywords.groovy:616)
	at com.kms.katalon.core.webui.keyword.WebUiBuiltInKeywords$click$2.call(Unknown Source)
	at Collision Parts.run(Collision Parts:22)
	at com.kms.katalon.core.main.ScriptEngine.run(ScriptEngine.java:194)
	at com.kms.katalon.core.main.ScriptEngine.runScriptAsRawText(ScriptEngine.java:119)
	at com.kms.katalon.core.main.TestCaseExecutor.runScript(TestCaseExecutor.java:336)
	at com.kms.katalon.core.main.TestCaseExecutor.doExecute(TestCaseExecutor.java:327)
	at com.kms.katalon.core.main.TestCaseExecutor.processExecutionPhase(TestCaseExecutor.java:306)
	at com.kms.katalon.core.main.TestCaseExecutor.accessMainPhase(TestCaseExecutor.java:298)
	at com.kms.katalon.core.main.TestCaseExecutor.execute(TestCaseExecutor.java:232)
	at com.kms.katalon.core.main.TestSuiteExecutor.accessTestCaseMainPhase(TestSuiteExecutor.java:129)
	at com.kms.katalon.core.main.TestSuiteExecutor.accessTestSuiteMainPhase(TestSuiteExecutor.java:112)
	at com.kms.katalon.core.main.TestSuiteExecutor.execute(TestSuiteExecutor.java:81)
	at com.kms.katalon.core.main.TestCaseMain.startTestSuite(TestCaseMain.java:157)
	at com.kms.katalon.core.main.TestCaseMain$startTestSuite$0.call(Unknown Source)
	at TempTestSuite1559148468563.run(TempTestSuite1559148468563.groovy:35)
Caused by: java.lang.IllegalArgumentException: Object is null
	at com.kms.katalon.core.helper.KeywordHelper.checkTestObjectParameter(KeywordHelper.java:33)
	at com.kms.katalon.core.webui.keyword.builtin.ClickKeyword$_click_closure1.doCall(ClickKeyword.groovy:75)
	at com.kms.katalon.core.webui.keyword.builtin.ClickKeyword$_click_closure1.call(ClickKeyword.groovy)
	at com.kms.katalon.core.webui.keyword.internal.WebUIKeywordMain.runKeyword(WebUIKeywordMain.groovy:20)
	at com.kms.katalon.core.webui.keyword.builtin.ClickKeyword.click(ClickKeyword.groovy:86)
	at com.kms.katalon.core.webui.keyword.builtin.ClickKeyword.execute(ClickKeyword.groovy:67)
	at com.kms.katalon.core.keyword.internal.KeywordExecutor.executeKeywordForPlatform(KeywordExecutor.groovy:56)
	at com.kms.katalon.core.webui.keyword.WebUiBuiltInKeywords.click(WebUiBuiltInKeywords.groovy:616)
	at com.kms.katalon.core.webui.keyword.WebUiBuiltInKeywords$click$2.call(Unknown Source)
	at Script1558537550753.run(Script1558537550753.groovy:22)
	... 13 more
)
[[ATTACHMENT|C:\\Users\\adrian.dobre\\Katalon Studio\\Genuine GM Parts\\Reports\\GGMP\\Tests\\20190529_194748\\1559148503961.png]]]]></system-out>
         <system-err><![CDATA[2019-05-29 19:48:13 - [TEST_CASE][FAILED] - Test Cases/GGMP/GlobalNav/Collision/Collision Parts: Test Cases/GGMP/GlobalNav/Collision/Collision Parts FAILED.
Reason:
com.kms.katalon.core.exception.StepFailedException: Unable to click on object
	at com.kms.katalon.core.webui.keyword.internal.WebUIKeywordMain.stepFailed(WebUIKeywordMain.groovy:64)
	at com.kms.katalon.core.webui.keyword.internal.WebUIKeywordMain.runKeyword(WebUIKeywordMain.groovy:26)
	at com.kms.katalon.core.webui.keyword.builtin.ClickKeyword.click(ClickKeyword.groovy:86)
	at com.kms.katalon.core.webui.keyword.builtin.ClickKeyword.execute(ClickKeyword.groovy:67)
	at com.kms.katalon.core.keyword.internal.KeywordExecutor.executeKeywordForPlatform(KeywordExecutor.groovy:56)
	at com.kms.katalon.core.webui.keyword.WebUiBuiltInKeywords.click(WebUiBuiltInKeywords.groovy:616)
	at com.kms.katalon.core.webui.keyword.WebUiBuiltInKeywords$click$2.call(Unknown Source)
	at Collision Parts.run(Collision Parts:22)
	at com.kms.katalon.core.main.ScriptEngine.run(ScriptEngine.java:194)
	at com.kms.katalon.core.main.ScriptEngine.runScriptAsRawText(ScriptEngine.java:119)
	at com.kms.katalon.core.main.TestCaseExecutor.runScript(TestCaseExecutor.java:336)
	at com.kms.katalon.core.main.TestCaseExecutor.doExecute(TestCaseExecutor.java:327)
	at com.kms.katalon.core.main.TestCaseExecutor.processExecutionPhase(TestCaseExecutor.java:306)
	at com.kms.katalon.core.main.TestCaseExecutor.accessMainPhase(TestCaseExecutor.java:298)
	at com.kms.katalon.core.main.TestCaseExecutor.execute(TestCaseExecutor.java:232)
	at com.kms.katalon.core.main.TestSuiteExecutor.accessTestCaseMainPhase(TestSuiteExecutor.java:129)
	at com.kms.katalon.core.main.TestSuiteExecutor.accessTestSuiteMainPhase(TestSuiteExecutor.java:112)
	at com.kms.katalon.core.main.TestSuiteExecutor.execute(TestSuiteExecutor.java:81)
	at com.kms.katalon.core.main.TestCaseMain.startTestSuite(TestCaseMain.java:157)
	at com.kms.katalon.core.main.TestCaseMain$startTestSuite$0.call(Unknown Source)
	at TempTestSuite1559148468563.run(TempTestSuite1559148468563.groovy:35)
Caused by: java.lang.IllegalArgumentException: Object is null
	at com.kms.katalon.core.helper.KeywordHelper.checkTestObjectParameter(KeywordHelper.java:33)
	at com.kms.katalon.core.webui.keyword.builtin.ClickKeyword$_click_closure1.doCall(ClickKeyword.groovy:75)
	at com.kms.katalon.core.webui.keyword.builtin.ClickKeyword$_click_closure1.call(ClickKeyword.groovy)
	at com.kms.katalon.core.webui.keyword.internal.WebUIKeywordMain.runKeyword(WebUIKeywordMain.groovy:20)
	at com.kms.katalon.core.webui.keyword.builtin.ClickKeyword.click(ClickKeyword.groovy:86)
	at com.kms.katalon.core.webui.keyword.builtin.ClickKeyword.execute(ClickKeyword.groovy:67)
	at com.kms.katalon.core.keyword.internal.KeywordExecutor.executeKeywordForPlatform(KeywordExecutor.groovy:56)
	at com.kms.katalon.core.webui.keyword.WebUiBuiltInKeywords.click(WebUiBuiltInKeywords.groovy:616)
	at com.kms.katalon.core.webui.keyword.WebUiBuiltInKeywords$click$2.call(Unknown Source)
	at Script1558537550753.run(Script1558537550753.groovy:22)
	... 13 more]]></system-err>
      </testcase>
      <testcase name="Test Cases/GGMP/GlobalNav/Collision/Collision Repair Manuals" classname="Test Cases/GGMP/GlobalNav/Collision/Collision Repair Manuals" status="PASSED">
         <system-out><![CDATA[2019-05-29 19:48:24 - [TEST_CASE][PASSED] - Test Cases/GGMP/GlobalNav/Collision/Collision Repair Manuals: Test Cases/GGMP/GlobalNav/Collision/Collision Repair Manuals

2019-05-29 19:48:24 - [TEST_STEP][PASSED] - openBrowser(""): Browser is opened with url: ''

2019-05-29 19:48:24 - [MESSAGE][WARNING] - A browser is already opened. Closing browser and opening a new one

2019-05-29 19:48:25 - [MESSAGE][INFO] - Starting 'Chrome' driver

2019-05-29 19:48:31 - [MESSAGE][PASSED] - Browser is opened with url: ''

2019-05-29 19:48:31 - [TEST_STEP][PASSED] - maximizeWindow(): Current window maximized

2019-05-29 19:48:32 - [MESSAGE][PASSED] - Current window maximized

2019-05-29 19:48:32 - [TEST_STEP][PASSED] - navigateToUrl("https://www.genuinegmparts.com/"): Navigate to 'https://www.genuinegmparts.com/' successfully

2019-05-29 19:48:36 - [MESSAGE][PASSED] - Navigate to 'https://www.genuinegmparts.com/' successfully

2019-05-29 19:48:36 - [TEST_STEP][PASSED] - click(findTestObject("Object Repository/Global Nav/Collision/Collision Repair Manuals/li_Collision")): Object: 'Object Repository/Global Nav/Collision/Collision Repair Manuals/li_Collision' is clicked on

2019-05-29 19:48:36 - [MESSAGE][PASSED] - Object: 'Object Repository/Global Nav/Collision/Collision Repair Manuals/li_Collision' is clicked on

2019-05-29 19:48:36 - [TEST_STEP][PASSED] - click(findTestObject("Object Repository/Global Nav/Collision/Collision Repair Manuals/a_Collision Repair Manuals")): Object: 'Object Repository/Global Nav/Collision/Collision Repair Manuals/a_Collision Repair Manuals' is clicked on

2019-05-29 19:48:38 - [MESSAGE][PASSED] - Object: 'Object Repository/Global Nav/Collision/Collision Repair Manuals/a_Collision Repair Manuals' is clicked on

2019-05-29 19:48:38 - [TEST_STEP][PASSED] - delay(2): Delayed 2 second(s)

2019-05-29 19:48:40 - [MESSAGE][PASSED] - Delayed 2 second(s)

2019-05-29 19:48:40 - [TEST_STEP][PASSED] - verifyElementText(findTestObject("Global Nav/Collision/Collision Repair Manuals/h1_Collision repair manuals for GM vehicles"), "Collision repair manuals for GM vehicles"): Actual text and expected text of test object 'Object Repository/Global Nav/Collision/Collision Repair Manuals/h1_Collision repair manuals for GM vehicles' are matched.

2019-05-29 19:48:40 - [MESSAGE][PASSED] - Actual text and expected text of test object 'Object Repository/Global Nav/Collision/Collision Repair Manuals/h1_Collision repair manuals for GM vehicles' are matched.

2019-05-29 19:48:40 - [TEST_STEP][PASSED] - closeBrowser(): Browser is closed

2019-05-29 19:48:41 - [MESSAGE][PASSED] - Browser is closed]]></system-out>
         <system-err><![CDATA[]]></system-err>
      </testcase>
      <testcase name="Test Cases/GGMP/GlobalNav/Collision/Collision Repair Network" classname="Test Cases/GGMP/GlobalNav/Collision/Collision Repair Network" status="PASSED">
         <system-out><![CDATA[2019-05-29 19:48:41 - [TEST_CASE][PASSED] - Test Cases/GGMP/GlobalNav/Collision/Collision Repair Network: Test Cases/GGMP/GlobalNav/Collision/Collision Repair Network

2019-05-29 19:48:41 - [TEST_STEP][PASSED] - openBrowser(""): Browser is opened with url: ''

2019-05-29 19:48:41 - [MESSAGE][INFO] - Starting 'Chrome' driver

2019-05-29 19:48:47 - [MESSAGE][PASSED] - Browser is opened with url: ''

2019-05-29 19:48:47 - [TEST_STEP][PASSED] - maximizeWindow(): Current window maximized

2019-05-29 19:48:48 - [MESSAGE][PASSED] - Current window maximized

2019-05-29 19:48:48 - [TEST_STEP][PASSED] - navigateToUrl("https://www.genuinegmparts.com/"): Navigate to 'https://www.genuinegmparts.com/' successfully

2019-05-29 19:48:52 - [MESSAGE][PASSED] - Navigate to 'https://www.genuinegmparts.com/' successfully

2019-05-29 19:48:52 - [TEST_STEP][PASSED] - click(findTestObject("Object Repository/Global Nav/Collision/Collision Repair Network/li_Collision")): Object: 'Object Repository/Global Nav/Collision/Collision Repair Network/li_Collision' is clicked on

2019-05-29 19:48:52 - [MESSAGE][PASSED] - Object: 'Object Repository/Global Nav/Collision/Collision Repair Network/li_Collision' is clicked on

2019-05-29 19:48:52 - [TEST_STEP][PASSED] - click(findTestObject("Object Repository/Global Nav/Collision/Collision Repair Network/a_Collision Repair Network")): Object: 'Object Repository/Global Nav/Collision/Collision Repair Network/a_Collision Repair Network' is clicked on

2019-05-29 19:48:55 - [MESSAGE][PASSED] - Object: 'Object Repository/Global Nav/Collision/Collision Repair Network/a_Collision Repair Network' is clicked on

2019-05-29 19:48:55 - [TEST_STEP][PASSED] - delay(2): Delayed 2 second(s)

2019-05-29 19:48:57 - [MESSAGE][PASSED] - Delayed 2 second(s)

2019-05-29 19:48:57 - [TEST_STEP][PASSED] - verifyElementText(findTestObject("Global Nav/Collision/Collision Repair Network/h2_Enroll Today"), "Enroll Today"): Actual text and expected text of test object 'Object Repository/Global Nav/Collision/Collision Repair Network/h2_Enroll Today' are matched.

2019-05-29 19:48:57 - [MESSAGE][PASSED] - Actual text and expected text of test object 'Object Repository/Global Nav/Collision/Collision Repair Network/h2_Enroll Today' are matched.

2019-05-29 19:48:57 - [TEST_STEP][PASSED] - click(findTestObject("Object Repository/Global Nav/Collision/Collision Repair Network/button_ENROLL NOW")): Object: 'Object Repository/Global Nav/Collision/Collision Repair Network/button_ENROLL NOW' is clicked on

2019-05-29 19:48:57 - [MESSAGE][PASSED] - Object: 'Object Repository/Global Nav/Collision/Collision Repair Network/button_ENROLL NOW' is clicked on

2019-05-29 19:48:57 - [TEST_STEP][PASSED] - closeBrowser(): Browser is closed

2019-05-29 19:48:58 - [MESSAGE][PASSED] - Browser is closed]]></system-out>
         <system-err><![CDATA[]]></system-err>
      </testcase>
      <testcase name="Test Cases/GGMP/GlobalNav/Collision/My GM Partner Perks" classname="Test Cases/GGMP/GlobalNav/Collision/My GM Partner Perks" status="PASSED">
         <system-out><![CDATA[2019-05-29 19:48:58 - [TEST_CASE][PASSED] - Test Cases/GGMP/GlobalNav/Collision/My GM Partner Perks: Test Cases/GGMP/GlobalNav/Collision/My GM Partner Perks

2019-05-29 19:48:58 - [TEST_STEP][PASSED] - openBrowser(""): Browser is opened with url: ''

2019-05-29 19:48:58 - [MESSAGE][INFO] - Starting 'Chrome' driver

2019-05-29 19:49:05 - [MESSAGE][PASSED] - Browser is opened with url: ''

2019-05-29 19:49:05 - [TEST_STEP][PASSED] - maximizeWindow(): Current window maximized

2019-05-29 19:49:06 - [MESSAGE][PASSED] - Current window maximized

2019-05-29 19:49:06 - [TEST_STEP][PASSED] - navigateToUrl("https://www.genuinegmparts.com/"): Navigate to 'https://www.genuinegmparts.com/' successfully

2019-05-29 19:49:10 - [MESSAGE][PASSED] - Navigate to 'https://www.genuinegmparts.com/' successfully

2019-05-29 19:49:10 - [TEST_STEP][PASSED] - click(findTestObject("Object Repository/Global Nav/Collision/My GM Partner Perks/li_Collision")): Object: 'Object Repository/Global Nav/Collision/My GM Partner Perks/li_Collision' is clicked on

2019-05-29 19:49:10 - [MESSAGE][PASSED] - Object: 'Object Repository/Global Nav/Collision/My GM Partner Perks/li_Collision' is clicked on

2019-05-29 19:49:10 - [TEST_STEP][PASSED] - click(findTestObject("Object Repository/Global Nav/Collision/My GM Partner Perks/a_My GM Partner Perks")): Object: 'Object Repository/Global Nav/Collision/My GM Partner Perks/a_My GM Partner Perks' is clicked on

2019-05-29 19:49:13 - [MESSAGE][PASSED] - Object: 'Object Repository/Global Nav/Collision/My GM Partner Perks/a_My GM Partner Perks' is clicked on

2019-05-29 19:49:13 - [TEST_STEP][PASSED] - delay(2): Delayed 2 second(s)

2019-05-29 19:49:15 - [MESSAGE][PASSED] - Delayed 2 second(s)

2019-05-29 19:49:15 - [TEST_STEP][PASSED] - verifyElementText(findTestObject("Global Nav/Collision/My GM Partner Perks/font_MY GM PARTNER PERKS"), "MY GM PARTNER PERKS"): Actual text and expected text of test object 'Object Repository/Global Nav/Collision/My GM Partner Perks/font_MY GM PARTNER PERKS' are matched.

2019-05-29 19:49:15 - [MESSAGE][PASSED] - Actual text and expected text of test object 'Object Repository/Global Nav/Collision/My GM Partner Perks/font_MY GM PARTNER PERKS' are matched.

2019-05-29 19:49:15 - [TEST_STEP][PASSED] - closeBrowser(): Browser is closed

2019-05-29 19:49:16 - [MESSAGE][PASSED] - Browser is closed]]></system-out>
         <system-err><![CDATA[]]></system-err>
      </testcase>
      <testcase name="Test Cases/GGMP/GlobalNav/Collision/Position Statement" classname="Test Cases/GGMP/GlobalNav/Collision/Position Statement" status="PASSED">
         <system-out><![CDATA[2019-05-29 19:49:16 - [TEST_CASE][PASSED] - Test Cases/GGMP/GlobalNav/Collision/Position Statement: Test Cases/GGMP/GlobalNav/Collision/Position Statement

2019-05-29 19:49:17 - [TEST_STEP][PASSED] - openBrowser(""): Browser is opened with url: ''

2019-05-29 19:49:17 - [MESSAGE][INFO] - Starting 'Chrome' driver

2019-05-29 19:49:22 - [MESSAGE][PASSED] - Browser is opened with url: ''

2019-05-29 19:49:22 - [TEST_STEP][PASSED] - maximizeWindow(): Current window maximized

2019-05-29 19:49:23 - [MESSAGE][PASSED] - Current window maximized

2019-05-29 19:49:23 - [TEST_STEP][PASSED] - navigateToUrl("https://www.genuinegmparts.com/"): Navigate to 'https://www.genuinegmparts.com/' successfully

2019-05-29 19:49:27 - [MESSAGE][PASSED] - Navigate to 'https://www.genuinegmparts.com/' successfully

2019-05-29 19:49:27 - [TEST_STEP][PASSED] - click(findTestObject("Object Repository/Global Nav/Collision/Position Statement/li_Collision")): Object: 'Object Repository/Global Nav/Collision/Position Statement/li_Collision' is clicked on

2019-05-29 19:49:27 - [MESSAGE][PASSED] - Object: 'Object Repository/Global Nav/Collision/Position Statement/li_Collision' is clicked on

2019-05-29 19:49:27 - [TEST_STEP][PASSED] - click(findTestObject("Object Repository/Global Nav/Collision/Position Statement/a_Position Statements")): Object: 'Object Repository/Global Nav/Collision/Position Statement/a_Position Statements' is clicked on

2019-05-29 19:49:28 - [MESSAGE][PASSED] - Object: 'Object Repository/Global Nav/Collision/Position Statement/a_Position Statements' is clicked on

2019-05-29 19:49:28 - [TEST_STEP][PASSED] - delay(2): Delayed 2 second(s)

2019-05-29 19:49:30 - [MESSAGE][PASSED] - Delayed 2 second(s)

2019-05-29 19:49:30 - [TEST_STEP][PASSED] - verifyElementText(findTestObject("Global Nav/Collision/Position Statement/h1_Position statements"), "Position statements"): Actual text and expected text of test object 'Object Repository/Global Nav/Collision/Position Statement/h1_Position statements' are matched.

2019-05-29 19:49:30 - [MESSAGE][PASSED] - Actual text and expected text of test object 'Object Repository/Global Nav/Collision/Position Statement/h1_Position statements' are matched.

2019-05-29 19:49:30 - [TEST_STEP][PASSED] - closeBrowser(): Browser is closed

2019-05-29 19:49:31 - [MESSAGE][PASSED] - Browser is closed]]></system-out>
         <system-err><![CDATA[]]></system-err>
      </testcase>
      <testcase name="Test Cases/GGMP/GlobalNav/Collision/Programs and Offers" classname="Test Cases/GGMP/GlobalNav/Collision/Programs and Offers" status="PASSED">
         <system-out><![CDATA[2019-05-29 19:49:31 - [TEST_CASE][PASSED] - Test Cases/GGMP/GlobalNav/Collision/Programs and Offers: Test Cases/GGMP/GlobalNav/Collision/Programs and Offers

2019-05-29 19:49:31 - [TEST_STEP][PASSED] - openBrowser(""): Browser is opened with url: ''

2019-05-29 19:49:31 - [MESSAGE][INFO] - Starting 'Chrome' driver

2019-05-29 19:49:37 - [MESSAGE][PASSED] - Browser is opened with url: ''

2019-05-29 19:49:37 - [TEST_STEP][PASSED] - maximizeWindow(): Current window maximized

2019-05-29 19:49:38 - [MESSAGE][PASSED] - Current window maximized

2019-05-29 19:49:38 - [TEST_STEP][PASSED] - navigateToUrl("https://www.genuinegmparts.com/"): Navigate to 'https://www.genuinegmparts.com/' successfully

2019-05-29 19:49:42 - [MESSAGE][PASSED] - Navigate to 'https://www.genuinegmparts.com/' successfully

2019-05-29 19:49:42 - [TEST_STEP][PASSED] - click(findTestObject("Object Repository/Global Nav/Collision/Programs and Offers/li_Collision")): Object: 'Object Repository/Global Nav/Collision/Programs and Offers/li_Collision' is clicked on

2019-05-29 19:49:42 - [MESSAGE][PASSED] - Object: 'Object Repository/Global Nav/Collision/Programs and Offers/li_Collision' is clicked on

2019-05-29 19:49:42 - [TEST_STEP][PASSED] - click(findTestObject("Object Repository/Global Nav/Collision/Programs and Offers/a_Programs  Offers")): Object: 'Object Repository/Global Nav/Collision/Programs and Offers/a_Programs  Offers' is clicked on

2019-05-29 19:49:45 - [MESSAGE][PASSED] - Object: 'Object Repository/Global Nav/Collision/Programs and Offers/a_Programs  Offers' is clicked on

2019-05-29 19:49:45 - [TEST_STEP][PASSED] - click(findTestObject("Object Repository/Global Nav/Collision/Programs and Offers/a_concat(id(  ttpopclose1  ))_ttpopclose1")): Object: 'Object Repository/Global Nav/Collision/Programs and Offers/a_concat(id(  ttpopclose1  ))_ttpopclose1' is clicked on

2019-05-29 19:49:46 - [MESSAGE][PASSED] - Object: 'Object Repository/Global Nav/Collision/Programs and Offers/a_concat(id(  ttpopclose1  ))_ttpopclose1' is clicked on

2019-05-29 19:49:46 - [TEST_STEP][PASSED] - delay(2): Delayed 2 second(s)

2019-05-29 19:49:48 - [MESSAGE][PASSED] - Delayed 2 second(s)

2019-05-29 19:49:48 - [TEST_STEP][PASSED] - verifyElementText(findTestObject("Global Nav/Collision/Programs and Offers/p_Shops that choose 100 GM Genuine Parts can earn rewards and help get the job done right the first time"), "Shops that choose 100% GM Genuine Parts can earn rewards and help get the job done right the first time."): Actual text and expected text of test object 'Object Repository/Global Nav/Collision/Programs and Offers/p_Shops that choose 100 GM Genuine Parts can earn rewards and help get the job done right the first time' are matched.

2019-05-29 19:49:48 - [MESSAGE][PASSED] - Actual text and expected text of test object 'Object Repository/Global Nav/Collision/Programs and Offers/p_Shops that choose 100 GM Genuine Parts can earn rewards and help get the job done right the first time' are matched.

2019-05-29 19:49:48 - [TEST_STEP][PASSED] - closeBrowser(): Browser is closed

2019-05-29 19:49:49 - [MESSAGE][PASSED] - Browser is closed]]></system-out>
         <system-err><![CDATA[]]></system-err>
      </testcase>
      <testcase name="Test Cases/GGMP/GlobalNav/Collision/Technical Documents" classname="Test Cases/GGMP/GlobalNav/Collision/Technical Documents" status="PASSED">
         <system-out><![CDATA[2019-05-29 19:49:49 - [TEST_CASE][PASSED] - Test Cases/GGMP/GlobalNav/Collision/Technical Documents: Test Cases/GGMP/GlobalNav/Collision/Technical Documents

2019-05-29 19:49:49 - [TEST_STEP][PASSED] - openBrowser(""): Browser is opened with url: ''

2019-05-29 19:49:49 - [MESSAGE][INFO] - Starting 'Chrome' driver

2019-05-29 19:49:55 - [MESSAGE][PASSED] - Browser is opened with url: ''

2019-05-29 19:49:55 - [TEST_STEP][PASSED] - maximizeWindow(): Current window maximized

2019-05-29 19:49:56 - [MESSAGE][PASSED] - Current window maximized

2019-05-29 19:49:56 - [TEST_STEP][PASSED] - navigateToUrl("https://www.genuinegmparts.com/"): Navigate to 'https://www.genuinegmparts.com/' successfully

2019-05-29 19:50:00 - [MESSAGE][PASSED] - Navigate to 'https://www.genuinegmparts.com/' successfully

2019-05-29 19:50:00 - [TEST_STEP][PASSED] - click(findTestObject("Object Repository/Global Nav/Collision/Technical Documents/li_Collision")): Object: 'Object Repository/Global Nav/Collision/Technical Documents/li_Collision' is clicked on

2019-05-29 19:50:00 - [MESSAGE][PASSED] - Object: 'Object Repository/Global Nav/Collision/Technical Documents/li_Collision' is clicked on

2019-05-29 19:50:00 - [TEST_STEP][PASSED] - click(findTestObject("Object Repository/Global Nav/Collision/Technical Documents/a_Technical Documents")): Object: 'Object Repository/Global Nav/Collision/Technical Documents/a_Technical Documents' is clicked on

2019-05-29 19:50:02 - [MESSAGE][PASSED] - Object: 'Object Repository/Global Nav/Collision/Technical Documents/a_Technical Documents' is clicked on

2019-05-29 19:50:02 - [TEST_STEP][PASSED] - delay(2): Delayed 2 second(s)

2019-05-29 19:50:04 - [MESSAGE][PASSED] - Delayed 2 second(s)

2019-05-29 19:50:04 - [TEST_STEP][PASSED] - verifyElementText(findTestObject("Global Nav/Collision/Technical Documents/h1_Technical documents"), "Technical documents"): Actual text and expected text of test object 'Object Repository/Global Nav/Collision/Technical Documents/h1_Technical documents' are matched.

2019-05-29 19:50:04 - [MESSAGE][PASSED] - Actual text and expected text of test object 'Object Repository/Global Nav/Collision/Technical Documents/h1_Technical documents' are matched.

2019-05-29 19:50:04 - [TEST_STEP][PASSED] - click(findTestObject("Object Repository/Global Nav/Collision/Technical Documents/button_Position Statements")): Object: 'Object Repository/Global Nav/Collision/Technical Documents/button_Position Statements' is clicked on

2019-05-29 19:50:05 - [MESSAGE][PASSED] - Object: 'Object Repository/Global Nav/Collision/Technical Documents/button_Position Statements' is clicked on

2019-05-29 19:50:05 - [TEST_STEP][PASSED] - delay(2): Delayed 2 second(s)

2019-05-29 19:50:07 - [MESSAGE][PASSED] - Delayed 2 second(s)

2019-05-29 19:50:07 - [TEST_STEP][PASSED] - verifyElementText(findTestObject("Global Nav/Collision/Technical Documents/h1_Position statements"), "Position statements"): Actual text and expected text of test object 'Object Repository/Global Nav/Collision/Technical Documents/h1_Position statements' are matched.

2019-05-29 19:50:07 - [MESSAGE][PASSED] - Actual text and expected text of test object 'Object Repository/Global Nav/Collision/Technical Documents/h1_Position statements' are matched.

2019-05-29 19:50:07 - [TEST_STEP][PASSED] - closeBrowser(): Browser is closed

2019-05-29 19:50:09 - [MESSAGE][PASSED] - Browser is closed]]></system-out>
         <system-err><![CDATA[]]></system-err>
      </testcase>
      <testcase name="Test Cases/GGMP/GlobalNav/Collision/The Genuine Difference" classname="Test Cases/GGMP/GlobalNav/Collision/The Genuine Difference" status="PASSED">
         <system-out><![CDATA[2019-05-29 19:50:09 - [TEST_CASE][PASSED] - Test Cases/GGMP/GlobalNav/Collision/The Genuine Difference: Test Cases/GGMP/GlobalNav/Collision/The Genuine Difference

2019-05-29 19:50:09 - [TEST_STEP][PASSED] - openBrowser(""): Browser is opened with url: ''

2019-05-29 19:50:09 - [MESSAGE][INFO] - Starting 'Chrome' driver

2019-05-29 19:50:14 - [MESSAGE][PASSED] - Browser is opened with url: ''

2019-05-29 19:50:14 - [TEST_STEP][PASSED] - maximizeWindow(): Current window maximized

2019-05-29 19:50:16 - [MESSAGE][PASSED] - Current window maximized

2019-05-29 19:50:16 - [TEST_STEP][PASSED] - navigateToUrl("https://www.genuinegmparts.com/"): Navigate to 'https://www.genuinegmparts.com/' successfully

2019-05-29 19:50:19 - [MESSAGE][PASSED] - Navigate to 'https://www.genuinegmparts.com/' successfully

2019-05-29 19:50:19 - [TEST_STEP][PASSED] - click(findTestObject("Object Repository/Global Nav/Collision/The Genuine Difference/li_Collision")): Object: 'Object Repository/Global Nav/Collision/The Genuine Difference/li_Collision' is clicked on

2019-05-29 19:50:20 - [MESSAGE][PASSED] - Object: 'Object Repository/Global Nav/Collision/The Genuine Difference/li_Collision' is clicked on

2019-05-29 19:50:20 - [TEST_STEP][PASSED] - click(findTestObject("Object Repository/Global Nav/Collision/The Genuine Difference/span_The Genuine Difference")): Object: 'Object Repository/Global Nav/Collision/The Genuine Difference/span_The Genuine Difference' is clicked on

2019-05-29 19:50:23 - [MESSAGE][PASSED] - Object: 'Object Repository/Global Nav/Collision/The Genuine Difference/span_The Genuine Difference' is clicked on

2019-05-29 19:50:23 - [TEST_STEP][PASSED] - delay(2): Delayed 2 second(s)

2019-05-29 19:50:25 - [MESSAGE][PASSED] - Delayed 2 second(s)

2019-05-29 19:50:25 - [TEST_STEP][PASSED] - verifyElementText(findTestObject("Global Nav/Collision/The Genuine Difference/h1_Take control of your collision repair with Genuine GM Parts"), "Take control of your collision repair with Genuine GM Parts"): Actual text and expected text of test object 'Object Repository/Global Nav/Collision/The Genuine Difference/h1_Take control of your collision repair with Genuine GM Parts' are matched.

2019-05-29 19:50:25 - [MESSAGE][PASSED] - Actual text and expected text of test object 'Object Repository/Global Nav/Collision/The Genuine Difference/h1_Take control of your collision repair with Genuine GM Parts' are matched.

2019-05-29 19:50:25 - [TEST_STEP][PASSED] - closeBrowser(): Browser is closed

2019-05-29 19:50:26 - [MESSAGE][PASSED] - Browser is closed]]></system-out>
         <system-err><![CDATA[]]></system-err>
      </testcase>
      <testcase name="Test Cases/GGMP/GlobalNav/Collision/Touch-UP Paint" classname="Test Cases/GGMP/GlobalNav/Collision/Touch-UP Paint" status="FAILED">
         <failure type="FAILED" message="Test Cases/GGMP/GlobalNav/Collision/Touch-UP Paint FAILED.
Reason:
com.kms.katalon.core.exception.StepFailedException: Unable to click on object 'Object Repository/Global Nav/Collision/Touch-Up Paint/span_2018 GM Refinish Materials - GMW-15406-2017'
	at com.kms.katalon.core.webui.keyword.internal.WebUIKeywordMain.stepFailed(WebUIKeywordMain.groovy:64)
	at com.kms.katalon.core.webui.keyword.internal.WebUIKeywordMain.runKeyword(WebUIKeywordMain.groovy:26)
	at com.kms.katalon.core.webui.keyword.builtin.ClickKeyword.click(ClickKeyword.groovy:86)
	at com.kms.katalon.core.webui.keyword.builtin.ClickKeyword.execute(ClickKeyword.groovy:67)
	at com.kms.katalon.core.keyword.internal.KeywordExecutor.executeKeywordForPlatform(KeywordExecutor.groovy:56)
	at com.kms.katalon.core.webui.keyword.WebUiBuiltInKeywords.click(WebUiBuiltInKeywords.groovy:616)
	at com.kms.katalon.core.webui.keyword.WebUiBuiltInKeywords$click$2.call(Unknown Source)
	at Touch-UP Paint.run(Touch-UP Paint:45)
	at com.kms.katalon.core.main.ScriptEngine.run(ScriptEngine.java:194)
	at com.kms.katalon.core.main.ScriptEngine.runScriptAsRawText(ScriptEngine.java:119)
	at com.kms.katalon.core.main.TestCaseExecutor.runScript(TestCaseExecutor.java:336)
	at com.kms.katalon.core.main.TestCaseExecutor.doExecute(TestCaseExecutor.java:327)
	at com.kms.katalon.core.main.TestCaseExecutor.processExecutionPhase(TestCaseExecutor.java:306)
	at com.kms.katalon.core.main.TestCaseExecutor.accessMainPhase(TestCaseExecutor.java:298)
	at com.kms.katalon.core.main.TestCaseExecutor.execute(TestCaseExecutor.java:232)
	at com.kms.katalon.core.main.TestSuiteExecutor.accessTestCaseMainPhase(TestSuiteExecutor.java:129)
	at com.kms.katalon.core.main.TestSuiteExecutor.accessTestSuiteMainPhase(TestSuiteExecutor.java:112)
	at com.kms.katalon.core.main.TestSuiteExecutor.execute(TestSuiteExecutor.java:81)
	at com.kms.katalon.core.main.TestCaseMain.startTestSuite(TestCaseMain.java:157)
	at com.kms.katalon.core.main.TestCaseMain$startTestSuite$0.call(Unknown Source)
	at TempTestSuite1559148468563.run(TempTestSuite1559148468563.groovy:35)
Caused by: org.openqa.selenium.ElementClickInterceptedException: element click intercepted: Element &lt;span>...&lt;/span> is not clickable at point (682, 703). Other element would receive the click: &lt;div class=&quot;col-sm-9 noPaddingRight content-page&quot;>...&lt;/div>
  (Session info: chrome=74.0.3729.169)
  (Driver info: chromedriver=74.0.3729.6 (255758eccf3d244491b8a1317aa76e1ce10d57e9-refs/branch-heads/3729@{#29}),platform=Windows NT 10.0.17763 x86_64) (WARNING: The server did not provide any stacktrace information)
Command duration or timeout: 0 milliseconds
Build info: version: '3.7.1', revision: '8a0099a', time: '2017-11-06T21:07:36.161Z'
System info: host: 'BCHOPT-NW100219', ip: '10.69.196.168', os.name: 'Windows 10', os.arch: 'amd64', os.version: '10.0', java.version: '1.8.0_181'
Driver info: com.kms.katalon.selenium.driver.CChromeDriver
Capabilities {acceptInsecureCerts: false, acceptSslCerts: false, applicationCacheEnabled: false, browserConnectionEnabled: false, browserName: chrome, chrome: {chromedriverVersion: 74.0.3729.6 (255758eccf3d24..., userDataDir: C:\Users\ADRIAN~1.DOB\AppDa...}, cssSelectorsEnabled: true, databaseEnabled: false, goog:chromeOptions: {debuggerAddress: localhost:50308}, handlesAlerts: true, hasTouchScreen: false, javascriptEnabled: true, locationContextEnabled: true, mobileEmulationEnabled: false, nativeEvents: true, networkConnectionEnabled: false, pageLoadStrategy: normal, platform: XP, platformName: XP, proxy: Proxy(direct), rotatable: false, setWindowRect: true, strictFileInteractability: false, takesHeapSnapshot: true, takesScreenshot: true, timeouts: {implicit: 0, pageLoad: 300000, script: 30000}, unexpectedAlertBehaviour: ignore, unhandledPromptBehavior: ignore, version: 74.0.3729.169, webStorageEnabled: true}
Session ID: 9e0a5d0c0d0666a1892e5dca89f8a53c
	at org.openqa.selenium.remote.ErrorHandler.createThrowable(ErrorHandler.java:214)
	at org.openqa.selenium.remote.ErrorHandler.throwIfResponseFailed(ErrorHandler.java:166)
	at org.openqa.selenium.remote.http.JsonHttpResponseCodec.reconstructValue(JsonHttpResponseCodec.java:40)
	at org.openqa.selenium.remote.http.AbstractHttpResponseCodec.decode(AbstractHttpResponseCodec.java:80)
	at org.openqa.selenium.remote.http.AbstractHttpResponseCodec.decode(AbstractHttpResponseCodec.java:44)
	at org.openqa.selenium.remote.HttpCommandExecutor.execute(HttpCommandExecutor.java:164)
	at org.openqa.selenium.remote.service.DriverCommandExecutor.execute(DriverCommandExecutor.java:83)
	at org.openqa.selenium.remote.RemoteWebDriver.execute(RemoteWebDriver.java:600)
	at com.kms.katalon.selenium.driver.CChromeDriver.execute(CChromeDriver.java:20)
	at org.openqa.selenium.remote.RemoteWebElement.execute(RemoteWebElement.java:279)
	at org.openqa.selenium.remote.RemoteWebElement.click(RemoteWebElement.java:83)
	at com.kms.katalon.core.webui.keyword.builtin.ClickKeyword$_click_closure1.doCall(ClickKeyword.groovy:79)
	at com.kms.katalon.core.webui.keyword.builtin.ClickKeyword$_click_closure1.call(ClickKeyword.groovy)
	at com.kms.katalon.core.webui.keyword.internal.WebUIKeywordMain.runKeyword(WebUIKeywordMain.groovy:20)
	at com.kms.katalon.core.webui.keyword.builtin.ClickKeyword.click(ClickKeyword.groovy:86)
	at com.kms.katalon.core.webui.keyword.builtin.ClickKeyword.execute(ClickKeyword.groovy:67)
	at com.kms.katalon.core.keyword.internal.KeywordExecutor.executeKeywordForPlatform(KeywordExecutor.groovy:56)
	at com.kms.katalon.core.webui.keyword.WebUiBuiltInKeywords.click(WebUiBuiltInKeywords.groovy:616)
	at com.kms.katalon.core.webui.keyword.WebUiBuiltInKeywords$click$2.call(Unknown Source)
	at Script1558537420008.run(Script1558537420008.groovy:45)
	... 13 more
"/>
         <system-out><![CDATA[2019-05-29 19:50:26 - [TEST_CASE][FAILED] - Test Cases/GGMP/GlobalNav/Collision/Touch-UP Paint: Test Cases/GGMP/GlobalNav/Collision/Touch-UP Paint FAILED.
Reason:
com.kms.katalon.core.exception.StepFailedException: Unable to click on object 'Object Repository/Global Nav/Collision/Touch-Up Paint/span_2018 GM Refinish Materials - GMW-15406-2017'
	at com.kms.katalon.core.webui.keyword.internal.WebUIKeywordMain.stepFailed(WebUIKeywordMain.groovy:64)
	at com.kms.katalon.core.webui.keyword.internal.WebUIKeywordMain.runKeyword(WebUIKeywordMain.groovy:26)
	at com.kms.katalon.core.webui.keyword.builtin.ClickKeyword.click(ClickKeyword.groovy:86)
	at com.kms.katalon.core.webui.keyword.builtin.ClickKeyword.execute(ClickKeyword.groovy:67)
	at com.kms.katalon.core.keyword.internal.KeywordExecutor.executeKeywordForPlatform(KeywordExecutor.groovy:56)
	at com.kms.katalon.core.webui.keyword.WebUiBuiltInKeywords.click(WebUiBuiltInKeywords.groovy:616)
	at com.kms.katalon.core.webui.keyword.WebUiBuiltInKeywords$click$2.call(Unknown Source)
	at Touch-UP Paint.run(Touch-UP Paint:45)
	at com.kms.katalon.core.main.ScriptEngine.run(ScriptEngine.java:194)
	at com.kms.katalon.core.main.ScriptEngine.runScriptAsRawText(ScriptEngine.java:119)
	at com.kms.katalon.core.main.TestCaseExecutor.runScript(TestCaseExecutor.java:336)
	at com.kms.katalon.core.main.TestCaseExecutor.doExecute(TestCaseExecutor.java:327)
	at com.kms.katalon.core.main.TestCaseExecutor.processExecutionPhase(TestCaseExecutor.java:306)
	at com.kms.katalon.core.main.TestCaseExecutor.accessMainPhase(TestCaseExecutor.java:298)
	at com.kms.katalon.core.main.TestCaseExecutor.execute(TestCaseExecutor.java:232)
	at com.kms.katalon.core.main.TestSuiteExecutor.accessTestCaseMainPhase(TestSuiteExecutor.java:129)
	at com.kms.katalon.core.main.TestSuiteExecutor.accessTestSuiteMainPhase(TestSuiteExecutor.java:112)
	at com.kms.katalon.core.main.TestSuiteExecutor.execute(TestSuiteExecutor.java:81)
	at com.kms.katalon.core.main.TestCaseMain.startTestSuite(TestCaseMain.java:157)
	at com.kms.katalon.core.main.TestCaseMain$startTestSuite$0.call(Unknown Source)
	at TempTestSuite1559148468563.run(TempTestSuite1559148468563.groovy:35)
Caused by: org.openqa.selenium.ElementClickInterceptedException: element click intercepted: Element <span>...</span> is not clickable at point (682, 703). Other element would receive the click: <div class="col-sm-9 noPaddingRight content-page">...</div>
  (Session info: chrome=74.0.3729.169)
  (Driver info: chromedriver=74.0.3729.6 (255758eccf3d244491b8a1317aa76e1ce10d57e9-refs/branch-heads/3729@{#29}),platform=Windows NT 10.0.17763 x86_64) (WARNING: The server did not provide any stacktrace information)
Command duration or timeout: 0 milliseconds
Build info: version: '3.7.1', revision: '8a0099a', time: '2017-11-06T21:07:36.161Z'
System info: host: 'BCHOPT-NW100219', ip: '10.69.196.168', os.name: 'Windows 10', os.arch: 'amd64', os.version: '10.0', java.version: '1.8.0_181'
Driver info: com.kms.katalon.selenium.driver.CChromeDriver
Capabilities {acceptInsecureCerts: false, acceptSslCerts: false, applicationCacheEnabled: false, browserConnectionEnabled: false, browserName: chrome, chrome: {chromedriverVersion: 74.0.3729.6 (255758eccf3d24..., userDataDir: C:\Users\ADRIAN~1.DOB\AppDa...}, cssSelectorsEnabled: true, databaseEnabled: false, goog:chromeOptions: {debuggerAddress: localhost:50308}, handlesAlerts: true, hasTouchScreen: false, javascriptEnabled: true, locationContextEnabled: true, mobileEmulationEnabled: false, nativeEvents: true, networkConnectionEnabled: false, pageLoadStrategy: normal, platform: XP, platformName: XP, proxy: Proxy(direct), rotatable: false, setWindowRect: true, strictFileInteractability: false, takesHeapSnapshot: true, takesScreenshot: true, timeouts: {implicit: 0, pageLoad: 300000, script: 30000}, unexpectedAlertBehaviour: ignore, unhandledPromptBehavior: ignore, version: 74.0.3729.169, webStorageEnabled: true}
Session ID: 9e0a5d0c0d0666a1892e5dca89f8a53c
	at org.openqa.selenium.remote.ErrorHandler.createThrowable(ErrorHandler.java:214)
	at org.openqa.selenium.remote.ErrorHandler.throwIfResponseFailed(ErrorHandler.java:166)
	at org.openqa.selenium.remote.http.JsonHttpResponseCodec.reconstructValue(JsonHttpResponseCodec.java:40)
	at org.openqa.selenium.remote.http.AbstractHttpResponseCodec.decode(AbstractHttpResponseCodec.java:80)
	at org.openqa.selenium.remote.http.AbstractHttpResponseCodec.decode(AbstractHttpResponseCodec.java:44)
	at org.openqa.selenium.remote.HttpCommandExecutor.execute(HttpCommandExecutor.java:164)
	at org.openqa.selenium.remote.service.DriverCommandExecutor.execute(DriverCommandExecutor.java:83)
	at org.openqa.selenium.remote.RemoteWebDriver.execute(RemoteWebDriver.java:600)
	at com.kms.katalon.selenium.driver.CChromeDriver.execute(CChromeDriver.java:20)
	at org.openqa.selenium.remote.RemoteWebElement.execute(RemoteWebElement.java:279)
	at org.openqa.selenium.remote.RemoteWebElement.click(RemoteWebElement.java:83)
	at com.kms.katalon.core.webui.keyword.builtin.ClickKeyword$_click_closure1.doCall(ClickKeyword.groovy:79)
	at com.kms.katalon.core.webui.keyword.builtin.ClickKeyword$_click_closure1.call(ClickKeyword.groovy)
	at com.kms.katalon.core.webui.keyword.internal.WebUIKeywordMain.runKeyword(WebUIKeywordMain.groovy:20)
	at com.kms.katalon.core.webui.keyword.builtin.ClickKeyword.click(ClickKeyword.groovy:86)
	at com.kms.katalon.core.webui.keyword.builtin.ClickKeyword.execute(ClickKeyword.groovy:67)
	at com.kms.katalon.core.keyword.internal.KeywordExecutor.executeKeywordForPlatform(KeywordExecutor.groovy:56)
	at com.kms.katalon.core.webui.keyword.WebUiBuiltInKeywords.click(WebUiBuiltInKeywords.groovy:616)
	at com.kms.katalon.core.webui.keyword.WebUiBuiltInKeywords$click$2.call(Unknown Source)
	at Script1558537420008.run(Script1558537420008.groovy:45)
	... 13 more


2019-05-29 19:50:26 - [TEST_STEP][PASSED] - openBrowser(""): Browser is opened with url: ''

2019-05-29 19:50:26 - [MESSAGE][INFO] - Starting 'Chrome' driver

2019-05-29 19:50:32 - [MESSAGE][PASSED] - Browser is opened with url: ''

2019-05-29 19:50:32 - [TEST_STEP][PASSED] - maximizeWindow(): Current window maximized

2019-05-29 19:50:33 - [MESSAGE][PASSED] - Current window maximized

2019-05-29 19:50:33 - [TEST_STEP][PASSED] - navigateToUrl("https://www.genuinegmparts.com/"): Navigate to 'https://www.genuinegmparts.com/' successfully

2019-05-29 19:50:37 - [MESSAGE][PASSED] - Navigate to 'https://www.genuinegmparts.com/' successfully

2019-05-29 19:50:37 - [TEST_STEP][PASSED] - click(findTestObject("Object Repository/Global Nav/Collision/Touch-Up Paint/li_Collision")): Object: 'Object Repository/Global Nav/Collision/Touch-Up Paint/li_Collision' is clicked on

2019-05-29 19:50:38 - [MESSAGE][PASSED] - Object: 'Object Repository/Global Nav/Collision/Touch-Up Paint/li_Collision' is clicked on

2019-05-29 19:50:38 - [TEST_STEP][PASSED] - click(findTestObject("Object Repository/Global Nav/Collision/Touch-Up Paint/span_Touch-up paint")): Object: 'Object Repository/Global Nav/Collision/Touch-Up Paint/span_Touch-up paint' is clicked on

2019-05-29 19:50:40 - [MESSAGE][PASSED] - Object: 'Object Repository/Global Nav/Collision/Touch-Up Paint/span_Touch-up paint' is clicked on

2019-05-29 19:50:40 - [TEST_STEP][PASSED] - delay(2): Delayed 2 second(s)

2019-05-29 19:50:42 - [MESSAGE][PASSED] - Delayed 2 second(s)

2019-05-29 19:50:42 - [TEST_STEP][PASSED] - verifyElementText(findTestObject("Global Nav/Collision/Touch-Up Paint/h1_Show your true colors with GM auto touch-up paint"), "Show your true colors with GM auto touch-up paint"): Actual text and expected text of test object 'Object Repository/Global Nav/Collision/Touch-Up Paint/h1_Show your true colors with GM auto touch-up paint' are matched.

2019-05-29 19:50:42 - [MESSAGE][PASSED] - Actual text and expected text of test object 'Object Repository/Global Nav/Collision/Touch-Up Paint/h1_Show your true colors with GM auto touch-up paint' are matched.

2019-05-29 19:50:42 - [TEST_STEP][PASSED] - click(findTestObject("Object Repository/Global Nav/Collision/Touch-Up Paint/a_Downloadable Guides")): Object: 'Object Repository/Global Nav/Collision/Touch-Up Paint/a_Downloadable Guides' is clicked on

2019-05-29 19:50:42 - [MESSAGE][PASSED] - Object: 'Object Repository/Global Nav/Collision/Touch-Up Paint/a_Downloadable Guides' is clicked on

2019-05-29 19:50:42 - [TEST_STEP][PASSED] - click(findTestObject("Object Repository/Global Nav/Collision/Touch-Up Paint/a_Downloadable Guides")): Object: 'Object Repository/Global Nav/Collision/Touch-Up Paint/a_Downloadable Guides' is clicked on

2019-05-29 19:50:42 - [MESSAGE][PASSED] - Object: 'Object Repository/Global Nav/Collision/Touch-Up Paint/a_Downloadable Guides' is clicked on

2019-05-29 19:50:42 - [TEST_STEP][PASSED] - click(findTestObject("Object Repository/Global Nav/Collision/Touch-Up Paint/a_GM-approved paint manufacturers")): Object: 'Object Repository/Global Nav/Collision/Touch-Up Paint/a_GM-approved paint manufacturers' is clicked on

2019-05-29 19:50:42 - [MESSAGE][PASSED] - Object: 'Object Repository/Global Nav/Collision/Touch-Up Paint/a_GM-approved paint manufacturers' is clicked on

2019-05-29 19:50:42 - [TEST_STEP][PASSED] - click(findTestObject("Object Repository/Global Nav/Collision/Touch-Up Paint/a_GM-approved paint manufacturers")): Object: 'Object Repository/Global Nav/Collision/Touch-Up Paint/a_GM-approved paint manufacturers' is clicked on

2019-05-29 19:50:43 - [MESSAGE][PASSED] - Object: 'Object Repository/Global Nav/Collision/Touch-Up Paint/a_GM-approved paint manufacturers' is clicked on

2019-05-29 19:50:43 - [TEST_STEP][PASSED] - click(findTestObject("Object Repository/Global Nav/Collision/Touch-Up Paint/a_Where do I find the paint code")): Object: 'Object Repository/Global Nav/Collision/Touch-Up Paint/a_Where do I find the paint code' is clicked on

2019-05-29 19:50:43 - [MESSAGE][PASSED] - Object: 'Object Repository/Global Nav/Collision/Touch-Up Paint/a_Where do I find the paint code' is clicked on

2019-05-29 19:50:43 - [TEST_STEP][PASSED] - click(findTestObject("Object Repository/Global Nav/Collision/Touch-Up Paint/a_Where do I find the paint code")): Object: 'Object Repository/Global Nav/Collision/Touch-Up Paint/a_Where do I find the paint code' is clicked on

2019-05-29 19:50:43 - [MESSAGE][PASSED] - Object: 'Object Repository/Global Nav/Collision/Touch-Up Paint/a_Where do I find the paint code' is clicked on

2019-05-29 19:50:43 - [TEST_STEP][PASSED] - click(findTestObject("Object Repository/Global Nav/Collision/Touch-Up Paint/a_Downloadable Guides")): Object: 'Object Repository/Global Nav/Collision/Touch-Up Paint/a_Downloadable Guides' is clicked on

2019-05-29 19:50:43 - [MESSAGE][PASSED] - Object: 'Object Repository/Global Nav/Collision/Touch-Up Paint/a_Downloadable Guides' is clicked on

2019-05-29 19:50:43 - [TEST_STEP][FAILED] - click(findTestObject("Object Repository/Global Nav/Collision/Touch-Up Paint/span_2018 GM Refinish Materials - GMW-15406-2017")): Unable to click on object 'Object Repository/Global Nav/Collision/Touch-Up Paint/span_2018 GM Refinish Materials - GMW-15406-2017' (Root cause: com.kms.katalon.core.exception.StepFailedException: Unable to click on object 'Object Repository/Global Nav/Collision/Touch-Up Paint/span_2018 GM Refinish Materials - GMW-15406-2017'
	at com.kms.katalon.core.webui.keyword.internal.WebUIKeywordMain.stepFailed(WebUIKeywordMain.groovy:64)
	at com.kms.katalon.core.webui.keyword.internal.WebUIKeywordMain.runKeyword(WebUIKeywordMain.groovy:26)
	at com.kms.katalon.core.webui.keyword.builtin.ClickKeyword.click(ClickKeyword.groovy:86)
	at com.kms.katalon.core.webui.keyword.builtin.ClickKeyword.execute(ClickKeyword.groovy:67)
	at com.kms.katalon.core.keyword.internal.KeywordExecutor.executeKeywordForPlatform(KeywordExecutor.groovy:56)
	at com.kms.katalon.core.webui.keyword.WebUiBuiltInKeywords.click(WebUiBuiltInKeywords.groovy:616)
	at com.kms.katalon.core.webui.keyword.WebUiBuiltInKeywords$click$2.call(Unknown Source)
	at Touch-UP Paint.run(Touch-UP Paint:45)
	at com.kms.katalon.core.main.ScriptEngine.run(ScriptEngine.java:194)
	at com.kms.katalon.core.main.ScriptEngine.runScriptAsRawText(ScriptEngine.java:119)
	at com.kms.katalon.core.main.TestCaseExecutor.runScript(TestCaseExecutor.java:336)
	at com.kms.katalon.core.main.TestCaseExecutor.doExecute(TestCaseExecutor.java:327)
	at com.kms.katalon.core.main.TestCaseExecutor.processExecutionPhase(TestCaseExecutor.java:306)
	at com.kms.katalon.core.main.TestCaseExecutor.accessMainPhase(TestCaseExecutor.java:298)
	at com.kms.katalon.core.main.TestCaseExecutor.execute(TestCaseExecutor.java:232)
	at com.kms.katalon.core.main.TestSuiteExecutor.accessTestCaseMainPhase(TestSuiteExecutor.java:129)
	at com.kms.katalon.core.main.TestSuiteExecutor.accessTestSuiteMainPhase(TestSuiteExecutor.java:112)
	at com.kms.katalon.core.main.TestSuiteExecutor.execute(TestSuiteExecutor.java:81)
	at com.kms.katalon.core.main.TestCaseMain.startTestSuite(TestCaseMain.java:157)
	at com.kms.katalon.core.main.TestCaseMain$startTestSuite$0.call(Unknown Source)
	at TempTestSuite1559148468563.run(TempTestSuite1559148468563.groovy:35)
Caused by: org.openqa.selenium.ElementClickInterceptedException: element click intercepted: Element <span>...</span> is not clickable at point (682, 703). Other element would receive the click: <div class="col-sm-9 noPaddingRight content-page">...</div>
  (Session info: chrome=74.0.3729.169)
  (Driver info: chromedriver=74.0.3729.6 (255758eccf3d244491b8a1317aa76e1ce10d57e9-refs/branch-heads/3729@{#29}),platform=Windows NT 10.0.17763 x86_64) (WARNING: The server did not provide any stacktrace information)
Command duration or timeout: 0 milliseconds
Build info: version: '3.7.1', revision: '8a0099a', time: '2017-11-06T21:07:36.161Z'
System info: host: 'BCHOPT-NW100219', ip: '10.69.196.168', os.name: 'Windows 10', os.arch: 'amd64', os.version: '10.0', java.version: '1.8.0_181'
Driver info: com.kms.katalon.selenium.driver.CChromeDriver
Capabilities {acceptInsecureCerts: false, acceptSslCerts: false, applicationCacheEnabled: false, browserConnectionEnabled: false, browserName: chrome, chrome: {chromedriverVersion: 74.0.3729.6 (255758eccf3d24..., userDataDir: C:\Users\ADRIAN~1.DOB\AppDa...}, cssSelectorsEnabled: true, databaseEnabled: false, goog:chromeOptions: {debuggerAddress: localhost:50308}, handlesAlerts: true, hasTouchScreen: false, javascriptEnabled: true, locationContextEnabled: true, mobileEmulationEnabled: false, nativeEvents: true, networkConnectionEnabled: false, pageLoadStrategy: normal, platform: XP, platformName: XP, proxy: Proxy(direct), rotatable: false, setWindowRect: true, strictFileInteractability: false, takesHeapSnapshot: true, takesScreenshot: true, timeouts: {implicit: 0, pageLoad: 300000, script: 30000}, unexpectedAlertBehaviour: ignore, unhandledPromptBehavior: ignore, version: 74.0.3729.169, webStorageEnabled: true}
Session ID: 9e0a5d0c0d0666a1892e5dca89f8a53c
	at org.openqa.selenium.remote.ErrorHandler.createThrowable(ErrorHandler.java:214)
	at org.openqa.selenium.remote.ErrorHandler.throwIfResponseFailed(ErrorHandler.java:166)
	at org.openqa.selenium.remote.http.JsonHttpResponseCodec.reconstructValue(JsonHttpResponseCodec.java:40)
	at org.openqa.selenium.remote.http.AbstractHttpResponseCodec.decode(AbstractHttpResponseCodec.java:80)
	at org.openqa.selenium.remote.http.AbstractHttpResponseCodec.decode(AbstractHttpResponseCodec.java:44)
	at org.openqa.selenium.remote.HttpCommandExecutor.execute(HttpCommandExecutor.java:164)
	at org.openqa.selenium.remote.service.DriverCommandExecutor.execute(DriverCommandExecutor.java:83)
	at org.openqa.selenium.remote.RemoteWebDriver.execute(RemoteWebDriver.java:600)
	at com.kms.katalon.selenium.driver.CChromeDriver.execute(CChromeDriver.java:20)
	at org.openqa.selenium.remote.RemoteWebElement.execute(RemoteWebElement.java:279)
	at org.openqa.selenium.remote.RemoteWebElement.click(RemoteWebElement.java:83)
	at com.kms.katalon.core.webui.keyword.builtin.ClickKeyword$_click_closure1.doCall(ClickKeyword.groovy:79)
	at com.kms.katalon.core.webui.keyword.builtin.ClickKeyword$_click_closure1.call(ClickKeyword.groovy)
	at com.kms.katalon.core.webui.keyword.internal.WebUIKeywordMain.runKeyword(WebUIKeywordMain.groovy:20)
	at com.kms.katalon.core.webui.keyword.builtin.ClickKeyword.click(ClickKeyword.groovy:86)
	at com.kms.katalon.core.webui.keyword.builtin.ClickKeyword.execute(ClickKeyword.groovy:67)
	at com.kms.katalon.core.keyword.internal.KeywordExecutor.executeKeywordForPlatform(KeywordExecutor.groovy:56)
	at com.kms.katalon.core.webui.keyword.WebUiBuiltInKeywords.click(WebUiBuiltInKeywords.groovy:616)
	at com.kms.katalon.core.webui.keyword.WebUiBuiltInKeywords$click$2.call(Unknown Source)
	at Script1558537420008.run(Script1558537420008.groovy:45)
	... 13 more
)

2019-05-29 19:50:44 - [MESSAGE][FAILED] - Unable to click on object 'Object Repository/Global Nav/Collision/Touch-Up Paint/span_2018 GM Refinish Materials - GMW-15406-2017' (Root cause: com.kms.katalon.core.exception.StepFailedException: Unable to click on object 'Object Repository/Global Nav/Collision/Touch-Up Paint/span_2018 GM Refinish Materials - GMW-15406-2017'
	at com.kms.katalon.core.webui.keyword.internal.WebUIKeywordMain.stepFailed(WebUIKeywordMain.groovy:64)
	at com.kms.katalon.core.webui.keyword.internal.WebUIKeywordMain.runKeyword(WebUIKeywordMain.groovy:26)
	at com.kms.katalon.core.webui.keyword.builtin.ClickKeyword.click(ClickKeyword.groovy:86)
	at com.kms.katalon.core.webui.keyword.builtin.ClickKeyword.execute(ClickKeyword.groovy:67)
	at com.kms.katalon.core.keyword.internal.KeywordExecutor.executeKeywordForPlatform(KeywordExecutor.groovy:56)
	at com.kms.katalon.core.webui.keyword.WebUiBuiltInKeywords.click(WebUiBuiltInKeywords.groovy:616)
	at com.kms.katalon.core.webui.keyword.WebUiBuiltInKeywords$click$2.call(Unknown Source)
	at Touch-UP Paint.run(Touch-UP Paint:45)
	at com.kms.katalon.core.main.ScriptEngine.run(ScriptEngine.java:194)
	at com.kms.katalon.core.main.ScriptEngine.runScriptAsRawText(ScriptEngine.java:119)
	at com.kms.katalon.core.main.TestCaseExecutor.runScript(TestCaseExecutor.java:336)
	at com.kms.katalon.core.main.TestCaseExecutor.doExecute(TestCaseExecutor.java:327)
	at com.kms.katalon.core.main.TestCaseExecutor.processExecutionPhase(TestCaseExecutor.java:306)
	at com.kms.katalon.core.main.TestCaseExecutor.accessMainPhase(TestCaseExecutor.java:298)
	at com.kms.katalon.core.main.TestCaseExecutor.execute(TestCaseExecutor.java:232)
	at com.kms.katalon.core.main.TestSuiteExecutor.accessTestCaseMainPhase(TestSuiteExecutor.java:129)
	at com.kms.katalon.core.main.TestSuiteExecutor.accessTestSuiteMainPhase(TestSuiteExecutor.java:112)
	at com.kms.katalon.core.main.TestSuiteExecutor.execute(TestSuiteExecutor.java:81)
	at com.kms.katalon.core.main.TestCaseMain.startTestSuite(TestCaseMain.java:157)
	at com.kms.katalon.core.main.TestCaseMain$startTestSuite$0.call(Unknown Source)
	at TempTestSuite1559148468563.run(TempTestSuite1559148468563.groovy:35)
Caused by: org.openqa.selenium.ElementClickInterceptedException: element click intercepted: Element <span>...</span> is not clickable at point (682, 703). Other element would receive the click: <div class="col-sm-9 noPaddingRight content-page">...</div>
  (Session info: chrome=74.0.3729.169)
  (Driver info: chromedriver=74.0.3729.6 (255758eccf3d244491b8a1317aa76e1ce10d57e9-refs/branch-heads/3729@{#29}),platform=Windows NT 10.0.17763 x86_64) (WARNING: The server did not provide any stacktrace information)
Command duration or timeout: 0 milliseconds
Build info: version: '3.7.1', revision: '8a0099a', time: '2017-11-06T21:07:36.161Z'
System info: host: 'BCHOPT-NW100219', ip: '10.69.196.168', os.name: 'Windows 10', os.arch: 'amd64', os.version: '10.0', java.version: '1.8.0_181'
Driver info: com.kms.katalon.selenium.driver.CChromeDriver
Capabilities {acceptInsecureCerts: false, acceptSslCerts: false, applicationCacheEnabled: false, browserConnectionEnabled: false, browserName: chrome, chrome: {chromedriverVersion: 74.0.3729.6 (255758eccf3d24..., userDataDir: C:\Users\ADRIAN~1.DOB\AppDa...}, cssSelectorsEnabled: true, databaseEnabled: false, goog:chromeOptions: {debuggerAddress: localhost:50308}, handlesAlerts: true, hasTouchScreen: false, javascriptEnabled: true, locationContextEnabled: true, mobileEmulationEnabled: false, nativeEvents: true, networkConnectionEnabled: false, pageLoadStrategy: normal, platform: XP, platformName: XP, proxy: Proxy(direct), rotatable: false, setWindowRect: true, strictFileInteractability: false, takesHeapSnapshot: true, takesScreenshot: true, timeouts: {implicit: 0, pageLoad: 300000, script: 30000}, unexpectedAlertBehaviour: ignore, unhandledPromptBehavior: ignore, version: 74.0.3729.169, webStorageEnabled: true}
Session ID: 9e0a5d0c0d0666a1892e5dca89f8a53c
	at org.openqa.selenium.remote.ErrorHandler.createThrowable(ErrorHandler.java:214)
	at org.openqa.selenium.remote.ErrorHandler.throwIfResponseFailed(ErrorHandler.java:166)
	at org.openqa.selenium.remote.http.JsonHttpResponseCodec.reconstructValue(JsonHttpResponseCodec.java:40)
	at org.openqa.selenium.remote.http.AbstractHttpResponseCodec.decode(AbstractHttpResponseCodec.java:80)
	at org.openqa.selenium.remote.http.AbstractHttpResponseCodec.decode(AbstractHttpResponseCodec.java:44)
	at org.openqa.selenium.remote.HttpCommandExecutor.execute(HttpCommandExecutor.java:164)
	at org.openqa.selenium.remote.service.DriverCommandExecutor.execute(DriverCommandExecutor.java:83)
	at org.openqa.selenium.remote.RemoteWebDriver.execute(RemoteWebDriver.java:600)
	at com.kms.katalon.selenium.driver.CChromeDriver.execute(CChromeDriver.java:20)
	at org.openqa.selenium.remote.RemoteWebElement.execute(RemoteWebElement.java:279)
	at org.openqa.selenium.remote.RemoteWebElement.click(RemoteWebElement.java:83)
	at com.kms.katalon.core.webui.keyword.builtin.ClickKeyword$_click_closure1.doCall(ClickKeyword.groovy:79)
	at com.kms.katalon.core.webui.keyword.builtin.ClickKeyword$_click_closure1.call(ClickKeyword.groovy)
	at com.kms.katalon.core.webui.keyword.internal.WebUIKeywordMain.runKeyword(WebUIKeywordMain.groovy:20)
	at com.kms.katalon.core.webui.keyword.builtin.ClickKeyword.click(ClickKeyword.groovy:86)
	at com.kms.katalon.core.webui.keyword.builtin.ClickKeyword.execute(ClickKeyword.groovy:67)
	at com.kms.katalon.core.keyword.internal.KeywordExecutor.executeKeywordForPlatform(KeywordExecutor.groovy:56)
	at com.kms.katalon.core.webui.keyword.WebUiBuiltInKeywords.click(WebUiBuiltInKeywords.groovy:616)
	at com.kms.katalon.core.webui.keyword.WebUiBuiltInKeywords$click$2.call(Unknown Source)
	at Script1558537420008.run(Script1558537420008.groovy:45)
	... 13 more
)
[[ATTACHMENT|C:\\Users\\adrian.dobre\\Katalon Studio\\Genuine GM Parts\\Reports\\GGMP\\Tests\\20190529_194748\\1559148643696.png]]]]></system-out>
         <system-err><![CDATA[2019-05-29 19:50:26 - [TEST_CASE][FAILED] - Test Cases/GGMP/GlobalNav/Collision/Touch-UP Paint: Test Cases/GGMP/GlobalNav/Collision/Touch-UP Paint FAILED.
Reason:
com.kms.katalon.core.exception.StepFailedException: Unable to click on object 'Object Repository/Global Nav/Collision/Touch-Up Paint/span_2018 GM Refinish Materials - GMW-15406-2017'
	at com.kms.katalon.core.webui.keyword.internal.WebUIKeywordMain.stepFailed(WebUIKeywordMain.groovy:64)
	at com.kms.katalon.core.webui.keyword.internal.WebUIKeywordMain.runKeyword(WebUIKeywordMain.groovy:26)
	at com.kms.katalon.core.webui.keyword.builtin.ClickKeyword.click(ClickKeyword.groovy:86)
	at com.kms.katalon.core.webui.keyword.builtin.ClickKeyword.execute(ClickKeyword.groovy:67)
	at com.kms.katalon.core.keyword.internal.KeywordExecutor.executeKeywordForPlatform(KeywordExecutor.groovy:56)
	at com.kms.katalon.core.webui.keyword.WebUiBuiltInKeywords.click(WebUiBuiltInKeywords.groovy:616)
	at com.kms.katalon.core.webui.keyword.WebUiBuiltInKeywords$click$2.call(Unknown Source)
	at Touch-UP Paint.run(Touch-UP Paint:45)
	at com.kms.katalon.core.main.ScriptEngine.run(ScriptEngine.java:194)
	at com.kms.katalon.core.main.ScriptEngine.runScriptAsRawText(ScriptEngine.java:119)
	at com.kms.katalon.core.main.TestCaseExecutor.runScript(TestCaseExecutor.java:336)
	at com.kms.katalon.core.main.TestCaseExecutor.doExecute(TestCaseExecutor.java:327)
	at com.kms.katalon.core.main.TestCaseExecutor.processExecutionPhase(TestCaseExecutor.java:306)
	at com.kms.katalon.core.main.TestCaseExecutor.accessMainPhase(TestCaseExecutor.java:298)
	at com.kms.katalon.core.main.TestCaseExecutor.execute(TestCaseExecutor.java:232)
	at com.kms.katalon.core.main.TestSuiteExecutor.accessTestCaseMainPhase(TestSuiteExecutor.java:129)
	at com.kms.katalon.core.main.TestSuiteExecutor.accessTestSuiteMainPhase(TestSuiteExecutor.java:112)
	at com.kms.katalon.core.main.TestSuiteExecutor.execute(TestSuiteExecutor.java:81)
	at com.kms.katalon.core.main.TestCaseMain.startTestSuite(TestCaseMain.java:157)
	at com.kms.katalon.core.main.TestCaseMain$startTestSuite$0.call(Unknown Source)
	at TempTestSuite1559148468563.run(TempTestSuite1559148468563.groovy:35)
Caused by: org.openqa.selenium.ElementClickInterceptedException: element click intercepted: Element <span>...</span> is not clickable at point (682, 703). Other element would receive the click: <div class="col-sm-9 noPaddingRight content-page">...</div>
  (Session info: chrome=74.0.3729.169)
  (Driver info: chromedriver=74.0.3729.6 (255758eccf3d244491b8a1317aa76e1ce10d57e9-refs/branch-heads/3729@{#29}),platform=Windows NT 10.0.17763 x86_64) (WARNING: The server did not provide any stacktrace information)
Command duration or timeout: 0 milliseconds
Build info: version: '3.7.1', revision: '8a0099a', time: '2017-11-06T21:07:36.161Z'
System info: host: 'BCHOPT-NW100219', ip: '10.69.196.168', os.name: 'Windows 10', os.arch: 'amd64', os.version: '10.0', java.version: '1.8.0_181'
Driver info: com.kms.katalon.selenium.driver.CChromeDriver
Capabilities {acceptInsecureCerts: false, acceptSslCerts: false, applicationCacheEnabled: false, browserConnectionEnabled: false, browserName: chrome, chrome: {chromedriverVersion: 74.0.3729.6 (255758eccf3d24..., userDataDir: C:\Users\ADRIAN~1.DOB\AppDa...}, cssSelectorsEnabled: true, databaseEnabled: false, goog:chromeOptions: {debuggerAddress: localhost:50308}, handlesAlerts: true, hasTouchScreen: false, javascriptEnabled: true, locationContextEnabled: true, mobileEmulationEnabled: false, nativeEvents: true, networkConnectionEnabled: false, pageLoadStrategy: normal, platform: XP, platformName: XP, proxy: Proxy(direct), rotatable: false, setWindowRect: true, strictFileInteractability: false, takesHeapSnapshot: true, takesScreenshot: true, timeouts: {implicit: 0, pageLoad: 300000, script: 30000}, unexpectedAlertBehaviour: ignore, unhandledPromptBehavior: ignore, version: 74.0.3729.169, webStorageEnabled: true}
Session ID: 9e0a5d0c0d0666a1892e5dca89f8a53c
	at org.openqa.selenium.remote.ErrorHandler.createThrowable(ErrorHandler.java:214)
	at org.openqa.selenium.remote.ErrorHandler.throwIfResponseFailed(ErrorHandler.java:166)
	at org.openqa.selenium.remote.http.JsonHttpResponseCodec.reconstructValue(JsonHttpResponseCodec.java:40)
	at org.openqa.selenium.remote.http.AbstractHttpResponseCodec.decode(AbstractHttpResponseCodec.java:80)
	at org.openqa.selenium.remote.http.AbstractHttpResponseCodec.decode(AbstractHttpResponseCodec.java:44)
	at org.openqa.selenium.remote.HttpCommandExecutor.execute(HttpCommandExecutor.java:164)
	at org.openqa.selenium.remote.service.DriverCommandExecutor.execute(DriverCommandExecutor.java:83)
	at org.openqa.selenium.remote.RemoteWebDriver.execute(RemoteWebDriver.java:600)
	at com.kms.katalon.selenium.driver.CChromeDriver.execute(CChromeDriver.java:20)
	at org.openqa.selenium.remote.RemoteWebElement.execute(RemoteWebElement.java:279)
	at org.openqa.selenium.remote.RemoteWebElement.click(RemoteWebElement.java:83)
	at com.kms.katalon.core.webui.keyword.builtin.ClickKeyword$_click_closure1.doCall(ClickKeyword.groovy:79)
	at com.kms.katalon.core.webui.keyword.builtin.ClickKeyword$_click_closure1.call(ClickKeyword.groovy)
	at com.kms.katalon.core.webui.keyword.internal.WebUIKeywordMain.runKeyword(WebUIKeywordMain.groovy:20)
	at com.kms.katalon.core.webui.keyword.builtin.ClickKeyword.click(ClickKeyword.groovy:86)
	at com.kms.katalon.core.webui.keyword.builtin.ClickKeyword.execute(ClickKeyword.groovy:67)
	at com.kms.katalon.core.keyword.internal.KeywordExecutor.executeKeywordForPlatform(KeywordExecutor.groovy:56)
	at com.kms.katalon.core.webui.keyword.WebUiBuiltInKeywords.click(WebUiBuiltInKeywords.groovy:616)
	at com.kms.katalon.core.webui.keyword.WebUiBuiltInKeywords$click$2.call(Unknown Source)
	at Script1558537420008.run(Script1558537420008.groovy:45)
	... 13 more]]></system-err>
      </testcase>
      <testcase name="Test Cases/GGMP/GlobalNav/For Professionals/ACDelco SHop Tools" classname="Test Cases/GGMP/GlobalNav/For Professionals/ACDelco SHop Tools" status="PASSED">
         <system-out><![CDATA[2019-05-29 19:50:44 - [TEST_CASE][PASSED] - Test Cases/GGMP/GlobalNav/For Professionals/ACDelco SHop Tools: Test Cases/GGMP/GlobalNav/For Professionals/ACDelco SHop Tools

2019-05-29 19:50:44 - [TEST_STEP][PASSED] - openBrowser(""): Browser is opened with url: ''

2019-05-29 19:50:44 - [MESSAGE][WARNING] - A browser is already opened. Closing browser and opening a new one

2019-05-29 19:50:45 - [MESSAGE][INFO] - Starting 'Chrome' driver

2019-05-29 19:50:51 - [MESSAGE][PASSED] - Browser is opened with url: ''

2019-05-29 19:50:51 - [TEST_STEP][PASSED] - maximizeWindow(): Current window maximized

2019-05-29 19:50:53 - [MESSAGE][PASSED] - Current window maximized

2019-05-29 19:50:53 - [TEST_STEP][PASSED] - navigateToUrl("https://www.genuinegmparts.com"): Navigate to 'https://www.genuinegmparts.com' successfully

2019-05-29 19:50:56 - [MESSAGE][PASSED] - Navigate to 'https://www.genuinegmparts.com' successfully

2019-05-29 19:50:56 - [TEST_STEP][PASSED] - click(findTestObject("Object Repository/Global Nav/For Professionals/ACDelco Shop Tools/li_Forprofessionals")): Object: 'Object Repository/Global Nav/For Professionals/ACDelco Shop Tools/li_Forprofessionals' is clicked on

2019-05-29 19:50:56 - [MESSAGE][PASSED] - Object: 'Object Repository/Global Nav/For Professionals/ACDelco Shop Tools/li_Forprofessionals' is clicked on

[...]
	at New LAD.run(New LAD:30)
	at com.kms.katalon.core.main.ScriptEngine.run(ScriptEngine.java:194)
	at com.kms.katalon.core.main.ScriptEngine.runScriptAsRawText(ScriptEngine.java:119)
	at com.kms.katalon.core.main.TestCaseExecutor.runScript(TestCaseExecutor.java:336)
	at com.kms.katalon.core.main.TestCaseExecutor.doExecute(TestCaseExecutor.java:327)
	at com.kms.katalon.core.main.TestCaseExecutor.processExecutionPhase(TestCaseExecutor.java:306)
	at com.kms.katalon.core.main.TestCaseExecutor.accessMainPhase(TestCaseExecutor.java:298)
	at com.kms.katalon.core.main.TestCaseExecutor.execute(TestCaseExecutor.java:232)
	at com.kms.katalon.core.main.TestSuiteExecutor.accessTestCaseMainPhase(TestSuiteExecutor.java:129)
	at com.kms.katalon.core.main.TestSuiteExecutor.accessTestSuiteMainPhase(TestSuiteExecutor.java:112)
	at com.kms.katalon.core.main.TestSuiteExecutor.execute(TestSuiteExecutor.java:81)
	at com.kms.katalon.core.main.TestCaseMain.startTestSuite(TestCaseMain.java:157)
	at com.kms.katalon.core.main.TestCaseMain$startTestSuite$0.call(Unknown Source)
	at TempTestSuite1559148468563.run(TempTestSuite1559148468563.groovy:35)
Caused by: org.openqa.selenium.ElementClickInterceptedException: element click intercepted: Element <h2 class="dealerName blue">...</h2> is not clickable at point (177, 343). Other element would receive the click: <p>...</p>
  (Session info: chrome=74.0.3729.169)
  (Driver info: chromedriver=74.0.3729.6 (255758eccf3d244491b8a1317aa76e1ce10d57e9-refs/branch-heads/3729@{#29}),platform=Windows NT 10.0.17763 x86_64) (WARNING: The server did not provide any stacktrace information)
Command duration or timeout: 0 milliseconds
Build info: version: '3.7.1', revision: '8a0099a', time: '2017-11-06T21:07:36.161Z'
System info: host: 'BCHOPT-NW100219', ip: '10.69.196.168', os.name: 'Windows 10', os.arch: 'amd64', os.version: '10.0', java.version: '1.8.0_181'
Driver info: com.kms.katalon.selenium.driver.CChromeDriver
Capabilities {acceptInsecureCerts: false, acceptSslCerts: false, applicationCacheEnabled: false, browserConnectionEnabled: false, browserName: chrome, chrome: {chromedriverVersion: 74.0.3729.6 (255758eccf3d24..., userDataDir: C:\Users\ADRIAN~1.DOB\AppDa...}, cssSelectorsEnabled: true, databaseEnabled: false, goog:chromeOptions: {debuggerAddress: localhost:53610}, handlesAlerts: true, hasTouchScreen: false, javascriptEnabled: true, locationContextEnabled: true, mobileEmulationEnabled: false, nativeEvents: true, networkConnectionEnabled: false, pageLoadStrategy: normal, platform: XP, platformName: XP, proxy: Proxy(direct), rotatable: false, setWindowRect: true, strictFileInteractability: false, takesHeapSnapshot: true, takesScreenshot: true, timeouts: {implicit: 0, pageLoad: 300000, script: 30000}, unexpectedAlertBehaviour: ignore, unhandledPromptBehavior: ignore, version: 74.0.3729.169, webStorageEnabled: true}
Session ID: 2b8b00d7b0e2443077c0bfc41d5c3e09
	at org.openqa.selenium.remote.ErrorHandler.createThrowable(ErrorHandler.java:214)
	at org.openqa.selenium.remote.ErrorHandler.throwIfResponseFailed(ErrorHandler.java:166)
	at org.openqa.selenium.remote.http.JsonHttpResponseCodec.reconstructValue(JsonHttpResponseCodec.java:40)
	at org.openqa.selenium.remote.http.AbstractHttpResponseCodec.decode(AbstractHttpResponseCodec.java:80)
	at org.openqa.selenium.remote.http.AbstractHttpResponseCodec.decode(AbstractHttpResponseCodec.java:44)
	at org.openqa.selenium.remote.HttpCommandExecutor.execute(HttpCommandExecutor.java:164)
	at org.openqa.selenium.remote.service.DriverCommandExecutor.execute(DriverCommandExecutor.java:83)
	at org.openqa.selenium.remote.RemoteWebDriver.execute(RemoteWebDriver.java:600)
	at com.kms.katalon.selenium.driver.CChromeDriver.execute(CChromeDriver.java:20)
	at org.openqa.selenium.remote.RemoteWebElement.execute(RemoteWebElement.java:279)
	at org.openqa.selenium.remote.RemoteWebElement.click(RemoteWebElement.java:83)
	at com.kms.katalon.core.webui.keyword.builtin.ClickKeyword$_click_closure1.doCall(ClickKeyword.groovy:79)
	at com.kms.katalon.core.webui.keyword.builtin.ClickKeyword$_click_closure1.call(ClickKeyword.groovy)
	at com.kms.katalon.core.webui.keyword.internal.WebUIKeywordMain.runKeyword(WebUIKeywordMain.groovy:20)
	at com.kms.katalon.core.webui.keyword.builtin.ClickKeyword.click(ClickKeyword.groovy:86)
	at com.kms.katalon.core.webui.keyword.builtin.ClickKeyword.execute(ClickKeyword.groovy:67)
	at com.kms.katalon.core.keyword.internal.KeywordExecutor.executeKeywordForPlatform(KeywordExecutor.groovy:56)
	at com.kms.katalon.core.webui.keyword.WebUiBuiltInKeywords.click(WebUiBuiltInKeywords.groovy:616)
	at com.kms.katalon.core.webui.keyword.WebUiBuiltInKeywords$click$2.call(Unknown Source)
	at Script1558710433475.run(Script1558710433475.groovy:30)
	... 13 more
)
[[ATTACHMENT|C:\\Users\\adrian.dobre\\Katalon Studio\\Genuine GM Parts\\Reports\\GGMP\\Tests\\20190529_194748\\1559149586216.png]]]]></system-out>
         <system-err><![CDATA[2019-05-29 20:06:10 - [TEST_CASE][FAILED] - Test Cases/GGMP/TOOLS/Locate a Dealer/New LAD: Test Cases/GGMP/TOOLS/Locate a Dealer/New LAD FAILED.
Reason:
com.kms.katalon.core.exception.StepFailedException: Unable to click on object 'Object Repository/Locate a Dealer/new LAD/h2_precision auto works'
	at com.kms.katalon.core.webui.keyword.internal.WebUIKeywordMain.stepFailed(WebUIKeywordMain.groovy:64)
	at com.kms.katalon.core.webui.keyword.internal.WebUIKeywordMain.runKeyword(WebUIKeywordMain.groovy:26)
	at com.kms.katalon.core.webui.keyword.builtin.ClickKeyword.click(ClickKeyword.groovy:86)
	at com.kms.katalon.core.webui.keyword.builtin.ClickKeyword.execute(ClickKeyword.groovy:67)
	at com.kms.katalon.core.keyword.internal.KeywordExecutor.executeKeywordForPlatform(KeywordExecutor.groovy:56)
	at com.kms.katalon.core.webui.keyword.WebUiBuiltInKeywords.click(WebUiBuiltInKeywords.groovy:616)
	at com.kms.katalon.core.webui.keyword.WebUiBuiltInKeywords$click$2.call(Unknown Source)
	at New LAD.run(New LAD:30)
	at com.kms.katalon.core.main.ScriptEngine.run(ScriptEngine.java:194)
	at com.kms.katalon.core.main.ScriptEngine.runScriptAsRawText(ScriptEngine.java:119)
	at com.kms.katalon.core.main.TestCaseExecutor.runScript(TestCaseExecutor.java:336)
	at com.kms.katalon.core.main.TestCaseExecutor.doExecute(TestCaseExecutor.java:327)
	at com.kms.katalon.core.main.TestCaseExecutor.processExecutionPhase(TestCaseExecutor.java:306)
	at com.kms.katalon.core.main.TestCaseExecutor.accessMainPhase(TestCaseExecutor.java:298)
	at com.kms.katalon.core.main.TestCaseExecutor.execute(TestCaseExecutor.java:232)
	at com.kms.katalon.core.main.TestSuiteExecutor.accessTestCaseMainPhase(TestSuiteExecutor.java:129)
	at com.kms.katalon.core.main.TestSuiteExecutor.accessTestSuiteMainPhase(TestSuiteExecutor.java:112)
	at com.kms.katalon.core.main.TestSuiteExecutor.execute(TestSuiteExecutor.java:81)
	at com.kms.katalon.core.main.TestCaseMain.startTestSuite(TestCaseMain.java:157)
	at com.kms.katalon.core.main.TestCaseMain$startTestSuite$0.call(Unknown Source)
	at TempTestSuite1559148468563.run(TempTestSuite1559148468563.groovy:35)
Caused by: org.openqa.selenium.ElementClickInterceptedException: element click intercepted: Element <h2 class="dealerName blue">...</h2> is not clickable at point (177, 343). Other element would receive the click: <p>...</p>
  (Session info: chrome=74.0.3729.169)
  (Driver info: chromedriver=74.0.3729.6 (255758eccf3d244491b8a1317aa76e1ce10d57e9-refs/branch-heads/3729@{#29}),platform=Windows NT 10.0.17763 x86_64) (WARNING: The server did not provide any stacktrace information)
Command duration or timeout: 0 milliseconds
Build info: version: '3.7.1', revision: '8a0099a', time: '2017-11-06T21:07:36.161Z'
System info: host: 'BCHOPT-NW100219', ip: '10.69.196.168', os.name: 'Windows 10', os.arch: 'amd64', os.version: '10.0', java.version: '1.8.0_181'
Driver info: com.kms.katalon.selenium.driver.CChromeDriver
Capabilities {acceptInsecureCerts: false, acceptSslCerts: false, applicationCacheEnabled: false, browserConnectionEnabled: false, browserName: chrome, chrome: {chromedriverVersion: 74.0.3729.6 (255758eccf3d24..., userDataDir: C:\Users\ADRIAN~1.DOB\AppDa...}, cssSelectorsEnabled: true, databaseEnabled: false, goog:chromeOptions: {debuggerAddress: localhost:53610}, handlesAlerts: true, hasTouchScreen: false, javascriptEnabled: true, locationContextEnabled: true, mobileEmulationEnabled: false, nativeEvents: true, networkConnectionEnabled: false, pageLoadStrategy: normal, platform: XP, platformName: XP, proxy: Proxy(direct), rotatable: false, setWindowRect: true, strictFileInteractability: false, takesHeapSnapshot: true, takesScreenshot: true, timeouts: {implicit: 0, pageLoad: 300000, script: 30000}, unexpectedAlertBehaviour: ignore, unhandledPromptBehavior: ignore, version: 74.0.3729.169, webStorageEnabled: true}
Session ID: 2b8b00d7b0e2443077c0bfc41d5c3e09
	at org.openqa.selenium.remote.ErrorHandler.createThrowable(ErrorHandler.java:214)
	at org.openqa.selenium.remote.ErrorHandler.throwIfResponseFailed(ErrorHandler.java:166)
	at org.openqa.selenium.remote.http.JsonHttpResponseCodec.reconstructValue(JsonHttpResponseCodec.java:40)
	at org.openqa.selenium.remote.http.AbstractHttpResponseCodec.decode(AbstractHttpResponseCodec.java:80)
	at org.openqa.selenium.remote.http.AbstractHttpResponseCodec.decode(AbstractHttpResponseCodec.java:44)
	at org.openqa.selenium.remote.HttpCommandExecutor.execute(HttpCommandExecutor.java:164)
	at org.openqa.selenium.remote.service.DriverCommandExecutor.execute(DriverCommandExecutor.java:83)
	at org.openqa.selenium.remote.RemoteWebDriver.execute(RemoteWebDriver.java:600)
	at com.kms.katalon.selenium.driver.CChromeDriver.execute(CChromeDriver.java:20)
	at org.openqa.selenium.remote.RemoteWebElement.execute(RemoteWebElement.java:279)
	at org.openqa.selenium.remote.RemoteWebElement.click(RemoteWebElement.java:83)
	at com.kms.katalon.core.webui.keyword.builtin.ClickKeyword$_click_closure1.doCall(ClickKeyword.groovy:79)
	at com.kms.katalon.core.webui.keyword.builtin.ClickKeyword$_click_closure1.call(ClickKeyword.groovy)
	at com.kms.katalon.core.webui.keyword.internal.WebUIKeywordMain.runKeyword(WebUIKeywordMain.groovy:20)
	at com.kms.katalon.core.webui.keyword.builtin.ClickKeyword.click(ClickKeyword.groovy:86)
	at com.kms.katalon.core.webui.keyword.builtin.ClickKeyword.execute(ClickKeyword.groovy:67)
	at com.kms.katalon.core.keyword.internal.KeywordExecutor.executeKeywordForPlatform(KeywordExecutor.groovy:56)
	at com.kms.katalon.core.webui.keyword.WebUiBuiltInKeywords.click(WebUiBuiltInKeywords.groovy:616)
	at com.kms.katalon.core.webui.keyword.WebUiBuiltInKeywords$click$2.call(Unknown Source)
	at Script1558710433475.run(Script1558710433475.groovy:30)
	... 13 more]]></system-err>
      </testcase>
      <testcase name="Test Cases/GGMP/TOOLS/Touch-Up Paint" classname="Test Cases/GGMP/TOOLS/Touch-Up Paint" status="PASSED">
         <system-out><![CDATA[2019-05-29 20:06:27 - [TEST_CASE][PASSED] - Test Cases/GGMP/TOOLS/Touch-Up Paint: Test Cases/GGMP/TOOLS/Touch-Up Paint

2019-05-29 20:06:27 - [TEST_STEP][PASSED] - openBrowser(""): Browser is opened with url: ''

2019-05-29 20:06:27 - [MESSAGE][WARNING] - A browser is already opened. Closing browser and opening a new one

2019-05-29 20:06:29 - [MESSAGE][INFO] - Starting 'Chrome' driver

2019-05-29 20:06:35 - [MESSAGE][PASSED] - Browser is opened with url: ''

2019-05-29 20:06:35 - [TEST_STEP][PASSED] - maximizeWindow(): Current window maximized

2019-05-29 20:06:36 - [MESSAGE][PASSED] - Current window maximized

2019-05-29 20:06:36 - [TEST_STEP][PASSED] - navigateToUrl("https://www.genuinegmparts.com/"): Navigate to 'https://www.genuinegmparts.com/' successfully

2019-05-29 20:06:40 - [MESSAGE][PASSED] - Navigate to 'https://www.genuinegmparts.com/' successfully

2019-05-29 20:06:40 - [TEST_STEP][PASSED] - click(findTestObject("Object Repository/HomePage/TouchUp Paint/li_Collision")): Object: 'Object Repository/HomePage/TouchUp Paint/li_Collision' is clicked on

2019-05-29 20:06:40 - [MESSAGE][PASSED] - Object: 'Object Repository/HomePage/TouchUp Paint/li_Collision' is clicked on

2019-05-29 20:06:40 - [TEST_STEP][PASSED] - click(findTestObject("Object Repository/HomePage/TouchUp Paint/span_Touch-up paint")): Object: 'Object Repository/HomePage/TouchUp Paint/span_Touch-up paint' is clicked on

2019-05-29 20:06:43 - [MESSAGE][PASSED] - Object: 'Object Repository/HomePage/TouchUp Paint/span_Touch-up paint' is clicked on

2019-05-29 20:06:43 - [TEST_STEP][PASSED] - click(findTestObject("Object Repository/HomePage/TouchUp Paint/a_Downloadable Guides")): Object: 'Object Repository/HomePage/TouchUp Paint/a_Downloadable Guides' is clicked on

2019-05-29 20:06:43 - [MESSAGE][PASSED] - Object: 'Object Repository/HomePage/TouchUp Paint/a_Downloadable Guides' is clicked on

2019-05-29 20:06:43 - [TEST_STEP][PASSED] - click(findTestObject("Object Repository/HomePage/TouchUp Paint/span_2018 GM Refinish Materials - GMW-15406-2017")): Object: 'Object Repository/HomePage/TouchUp Paint/span_2018 GM Refinish Materials - GMW-15406-2017' is clicked on

2019-05-29 20:06:43 - [MESSAGE][PASSED] - Object: 'Object Repository/HomePage/TouchUp Paint/span_2018 GM Refinish Materials - GMW-15406-2017' is clicked on

2019-05-29 20:06:43 - [TEST_STEP][PASSED] - closeBrowser(): Browser is closed

2019-05-29 20:06:44 - [MESSAGE][PASSED] - Browser is closed]]></system-out>
         <system-err><![CDATA[]]></system-err>
      </testcase>
      <system-out><![CDATA[2019-05-29 19:47:52 - [TEST_SUITE][FAILED] - Tests: Test Cases/GGMP/GlobalNav/Collision/Collision Parts FAILED.
Reason:
com.kms.katalon.core.exception.StepFailedException: Unable to click on object
	at com.kms.katalon.core.webui.keyword.internal.WebUIKeywordMain.stepFailed(WebUIKeywordMain.groovy:64)
	at com.kms.katalon.core.webui.keyword.internal.WebUIKeywordMain.runKeyword(WebUIKeywordMain.groovy:26)
	at com.kms.katalon.core.webui.keyword.builtin.ClickKeyword.click(ClickKeyword.groovy:86)
	at com.kms.katalon.core.webui.keyword.builtin.ClickKeyword.execute(ClickKeyword.groovy:67)
	at com.kms.katalon.core.keyword.internal.KeywordExecutor.executeKeywordForPlatform(KeywordExecutor.groovy:56)
	at com.kms.katalon.core.webui.keyword.WebUiBuiltInKeywords.click(WebUiBuiltInKeywords.groovy:616)
	at com.kms.katalon.core.webui.keyword.WebUiBuiltInKeywords$click$2.call(Unknown Source)
	at Collision Parts.run(Collision Parts:22)
	at com.kms.katalon.core.main.ScriptEngine.run(ScriptEngine.java:194)
	at com.kms.katalon.core.main.ScriptEngine.runScriptAsRawText(ScriptEngine.java:119)
	at com.kms.katalon.core.main.TestCaseExecutor.runScript(TestCaseExecutor.java:336)
	at com.kms.katalon.core.main.TestCaseExecutor.doExecute(TestCaseExecutor.java:327)
	at com.kms.katalon.core.main.TestCaseExecutor.processExecutionPhase(TestCaseExecutor.java:306)
	at com.kms.katalon.core.main.TestCaseExecutor.accessMainPhase(TestCaseExecutor.java:298)
	at com.kms.katalon.core.main.TestCaseExecutor.execute(TestCaseExecutor.java:232)
	at com.kms.katalon.core.main.TestSuiteExecutor.accessTestCaseMainPhase(TestSuiteExecutor.java:129)
	at com.kms.katalon.core.main.TestSuiteExecutor.accessTestSuiteMainPhase(TestSuiteExecutor.java:112)
	at com.kms.katalon.core.main.TestSuiteExecutor.execute(TestSuiteExecutor.java:81)
	at com.kms.katalon.core.main.TestCaseMain.startTestSuite(TestCaseMain.java:157)
	at com.kms.katalon.core.main.TestCaseMain$startTestSuite$0.call(Unknown Source)
	at TempTestSuite1559148468563.run(TempTestSuite1559148468563.groovy:35)
Caused by: java.lang.IllegalArgumentException: Object is null
	at com.kms.katalon.core.helper.KeywordHelper.checkTestObjectParameter(KeywordHelper.java:33)
	at com.kms.katalon.core.webui.keyword.builtin.ClickKeyword$_click_closure1.doCall(ClickKeyword.groovy:75)
	at com.kms.katalon.core.webui.keyword.builtin.ClickKeyword$_click_closure1.call(ClickKeyword.groovy)
	at com.kms.katalon.core.webui.keyword.internal.WebUIKeywordMain.runKeyword(WebUIKeywordMain.groovy:20)
	at com.kms.katalon.core.webui.keyword.builtin.ClickKeyword.click(ClickKeyword.groovy:86)
	at com.kms.katalon.core.webui.keyword.builtin.ClickKeyword.execute(ClickKeyword.groovy:67)
	at com.kms.katalon.core.keyword.internal.KeywordExecutor.executeKeywordForPlatform(KeywordExecutor.groovy:56)
	at com.kms.katalon.core.webui.keyword.WebUiBuiltInKeywords.click(WebUiBuiltInKeywords.groovy:616)
	at com.kms.katalon.core.webui.keyword.WebUiBuiltInKeywords$click$2.call(Unknown Source)
	at Script1558537550753.run(Script1558537550753.groovy:22)
	... 13 more]]></system-out>
      <system-err><![CDATA[2019-05-29 19:47:52 - [TEST_SUITE][FAILED] - Tests: Test Cases/GGMP/GlobalNav/Collision/Collision Parts FAILED.
Reason:
com.kms.katalon.core.exception.StepFailedException: Unable to click on object
	at com.kms.katalon.core.webui.keyword.internal.WebUIKeywordMain.stepFailed(WebUIKeywordMain.groovy:64)
	at com.kms.katalon.core.webui.keyword.internal.WebUIKeywordMain.runKeyword(WebUIKeywordMain.groovy:26)
	at com.kms.katalon.core.webui.keyword.builtin.ClickKeyword.click(ClickKeyword.groovy:86)
	at com.kms.katalon.core.webui.keyword.builtin.ClickKeyword.execute(ClickKeyword.groovy:67)
	at com.kms.katalon.core.keyword.internal.KeywordExecutor.executeKeywordForPlatform(KeywordExecutor.groovy:56)
	at com.kms.katalon.core.webui.keyword.WebUiBuiltInKeywords.click(WebUiBuiltInKeywords.groovy:616)
	at com.kms.katalon.core.webui.keyword.WebUiBuiltInKeywords$click$2.call(Unknown Source)
	at Collision Parts.run(Collision Parts:22)
	at com.kms.katalon.core.main.ScriptEngine.run(ScriptEngine.java:194)
	at com.kms.katalon.core.main.ScriptEngine.runScriptAsRawText(ScriptEngine.java:119)
	at com.kms.katalon.core.main.TestCaseExecutor.runScript(TestCaseExecutor.java:336)
	at com.kms.katalon.core.main.TestCaseExecutor.doExecute(TestCaseExecutor.java:327)
	at com.kms.katalon.core.main.TestCaseExecutor.processExecutionPhase(TestCaseExecutor.java:306)
	at com.kms.katalon.core.main.TestCaseExecutor.accessMainPhase(TestCaseExecutor.java:298)
	at com.kms.katalon.core.main.TestCaseExecutor.execute(TestCaseExecutor.java:232)
	at com.kms.katalon.core.main.TestSuiteExecutor.accessTestCaseMainPhase(TestSuiteExecutor.java:129)
	at com.kms.katalon.core.main.TestSuiteExecutor.accessTestSuiteMainPhase(TestSuiteExecutor.java:112)
	at com.kms.katalon.core.main.TestSuiteExecutor.execute(TestSuiteExecutor.java:81)
	at com.kms.katalon.core.main.TestCaseMain.startTestSuite(TestCaseMain.java:157)
	at com.kms.katalon.core.main.TestCaseMain$startTestSuite$0.call(Unknown Source)
	at TempTestSuite1559148468563.run(TempTestSuite1559148468563.groovy:35)
Caused by: java.lang.IllegalArgumentException: Object is null
	at com.kms.katalon.core.helper.KeywordHelper.checkTestObjectParameter(KeywordHelper.java:33)
	at com.kms.katalon.core.webui.keyword.builtin.ClickKeyword$_click_closure1.doCall(ClickKeyword.groovy:75)
	at com.kms.katalon.core.webui.keyword.builtin.ClickKeyword$_click_closure1.call(ClickKeyword.groovy)
	at com.kms.katalon.core.webui.keyword.internal.WebUIKeywordMain.runKeyword(WebUIKeywordMain.groovy:20)
	at com.kms.katalon.core.webui.keyword.builtin.ClickKeyword.click(ClickKeyword.groovy:86)
	at com.kms.katalon.core.webui.keyword.builtin.ClickKeyword.execute(ClickKeyword.groovy:67)
	at com.kms.katalon.core.keyword.internal.KeywordExecutor.executeKeywordForPlatform(KeywordExecutor.groovy:56)
	at com.kms.katalon.core.webui.keyword.WebUiBuiltInKeywords.click(WebUiBuiltInKeywords.groovy:616)
	at com.kms.katalon.core.webui.keyword.WebUiBuiltInKeywords$click$2.call(Unknown Source)
	at Script1558537550753.run(Script1558537550753.groovy:22)
	... 13 more]]></system-err>
   </testsuite>
</testsuites>
